# wikitext submit.py log — method_esn-ridge-readout_pass_1  SEED=0 — 2026-05-17T13:30:59+00:00Z
[modal] launching A100-80GB  SEED=0 ...
✓ Initialized. View run at 
https://modal.com/apps/ab-10/main/ap-QzDZSZASit4LLspNuFHrKF
✓ Created objects.
├── 🔨 Created mount /home/seneca/wikitext/submit.py
├── 🔨 Created mount /home/seneca/wikitext/verify_nvml.py
├── 🔨 Created mount /home/seneca/wikitext/task.py
├── 🔨 Created mount /home/seneca/wikitext/run_eval.py
├── 🔨 Created mount /home/seneca/wikitext/wikitext.py
└── 🔨 Created function run_submission.
[modal] SEED=0 (calibration run)
[modal] verifying NVML energy counter ...
GPU: NVIDIA A100-SXM4-80GB
sampling idle power for 3s ...
  idle: 61.5 W
running 30s stress workload ...
/usr/local/lib/python3.11/site-packages/torch/_subclasses/functional_tensor.py:295: UserWarning: Failed to initialize NumPy: No module named 'numpy' (Triggered internally at ../torch/csrc/utils/tensor_numpy.cpp:84.)
  cpu = _conversion_method_template(device=torch.device("cpu"))
  duration:       36.8 s
  energy delta:   12,195.5 J
  avg power:      331.3 W
  monotonic:      True
---
{"nvml_available": true, "energy_counter_supported": true, "monotonic": true, "idle_watts": 61.46030508474585, "stress_watts_avg": 331.2706735444254, "stress_energy_joules": 12195.503, "stress_duration_s": 36.814315222999994, "gpu_name": "NVIDIA A100-SXM4-80GB", "notes": []}
[modal] running submission (TEST_CHARS=60000 MAX_TRAIN_SECONDS=300.0 ACC_MIN=0.7) ...
loading WikiText-103 from /data ...
  train chars: 540,095,682
  val   chars: 60,000  (scored, gated by --acc-min)
train wall-clock cap: 300 s
val accuracy floor : 0.7000
/usr/local/lib/python3.11/site-packages/torch/_subclasses/functional_tensor.py:295: UserWarning: Failed to initialize NumPy: No module named 'numpy' (Triggered internally at ../torch/csrc/utils/tensor_numpy.cpp:84.)
  cpu = _conversion_method_template(device=torch.device("cpu"))
training submission /workspace/method_esn-ridge-readout_pass_1.py ...
[esn] seed=0 N=8192 density=0.05 rho=0.95 leak=0.3 input_scale=0.5 N_train=2000000 washout=1000 lambda=0.01
/workspace/method_esn-ridge-readout_pass_1.py:76: UserWarning: Sparse CSR tensor support is in beta state. If you miss a functionality in the sparse tensor support, please submit a feature request to https://github.com/pytorch/pytorch/issues. (Triggered internally at ../aten/src/ATen/SparseCsrTensorImpl.cpp:53.)
  W_sparse = W_dense.to_sparse_csr()
[esn] reservoir built in 0.89s
[esn] training on 2,000,000 bytes (avail 541,096,898)
[esn] streamed 100,000 states (7,147 st/s, elapsed 14.0s)
[esn] streamed 200,000 states (7,106 st/s, elapsed 28.1s)
[esn] streamed 300,000 states (7,131 st/s, elapsed 42.1s)
[esn] streamed 400,000 states (7,134 st/s, elapsed 56.1s)
[esn] streamed 500,000 states (7,123 st/s, elapsed 70.2s)
[esn] streamed 600,000 states (7,117 st/s, elapsed 84.3s)
[esn] streamed 700,000 states (7,114 st/s, elapsed 98.4s)
[esn] streamed 800,000 states (7,115 st/s, elapsed 112.4s)
[esn] streamed 900,000 states (7,113 st/s, elapsed 126.5s)
[esn] streamed 1,000,000 states (7,105 st/s, elapsed 140.7s)
[esn] streamed 1,100,000 states (7,101 st/s, elapsed 154.9s)
[esn] streamed 1,200,000 states (7,105 st/s, elapsed 168.9s)
[esn] streamed 1,300,000 states (7,106 st/s, elapsed 183.0s)
[esn] streamed 1,400,000 states (7,103 st/s, elapsed 197.1s)
[esn] streamed 1,500,000 states (7,102 st/s, elapsed 211.2s)
[esn] streamed 1,600,000 states (7,098 st/s, elapsed 225.4s)
[esn] streamed 1,700,000 states (7,094 st/s, elapsed 239.6s)
[esn] streamed 1,800,000 states (7,073 st/s, elapsed 254.5s)
[esn] streamed 1,900,000 states (7,071 st/s, elapsed 268.7s)
[esn] streamed 1,999,000 states in 283.0s
[esn] trace(XtX)/N = 8.106e+04  ridge = 810.6
[esn] ridge solve in 0.28s
training: 29,762.4 J   duration=285.3s
evaluating on val split ...
  eval      1,200/60,000 (  2.0%)  acc=0.3133     4013 char/s  eta=    15s
  eval      2,400/60,000 (  4.0%)  acc=0.3346     4227 char/s  eta=    14s
  eval      3,600/60,000 (  6.0%)  acc=0.3478     4303 char/s  eta=    13s
  eval      4,800/60,000 (  8.0%)  acc=0.3519     4329 char/s  eta=    13s
  eval      6,000/60,000 ( 10.0%)  acc=0.3475     4353 char/s  eta=    12s
  eval      7,200/60,000 ( 12.0%)  acc=0.3481     4373 char/s  eta=    12s
  eval      8,400/60,000 ( 14.0%)  acc=0.3473     4385 char/s  eta=    12s
  eval      9,600/60,000 ( 16.0%)  acc=0.3486     4393 char/s  eta=    11s
  eval     10,800/60,000 ( 18.0%)  acc=0.3504     4397 char/s  eta=    11s
  eval     12,000/60,000 ( 20.0%)  acc=0.3479     4402 char/s  eta=    11s
  eval     13,200/60,000 ( 22.0%)  acc=0.3464     4398 char/s  eta=    11s
  eval     14,400/60,000 ( 24.0%)  acc=0.3457     4402 char/s  eta=    10s
  eval     15,600/60,000 ( 26.0%)  acc=0.3438     4408 char/s  eta=    10s
  eval     16,800/60,000 ( 28.0%)  acc=0.3446     4404 char/s  eta=    10s
  eval     18,000/60,000 ( 30.0%)  acc=0.3427     4401 char/s  eta=    10s
  eval     19,200/60,000 ( 32.0%)  acc=0.3432     4398 char/s  eta=     9s
  eval     20,400/60,000 ( 34.0%)  acc=0.3442     4396 char/s  eta=     9s
  eval     21,600/60,000 ( 36.0%)  acc=0.3432     4396 char/s  eta=     9s
  eval     22,800/60,000 ( 38.0%)  acc=0.3434     4394 char/s  eta=     8s
  eval     24,000/60,000 ( 40.0%)  acc=0.3445     4396 char/s  eta=     8s
  eval     25,200/60,000 ( 42.0%)  acc=0.3445     4395 char/s  eta=     8s
  eval     26,400/60,000 ( 44.0%)  acc=0.3467     4394 char/s  eta=     8s
  eval     27,600/60,000 ( 46.0%)  acc=0.3468     4393 char/s  eta=     7s
  eval     28,800/60,000 ( 48.0%)  acc=0.3466     4395 char/s  eta=     7s
  eval     30,000/60,000 ( 50.0%)  acc=0.3461     4395 char/s  eta=     7s
  eval     31,200/60,000 ( 52.0%)  acc=0.3450     4391 char/s  eta=     7s
  eval     32,400/60,000 ( 54.0%)  acc=0.3439     4392 char/s  eta=     6s
  eval     33,600/60,000 ( 56.0%)  acc=0.3435     4390 char/s  eta=     6s
  eval     34,800/60,000 ( 58.0%)  acc=0.3425     4388 char/s  eta=     6s
  eval     36,000/60,000 ( 60.0%)  acc=0.3422     4390 char/s  eta=     5s
  eval     37,200/60,000 ( 62.0%)  acc=0.3427     4388 char/s  eta=     5s
  eval     38,400/60,000 ( 64.0%)  acc=0.3426     4387 char/s  eta=     5s
  eval     39,600/60,000 ( 66.0%)  acc=0.3428     4386 char/s  eta=     5s
  eval     40,800/60,000 ( 68.0%)  acc=0.3425     4385 char/s  eta=     4s
  eval     42,000/60,000 ( 70.0%)  acc=0.3436     4384 char/s  eta=     4s
  eval     43,200/60,000 ( 72.0%)  acc=0.3435     4385 char/s  eta=     4s
  eval     44,400/60,000 ( 74.0%)  acc=0.3439     4385 char/s  eta=     4s
  eval     45,600/60,000 ( 76.0%)  acc=0.3441     4385 char/s  eta=     3s
  eval     46,800/60,000 ( 78.0%)  acc=0.3443     4385 char/s  eta=     3s
  eval     48,000/60,000 ( 80.0%)  acc=0.3447     4385 char/s  eta=     3s
  eval     49,200/60,000 ( 82.0%)  acc=0.3447     4384 char/s  eta=     2s
  eval     50,400/60,000 ( 84.0%)  acc=0.3459     4384 char/s  eta=     2s
  eval     51,600/60,000 ( 86.0%)  acc=0.3453     4384 char/s  eta=     2s
  eval     52,800/60,000 ( 88.0%)  acc=0.3448     4383 char/s  eta=     2s
  eval     54,000/60,000 ( 90.0%)  acc=0.3448     4362 char/s  eta=     1s
  eval     55,200/60,000 ( 92.0%)  acc=0.3448     4343 char/s  eta=     1s
  eval     56,400/60,000 ( 94.0%)  acc=0.3451     4344 char/s  eta=     1s
  eval     57,600/60,000 ( 96.0%)  acc=0.3453     4327 char/s  eta=     1s
  eval     58,800/60,000 ( 98.0%)  acc=0.3463     4309 char/s  eta=     0s
  eval     60,000/60,000 (100.0%)  acc=0.3467     4293 char/s  eta=     0s
chars=60,000  acc=0.3467  eval_duration=14.0s
---
DISQUALIFIED: val accuracy 0.3467 below floor 0.7000
submission         : method_esn-ridge-readout_pass_1
training energy (J): 29,762.4
training duration  : 285.3s
wrote /tmp/result.json
Stopping app - local entrypoint completed.
✓ App completed. View run at 
https://modal.com/apps/ab-10/main/ap-QzDZSZASit4LLspNuFHrKF

# final result
{
  "submission": "method_esn-ridge-readout_pass_1",
  "disqualified": true,
  "reason": "val_accuracy_below_floor",
  "acc_min": 0.7,
  "val_char_accuracy": 0.34673333333333334,
  "val_chars": 60000,
  "training_energy_J": 29762.3592535,
  "training_duration_s": 285.31265493,
  "gpu_name": "NVIDIA A100-SXM4-80GB",
  "date_utc": "2026-05-17T13:37:07Z",
  "_nvml": {
    "nvml_available": true,
    "energy_counter_supported": true,
    "monotonic": true,
    "idle_watts": 61.46030508474585,
    "stress_watts_avg": 331.2706735444254,
    "stress_energy_joules": 12195.503,
    "stress_duration_s": 36.814315222999994,
    "gpu_name": "NVIDIA A100-SXM4-80GB",
    "notes": []
  },
  "seed": 0,
  "contributor": "@survey-esn"
}
