# wikitext submit.py log — method_forward-forward-causal_pass_2  SEED=0 — 2026-05-17T13:47:23+00:00Z
[modal] launching A100-80GB  SEED=0 ...
✓ Initialized. View run at 
https://modal.com/apps/ab-10/main/ap-bsx1nWM9r5uCHqE2ogl0QE
✓ Created objects.
├── 🔨 Created mount /home/seneca/wikitext/submit.py
├── 🔨 Created mount /home/seneca/wikitext/verify_nvml.py
├── 🔨 Created mount /home/seneca/wikitext/task.py
├── 🔨 Created mount /home/seneca/wikitext/wikitext.py
├── 🔨 Created mount /home/seneca/wikitext/run_eval.py
└── 🔨 Created function run_submission.
[modal] SEED=0 (calibration run)
[modal] verifying NVML energy counter ...
GPU: NVIDIA A100-SXM4-80GB
sampling idle power for 3s ...
  idle: 60.5 W
running 30s stress workload ...
/usr/local/lib/python3.11/site-packages/torch/_subclasses/functional_tensor.py:295: UserWarning: Failed to initialize NumPy: No module named 'numpy' (Triggered internally at ../torch/csrc/utils/tensor_numpy.cpp:84.)
  cpu = _conversion_method_template(device=torch.device("cpu"))
  duration:       37.9 s
  energy delta:   12,138.0 J
  avg power:      320.3 W
  monotonic:      True
---
{"nvml_available": true, "energy_counter_supported": true, "monotonic": true, "idle_watts": 60.51200000000005, "stress_watts_avg": 320.34572251129447, "stress_energy_joules": 12137.967, "stress_duration_s": 37.890210941, "gpu_name": "NVIDIA A100-SXM4-80GB", "notes": []}
[modal] running submission (TEST_CHARS=60000 MAX_TRAIN_SECONDS=300.0 ACC_MIN=0.7) ...
loading WikiText-103 from /data ...
  train chars: 540,095,682
  val   chars: 60,000  (scored, gated by --acc-min)
train wall-clock cap: 300 s
val accuracy floor : 0.7000
/usr/local/lib/python3.11/site-packages/torch/_subclasses/functional_tensor.py:295: UserWarning: Failed to initialize NumPy: No module named 'numpy' (Triggered internally at ../torch/csrc/utils/tensor_numpy.cpp:84.)
  cpu = _conversion_method_template(device=torch.device("cpu"))
training submission /workspace/method_forward-forward-causal_pass_2.py ...
[ff] SEED=0
[ff] 3.05M params  layers=5 width=384 K=24 theta=2.0 bs=256 steps=14000
[ff] step     0/14000  loss(sum) 8.5245  G_pos 0.171  G_neg 0.172  elapsed 1s
[ff] step   500  hard-neg ridge refit (20000 samples, 0.48s)
[ff] step  1000  hard-neg ridge refit (20000 samples, 0.05s)
[ff] step  1000/14000  loss(sum) 5.5107  G_pos 2.055  G_neg 1.961  elapsed 8s
[ff] step  1500  hard-neg ridge refit (20000 samples, 0.05s)
[ff] step  2000  hard-neg ridge refit (20000 samples, 0.05s)
[ff] step  2000/14000  loss(sum) 5.4107  G_pos 2.062  G_neg 1.875  elapsed 15s
[ff] step  2500  hard-neg ridge refit (20000 samples, 0.05s)
[ff] step  3000  hard-neg ridge refit (20000 samples, 0.05s)
[ff] step  3000/14000  loss(sum) 5.5415  G_pos 2.140  G_neg 2.033  elapsed 22s
[ff] step  3500  hard-neg ridge refit (20000 samples, 0.05s)
[ff] step  4000  hard-neg ridge refit (20000 samples, 0.05s)
[ff] step  4000/14000  loss(sum) 5.3598  G_pos 2.011  G_neg 1.833  elapsed 29s
[ff] step  4500  hard-neg ridge refit (20000 samples, 0.05s)
[ff] step  5000  hard-neg ridge refit (20000 samples, 0.05s)
[ff] step  5000/14000  loss(sum) 5.3667  G_pos 2.193  G_neg 1.966  elapsed 37s
[ff] step  5500  hard-neg ridge refit (20000 samples, 0.05s)
[ff] step  6000  hard-neg ridge refit (20000 samples, 0.05s)
[ff] step  6000/14000  loss(sum) 5.2784  G_pos 2.203  G_neg 1.928  elapsed 44s
[ff] step  6500  hard-neg ridge refit (20000 samples, 0.05s)
[ff] step  7000  hard-neg ridge refit (20000 samples, 0.05s)
[ff] step  7000/14000  loss(sum) 5.4022  G_pos 2.051  G_neg 1.901  elapsed 51s
[ff] step  7500  hard-neg ridge refit (20000 samples, 0.05s)
[ff] step  8000  hard-neg ridge refit (20000 samples, 0.05s)
[ff] step  8000/14000  loss(sum) 5.3039  G_pos 2.148  G_neg 1.896  elapsed 58s
[ff] step  8500  hard-neg ridge refit (20000 samples, 0.05s)
[ff] step  9000  hard-neg ridge refit (20000 samples, 0.05s)
[ff] step  9000/14000  loss(sum) 5.2705  G_pos 2.169  G_neg 1.891  elapsed 66s
[ff] step  9500  hard-neg ridge refit (20000 samples, 0.05s)
[ff] step 10000  hard-neg ridge refit (20000 samples, 0.05s)
[ff] step 10000/14000  loss(sum) 5.3059  G_pos 2.125  G_neg 1.896  elapsed 73s
[ff] step 10500  hard-neg ridge refit (20000 samples, 0.05s)
[ff] step 11000  hard-neg ridge refit (20000 samples, 0.05s)
[ff] step 11000/14000  loss(sum) 5.1542  G_pos 2.160  G_neg 1.798  elapsed 80s
[ff] step 11500  hard-neg ridge refit (20000 samples, 0.05s)
[ff] step 12000  hard-neg ridge refit (20000 samples, 0.05s)
[ff] step 12000/14000  loss(sum) 5.2037  G_pos 2.170  G_neg 1.872  elapsed 87s
[ff] step 12500  hard-neg ridge refit (20000 samples, 0.05s)
[ff] step 13000  hard-neg ridge refit (20000 samples, 0.05s)
[ff] step 13000/14000  loss(sum) 5.0782  G_pos 2.253  G_neg 1.854  elapsed 95s
[ff] step 13500  hard-neg ridge refit (20000 samples, 0.05s)
[ff] step 13999/14000  loss(sum) 5.2793  G_pos 2.104  G_neg 1.853  elapsed 102s
[ridge] N_fit=80000  D=1536  lam=1.0  W.shape=(1536, 256)  fit_s=0.2
[ridge] train_subset_acc=0.2951  (n=20000)
training: 3,845.3 J   duration=105.7s
evaluating on val split ...
  eval      1,200/60,000 (  2.0%)  acc=0.2475      903 char/s  eta=    65s
  eval      2,400/60,000 (  4.0%)  acc=0.2658      910 char/s  eta=    63s
  eval      3,600/60,000 (  6.0%)  acc=0.2744      910 char/s  eta=    62s
  eval      4,800/60,000 (  8.0%)  acc=0.2785      922 char/s  eta=    60s
  eval      6,000/60,000 ( 10.0%)  acc=0.2762      918 char/s  eta=    59s
  eval      7,200/60,000 ( 12.0%)  acc=0.2790      920 char/s  eta=    57s
  eval      8,400/60,000 ( 14.0%)  acc=0.2789      919 char/s  eta=    56s
  eval      9,600/60,000 ( 16.0%)  acc=0.2802      919 char/s  eta=    55s
  eval     10,800/60,000 ( 18.0%)  acc=0.2797      920 char/s  eta=    54s
  eval     12,000/60,000 ( 20.0%)  acc=0.2786      919 char/s  eta=    52s
  eval     13,200/60,000 ( 22.0%)  acc=0.2768      918 char/s  eta=    51s
  eval     14,400/60,000 ( 24.0%)  acc=0.2742      918 char/s  eta=    50s
  eval     15,600/60,000 ( 26.0%)  acc=0.2718      918 char/s  eta=    48s
  eval     16,800/60,000 ( 28.0%)  acc=0.2705      918 char/s  eta=    47s
  eval     18,000/60,000 ( 30.0%)  acc=0.2690      916 char/s  eta=    46s
  eval     19,200/60,000 ( 32.0%)  acc=0.2681      916 char/s  eta=    45s
  eval     20,400/60,000 ( 34.0%)  acc=0.2684      916 char/s  eta=    43s
  eval     21,600/60,000 ( 36.0%)  acc=0.2679      916 char/s  eta=    42s
  eval     22,800/60,000 ( 38.0%)  acc=0.2680      916 char/s  eta=    41s
  eval     24,000/60,000 ( 40.0%)  acc=0.2699      917 char/s  eta=    39s
  eval     25,200/60,000 ( 42.0%)  acc=0.2705      914 char/s  eta=    38s
  eval     26,400/60,000 ( 44.0%)  acc=0.2721      914 char/s  eta=    37s
  eval     27,600/60,000 ( 46.0%)  acc=0.2736      914 char/s  eta=    35s
  eval     28,800/60,000 ( 48.0%)  acc=0.2732      914 char/s  eta=    34s
  eval     30,000/60,000 ( 50.0%)  acc=0.2729      915 char/s  eta=    33s
  eval     31,200/60,000 ( 52.0%)  acc=0.2727      916 char/s  eta=    31s
  eval     32,400/60,000 ( 54.0%)  acc=0.2728      916 char/s  eta=    30s
  eval     33,600/60,000 ( 56.0%)  acc=0.2729      917 char/s  eta=    29s
  eval     34,800/60,000 ( 58.0%)  acc=0.2728      918 char/s  eta=    27s
  eval     36,000/60,000 ( 60.0%)  acc=0.2730      918 char/s  eta=    26s
  eval     37,200/60,000 ( 62.0%)  acc=0.2740      918 char/s  eta=    25s
  eval     38,400/60,000 ( 64.0%)  acc=0.2743      919 char/s  eta=    24s
  eval     39,600/60,000 ( 66.0%)  acc=0.2746      919 char/s  eta=    22s
  eval     40,800/60,000 ( 68.0%)  acc=0.2747      919 char/s  eta=    21s
  eval     42,000/60,000 ( 70.0%)  acc=0.2753      919 char/s  eta=    20s
  eval     43,200/60,000 ( 72.0%)  acc=0.2763      919 char/s  eta=    18s
  eval     44,400/60,000 ( 74.0%)  acc=0.2773      919 char/s  eta=    17s
  eval     45,600/60,000 ( 76.0%)  acc=0.2772      919 char/s  eta=    16s
  eval     46,800/60,000 ( 78.0%)  acc=0.2779      919 char/s  eta=    14s
  eval     48,000/60,000 ( 80.0%)  acc=0.2784      919 char/s  eta=    13s
  eval     49,200/60,000 ( 82.0%)  acc=0.2785      919 char/s  eta=    12s
  eval     50,400/60,000 ( 84.0%)  acc=0.2791      919 char/s  eta=    10s
  eval     51,600/60,000 ( 86.0%)  acc=0.2786      919 char/s  eta=     9s
  eval     52,800/60,000 ( 88.0%)  acc=0.2780      919 char/s  eta=     8s
  eval     54,000/60,000 ( 90.0%)  acc=0.2781      919 char/s  eta=     7s
  eval     55,200/60,000 ( 92.0%)  acc=0.2778      920 char/s  eta=     5s
  eval     56,400/60,000 ( 94.0%)  acc=0.2774      920 char/s  eta=     4s
  eval     57,600/60,000 ( 96.0%)  acc=0.2777      920 char/s  eta=     3s
  eval     58,800/60,000 ( 98.0%)  acc=0.2788      920 char/s  eta=     1s
  eval     60,000/60,000 (100.0%)  acc=0.2792      920 char/s  eta=     0s
chars=60,000  acc=0.2792  eval_duration=65.2s
---
DISQUALIFIED: val accuracy 0.2792 below floor 0.7000
submission         : method_forward-forward-causal_pass_2
training energy (J): 3,845.3
training duration  : 105.7s
wrote /tmp/result.json
Stopping app - local entrypoint completed.
✓ App completed. View run at 
https://modal.com/apps/ab-10/main/ap-bsx1nWM9r5uCHqE2ogl0QE

# final result
{
  "submission": "method_forward-forward-causal_pass_2",
  "disqualified": true,
  "reason": "val_accuracy_below_floor",
  "acc_min": 0.7,
  "val_char_accuracy": 0.27915,
  "val_chars": 60000,
  "training_energy_J": 3845.3228876499998,
  "training_duration_s": 105.650782247,
  "gpu_name": "NVIDIA A100-SXM4-80GB",
  "date_utc": "2026-05-17T13:51:05Z",
  "_nvml": {
    "nvml_available": true,
    "energy_counter_supported": true,
    "monotonic": true,
    "idle_watts": 60.51200000000005,
    "stress_watts_avg": 320.34572251129447,
    "stress_energy_joules": 12137.967,
    "stress_duration_s": 37.890210941,
    "gpu_name": "NVIDIA A100-SXM4-80GB",
    "notes": []
  },
  "seed": 0,
  "contributor": "@survey-ff-p2"
}
