# wikitext submit.py log — diffusionblocks_ar — 2026-05-28T18:29:45+00:00Z
[modal] launching A100-80GB ...
✓ Initialized. View run at 
https://modal.com/apps/ab-10/main/ap-mg0BXpJCQZPtzulfvUyaUj
✓ Created objects.
├── 🔨 Created mount /home/seneca/wikitext-diffusion/submit.py
├── 🔨 Created mount /home/seneca/wikitext-diffusion/task.py
├── 🔨 Created mount /home/seneca/wikitext-diffusion/verify_nvml.py
├── 🔨 Created mount /home/seneca/wikitext-diffusion/run_eval.py
├── 🔨 Created mount /home/seneca/wikitext-diffusion/wikitext.py
└── 🔨 Created function run_submission.
[modal] verifying NVML energy counter ...
GPU: NVIDIA A100-SXM4-80GB
sampling idle power for 3s ...
  idle: 63.3 W
running 30s stress workload ...
  duration:       37.5 s
  energy delta:   12,209.1 J
  avg power:      325.4 W
  monotonic:      True
---
{"nvml_available": true, "energy_counter_supported": true, "monotonic": true, "idle_watts": 63.2613333333333, "stress_watts_avg": 325.3793339344124, "stress_energy_joules": 12209.129, "stress_duration_s": 37.522754909999996, "gpu_name": "NVIDIA A100-SXM4-80GB", "notes": []}
[modal] running submission (TEST_CHARS=60000 MAX_TRAIN_SECONDS=300.0 ACC_MIN=0.7) ...
loading WikiText-103 from /data ...
  train chars: 540,095,682
  val   chars: 60,000  (scored, gated by --acc-min)
train wall-clock cap: 300 s
val accuracy floor : 0.7000
training submission /workspace/diffusionblocks_ar.py ...
[codecarbon WARNING @ 18:30:48] Multiple instances of codecarbon are allowed to run at the same time.
[dblocks] σ_data calibrated to 0.0510
[dblocks] block boundaries: [0.0020, 0.1796, 0.5050, 80.0000]
[dblocks] 12.35M params  cfg=TrainConfig(d=384 L=6 B=3 bs=32 T=1024 steps=6450 γ=0.1 λ_ce=1.0)
[dblocks] step     0/6450  b=0 σ=0.027  loss=1.9989 (l2=1.999 ce=0.000)  b0=1.999(1)  b1=nan(0)  b2=nan(0)  elapsed=2s
[dblocks] step   200/6450  b=0 σ=0.181  loss=0.4971 (l2=0.361 ce=0.136)  b0=0.858(62)  b1=1.709(68)  b2=3.392(71)  elapsed=9s
[dblocks] step   400/6450  b=0 σ=0.216  loss=0.4911 (l2=0.245 ce=0.246)  b0=0.488(124)  b1=1.343(136)  b2=2.991(141)  elapsed=17s
[dblocks] step   600/6450  b=0 σ=0.091  loss=0.2886 (l2=0.282 ce=0.007)  b0=0.433(191)  b1=1.196(197)  b2=2.623(213)  elapsed=24s
[dblocks] step   800/6450  b=1 σ=0.233  loss=0.3810 (l2=0.260 ce=0.121)  b0=0.380(249)  b1=1.039(272)  b2=2.593(280)  elapsed=31s
[dblocks] step  1000/6450  b=0 σ=0.102  loss=0.2375 (l2=0.232 ce=0.005)  b0=0.412(302)  b1=0.930(344)  b2=2.469(355)  elapsed=39s
[dblocks] step  1200/6450  b=1 σ=0.165  loss=0.1493 (l2=0.138 ce=0.011)  b0=0.452(361)  b1=0.739(413)  b2=2.397(427)  elapsed=46s
[dblocks] step  1400/6450  b=1 σ=0.507  loss=1.9235 (l2=0.596 ce=1.327)  b0=0.322(430)  b1=0.877(485)  b2=2.118(486)  elapsed=54s
[dblocks] step  1600/6450  b=0 σ=0.076  loss=0.3327 (l2=0.329 ce=0.004)  b0=0.365(493)  b1=0.736(556)  b2=1.976(552)  elapsed=61s
[dblocks] step  1800/6450  b=0 σ=0.240  loss=0.2807 (l2=0.146 ce=0.135)  b0=0.316(548)  b1=0.649(618)  b2=2.063(635)  elapsed=69s
[dblocks] step  2000/6450  b=0 σ=0.262  loss=0.5175 (l2=0.179 ce=0.338)  b0=0.315(625)  b1=0.803(689)  b2=1.894(687)  elapsed=76s
[dblocks] step  2200/6450  b=2 σ=0.381  loss=1.0636 (l2=0.448 ce=0.616)  b0=0.347(695)  b1=0.756(742)  b2=1.724(764)  elapsed=84s
[dblocks] step  2400/6450  b=2 σ=0.553  loss=1.7879 (l2=0.599 ce=1.189)  b0=0.311(760)  b1=0.772(805)  b2=2.013(836)  elapsed=91s
[dblocks] step  2600/6450  b=0 σ=0.071  loss=0.3507 (l2=0.350 ce=0.001)  b0=0.318(825)  b1=0.770(869)  b2=1.825(907)  elapsed=99s
[dblocks] step  2800/6450  b=2 σ=1.189  loss=2.4096 (l2=0.709 ce=1.701)  b0=0.329(891)  b1=0.760(942)  b2=1.913(968)  elapsed=106s
[dblocks] step  3000/6450  b=1 σ=0.474  loss=1.6888 (l2=0.517 ce=1.172)  b0=0.322(943)  b1=0.793(1019)  b2=1.958(1039)  elapsed=114s
[dblocks] step  3200/6450  b=2 σ=0.714  loss=1.9766 (l2=0.631 ce=1.345)  b0=0.265(1012)  b1=0.638(1086)  b2=1.917(1103)  elapsed=121s
[dblocks] step  3400/6450  b=2 σ=0.308  loss=0.5931 (l2=0.301 ce=0.292)  b0=0.378(1073)  b1=0.638(1154)  b2=1.679(1174)  elapsed=129s
[dblocks] step  3600/6450  b=2 σ=0.360  loss=0.8794 (l2=0.384 ce=0.496)  b0=0.271(1135)  b1=0.642(1229)  b2=1.733(1237)  elapsed=136s
[dblocks] step  3800/6450  b=0 σ=0.138  loss=0.1272 (l2=0.120 ce=0.007)  b0=0.247(1202)  b1=0.670(1294)  b2=1.744(1305)  elapsed=144s
[dblocks] step  4000/6450  b=0 σ=0.045  loss=0.5505 (l2=0.550 ce=0.001)  b0=0.290(1271)  b1=0.655(1346)  b2=1.747(1384)  elapsed=151s
[dblocks] step  4200/6450  b=0 σ=0.037  loss=0.6219 (l2=0.622 ce=0.000)  b0=0.272(1340)  b1=0.645(1416)  b2=1.810(1445)  elapsed=159s
[dblocks] step  4400/6450  b=0 σ=0.280  loss=0.5562 (l2=0.203 ce=0.353)  b0=0.266(1415)  b1=0.684(1472)  b2=1.806(1514)  elapsed=166s
[dblocks] step  4600/6450  b=0 σ=0.251  loss=0.2803 (l2=0.140 ce=0.141)  b0=0.264(1480)  b1=0.710(1535)  b2=1.591(1586)  elapsed=174s
[dblocks] step  4800/6450  b=0 σ=0.195  loss=0.0994 (l2=0.079 ce=0.021)  b0=0.249(1540)  b1=0.694(1606)  b2=1.573(1655)  elapsed=181s
[dblocks] step  5000/6450  b=0 σ=0.264  loss=0.3336 (l2=0.146 ce=0.188)  b0=0.270(1612)  b1=0.638(1666)  b2=1.829(1723)  elapsed=189s
[dblocks] step  5200/6450  b=0 σ=0.242  loss=0.2380 (l2=0.118 ce=0.120)  b0=0.230(1690)  b1=0.636(1734)  b2=1.635(1777)  elapsed=196s
[dblocks] step  5400/6450  b=1 σ=0.290  loss=0.4302 (l2=0.179 ce=0.251)  b0=0.165(1758)  b1=0.501(1799)  b2=1.800(1844)  elapsed=204s
[dblocks] step  5600/6450  b=2 σ=1.361  loss=2.2721 (l2=0.673 ce=1.599)  b0=0.176(1829)  b1=0.603(1859)  b2=1.656(1913)  elapsed=211s
[dblocks] step  5800/6450  b=2 σ=0.369  loss=0.8502 (l2=0.369 ce=0.481)  b0=0.179(1892)  b1=0.630(1929)  b2=1.716(1980)  elapsed=219s
[dblocks] step  6000/6450  b=0 σ=0.179  loss=0.0625 (l2=0.052 ce=0.011)  b0=0.162(1982)  b1=0.679(1981)  b2=1.705(2038)  elapsed=226s
[dblocks] step  6200/6450  b=1 σ=0.246  loss=0.2076 (l2=0.100 ce=0.107)  b0=0.157(2050)  b1=0.517(2059)  b2=1.680(2092)  elapsed=234s
[dblocks] step  6400/6450  b=0 σ=0.088  loss=0.1098 (l2=0.109 ce=0.001)  b0=0.155(2115)  b1=0.738(2124)  b2=1.473(2162)  elapsed=241s
[dblocks] step  6449/6450  b=0 σ=0.152  loss=0.0657 (l2=0.054 ce=0.012)  b0=0.156(2131)  b1=0.771(2145)  b2=1.547(2174)  elapsed=243s
training: 52,531.8 J   cpu=10,417.7 J   total=62,949.5 J   duration=246.6s
evaluating on val split ...
  eval      1,200/60,000 (  2.0%)  acc=0.2433      110 char/s  eta=   534s
  eval      2,400/60,000 (  4.0%)  acc=0.2458      110 char/s  eta=   525s
  eval      3,600/60,000 (  6.0%)  acc=0.2553      110 char/s  eta=   515s
  eval      4,800/60,000 (  8.0%)  acc=0.2515      110 char/s  eta=   504s
  eval      6,000/60,000 ( 10.0%)  acc=0.2485      110 char/s  eta=   493s
  eval      7,200/60,000 ( 12.0%)  acc=0.2506      110 char/s  eta=   482s
  eval      8,400/60,000 ( 14.0%)  acc=0.2495      110 char/s  eta=   471s
  eval      9,600/60,000 ( 16.0%)  acc=0.2462      110 char/s  eta=   460s
  eval     10,800/60,000 ( 18.0%)  acc=0.2419      109 char/s  eta=   449s
  eval     12,000/60,000 ( 20.0%)  acc=0.2396      109 char/s  eta=   439s
  eval     13,200/60,000 ( 22.0%)  acc=0.2393      109 char/s  eta=   428s
  eval     14,400/60,000 ( 24.0%)  acc=0.2397      109 char/s  eta=   417s
  eval     15,600/60,000 ( 26.0%)  acc=0.2385      109 char/s  eta=   406s
  eval     16,800/60,000 ( 28.0%)  acc=0.2383      109 char/s  eta=   395s
  eval     18,000/60,000 ( 30.0%)  acc=0.2372      109 char/s  eta=   384s
  eval     19,200/60,000 ( 32.0%)  acc=0.2366      109 char/s  eta=   373s
  eval     20,400/60,000 ( 34.0%)  acc=0.2364      109 char/s  eta=   362s
  eval     21,600/60,000 ( 36.0%)  acc=0.2347      109 char/s  eta=   351s
  eval     22,800/60,000 ( 38.0%)  acc=0.2344      109 char/s  eta=   340s
  eval     24,000/60,000 ( 40.0%)  acc=0.2344      109 char/s  eta=   329s
  eval     25,200/60,000 ( 42.0%)  acc=0.2343      109 char/s  eta=   318s
  eval     26,400/60,000 ( 44.0%)  acc=0.2366      109 char/s  eta=   307s
  eval     27,600/60,000 ( 46.0%)  acc=0.2365      109 char/s  eta=   296s
  eval     28,800/60,000 ( 48.0%)  acc=0.2357      109 char/s  eta=   285s
  eval     30,000/60,000 ( 50.0%)  acc=0.2353      109 char/s  eta=   274s
  eval     31,200/60,000 ( 52.0%)  acc=0.2344      109 char/s  eta=   264s
  eval     32,400/60,000 ( 54.0%)  acc=0.2335      109 char/s  eta=   253s
  eval     33,600/60,000 ( 56.0%)  acc=0.2324      109 char/s  eta=   242s
  eval     34,800/60,000 ( 58.0%)  acc=0.2315      109 char/s  eta=   231s
  eval     36,000/60,000 ( 60.0%)  acc=0.2307      109 char/s  eta=   220s
  eval     37,200/60,000 ( 62.0%)  acc=0.2308      109 char/s  eta=   209s
  eval     38,400/60,000 ( 64.0%)  acc=0.2312      109 char/s  eta=   198s
  eval     39,600/60,000 ( 66.0%)  acc=0.2311      109 char/s  eta=   187s
  eval     40,800/60,000 ( 68.0%)  acc=0.2310      109 char/s  eta=   176s
  eval     42,000/60,000 ( 70.0%)  acc=0.2315      109 char/s  eta=   165s
  eval     43,200/60,000 ( 72.0%)  acc=0.2318      109 char/s  eta=   154s
  eval     44,400/60,000 ( 74.0%)  acc=0.2325      109 char/s  eta=   143s
  eval     45,600/60,000 ( 76.0%)  acc=0.2328      109 char/s  eta=   132s
  eval     46,800/60,000 ( 78.0%)  acc=0.2325      109 char/s  eta=   121s
  eval     48,000/60,000 ( 80.0%)  acc=0.2329      109 char/s  eta=   110s
  eval     49,200/60,000 ( 82.0%)  acc=0.2330      109 char/s  eta=    99s
  eval     50,400/60,000 ( 84.0%)  acc=0.2336      109 char/s  eta=    88s
  eval     51,600/60,000 ( 86.0%)  acc=0.2343      109 char/s  eta=    77s
  eval     52,800/60,000 ( 88.0%)  acc=0.2343      109 char/s  eta=    66s
  eval     54,000/60,000 ( 90.0%)  acc=0.2345      109 char/s  eta=    55s
  eval     55,200/60,000 ( 92.0%)  acc=0.2348      109 char/s  eta=    44s
  eval     56,400/60,000 ( 94.0%)  acc=0.2346      109 char/s  eta=    33s
  eval     57,600/60,000 ( 96.0%)  acc=0.2346      109 char/s  eta=    22s
  eval     58,800/60,000 ( 98.0%)  acc=0.2351      109 char/s  eta=    11s
  eval     60,000/60,000 (100.0%)  acc=0.2363      109 char/s  eta=     0s
chars=60,000  acc=0.2363  eval_duration=548.7s
---
DISQUALIFIED: val accuracy 0.2363 below floor 0.7000
submission         : diffusionblocks_ar
training energy (J): 62,949.5 (52,531.8 GPU + 10,417.7 CPU)
training duration  : 246.6s
wrote /tmp/result.json
Stopping app - local entrypoint completed.
✓ App completed. View run at 
https://modal.com/apps/ab-10/main/ap-mg0BXpJCQZPtzulfvUyaUj

# final result
{
  "submission": "diffusionblocks_ar",
  "disqualified": true,
  "reason": "val_accuracy_below_floor",
  "acc_min": 0.7,
  "val_char_accuracy": 0.23626666666666668,
  "val_chars": 60000,
  "training_energy_J": 52531.79992029999,
  "training_duration_s": 246.57122159400004,
  "cpu_energy_J": 10417.675800152494,
  "total_energy_J": 62949.47572045249,
  "gpu_name": "NVIDIA A100-SXM4-80GB",
  "date_utc": "2026-05-28T18:44:08Z",
  "_nvml": {
    "nvml_available": true,
    "energy_counter_supported": true,
    "monotonic": true,
    "idle_watts": 63.2613333333333,
    "stress_watts_avg": 325.3793339344124,
    "stress_energy_joules": 12209.129,
    "stress_duration_s": 37.522754909999996,
    "gpu_name": "NVIDIA A100-SXM4-80GB",
    "notes": []
  },
  "contributor": "@ab-10"
}
