# wikitext submit.py log — method_esn-ridge-readout_pass_2  SEED=0 — 2026-05-17T13:46:38+00:00Z
[modal] launching A100-80GB  SEED=0 ...
✓ Initialized. View run at 
https://modal.com/apps/ab-10/main/ap-tCzutIzLnWqOmDV0WPica8
✓ Created objects.
├── 🔨 Created mount /home/seneca/wikitext/submit.py
├── 🔨 Created mount /home/seneca/wikitext/task.py
├── 🔨 Created mount /home/seneca/wikitext/verify_nvml.py
├── 🔨 Created mount /home/seneca/wikitext/run_eval.py
├── 🔨 Created mount /home/seneca/wikitext/wikitext.py
└── 🔨 Created function run_submission.
[modal] SEED=0 (calibration run)
[modal] verifying NVML energy counter ...
GPU: NVIDIA A100 80GB PCIe
sampling idle power for 3s ...
  idle: 53.3 W
running 30s stress workload ...
/usr/local/lib/python3.11/site-packages/torch/_subclasses/functional_tensor.py:295: UserWarning: Failed to initialize NumPy: No module named 'numpy' (Triggered internally at ../torch/csrc/utils/tensor_numpy.cpp:84.)
  cpu = _conversion_method_template(device=torch.device("cpu"))
  duration:       36.6 s
  energy delta:   8,644.9 J
  avg power:      236.4 W
  monotonic:      True
---
{"nvml_available": true, "energy_counter_supported": true, "monotonic": true, "idle_watts": 53.32200000000002, "stress_watts_avg": 236.41514639451765, "stress_energy_joules": 8644.906, "stress_duration_s": 36.566633449, "gpu_name": "NVIDIA A100 80GB PCIe", "notes": []}
[modal] running submission (TEST_CHARS=60000 MAX_TRAIN_SECONDS=300.0 ACC_MIN=0.7) ...
loading WikiText-103 from /data ...
  train chars: 540,095,682
  val   chars: 60,000  (scored, gated by --acc-min)
train wall-clock cap: 300 s
val accuracy floor : 0.7000
/usr/local/lib/python3.11/site-packages/torch/_subclasses/functional_tensor.py:295: UserWarning: Failed to initialize NumPy: No module named 'numpy' (Triggered internally at ../torch/csrc/utils/tensor_numpy.cpp:84.)
  cpu = _conversion_method_template(device=torch.device("cpu"))
training submission /workspace/method_esn-ridge-readout_pass_2.py ...
[esn-p2] seed=0 N=16384 density=0.02 rho=0.9 leak=0.3 input_scale=0.4 K=4 B=64 N_train=16000000 washout=1000 accum_block=2000 lambda=0.001 N_phi=17408
/workspace/method_esn-ridge-readout_pass_2.py:80: UserWarning: Sparse CSR tensor support is in beta state. If you miss a functionality in the sparse tensor support, please submit a feature request to https://github.com/pytorch/pytorch/issues. (Triggered internally at ../aten/src/ATen/SparseCsrTensorImpl.cpp:53.)
  W_sparse = W_dense.to_sparse_csr()
[esn-p2] reservoir built in 0.71s
[esn-p2] training on 16,000,000 bytes (avail 541,096,898); per-stream chunk_len = 250,000
[esn-p2] streamed 128,000 rows (inner step 2,999/249,999, 11,402 rows/s, elapsed 11.2s)
[esn-p2] streamed 256,000 rows (inner step 4,999/249,999, 10,918 rows/s, elapsed 23.4s)
[esn-p2] streamed 384,000 rows (inner step 6,999/249,999, 10,748 rows/s, elapsed 35.7s)
[esn-p2] streamed 512,000 rows (inner step 8,999/249,999, 10,669 rows/s, elapsed 48.0s)
[esn-p2] streamed 640,000 rows (inner step 10,999/249,999, 10,623 rows/s, elapsed 60.2s)
[esn-p2] streamed 768,000 rows (inner step 12,999/249,999, 10,588 rows/s, elapsed 72.5s)
[esn-p2] streamed 896,000 rows (inner step 14,999/249,999, 10,564 rows/s, elapsed 84.8s)
[esn-p2] streamed 1,024,000 rows (inner step 16,999/249,999, 10,544 rows/s, elapsed 97.1s)
[esn-p2] streamed 1,152,000 rows (inner step 18,999/249,999, 10,526 rows/s, elapsed 109.4s)
[esn-p2] streamed 1,280,000 rows (inner step 20,999/249,999, 10,511 rows/s, elapsed 121.8s)
[esn-p2] streamed 1,408,000 rows (inner step 22,999/249,999, 10,498 rows/s, elapsed 134.1s)
[esn-p2] streamed 1,536,000 rows (inner step 24,999/249,999, 10,492 rows/s, elapsed 146.4s)
[esn-p2] streamed 1,664,000 rows (inner step 26,999/249,999, 10,481 rows/s, elapsed 158.8s)
[esn-p2] streamed 1,792,000 rows (inner step 28,999/249,999, 10,473 rows/s, elapsed 171.1s)
[esn-p2] streamed 1,920,000 rows (inner step 30,999/249,999, 10,465 rows/s, elapsed 183.5s)
[esn-p2] streamed 2,048,000 rows (inner step 32,999/249,999, 10,460 rows/s, elapsed 195.8s)
[esn-p2] streamed 2,176,000 rows (inner step 34,999/249,999, 10,458 rows/s, elapsed 208.1s)
[esn-p2] streamed 2,304,000 rows (inner step 36,999/249,999, 10,452 rows/s, elapsed 220.4s)
[esn-p2] streamed 2,432,000 rows (inner step 38,999/249,999, 10,445 rows/s, elapsed 232.8s)
[esn-p2] streamed 2,560,000 rows (inner step 40,999/249,999, 10,441 rows/s, elapsed 245.2s)
[esn-p2] streamed 2,688,000 rows (inner step 42,999/249,999, 10,437 rows/s, elapsed 257.5s)
[esn-p2] streamed 2,816,000 rows (inner step 44,999/249,999, 10,434 rows/s, elapsed 269.9s)
[esn-p2] streamed 2,944,000 rows (inner step 46,999/249,999, 10,432 rows/s, elapsed 282.2s)
[esn-p2] streamed 3,072,000 rows (inner step 48,999/249,999, 10,430 rows/s, elapsed 294.5s)
---
DISQUALIFIED: training wall-clock budget exceeded (300.0 s)
submission         : method_esn-ridge-readout_pass_2
training duration  : 300.9s
training energy (J): 71,567.4  (at kill)
wrote /tmp/result.json
Stopping app - local entrypoint completed.
✓ App completed. View run at 
https://modal.com/apps/ab-10/main/ap-tCzutIzLnWqOmDV0WPica8

# final result
{
  "submission": "method_esn-ridge-readout_pass_2",
  "disqualified": true,
  "reason": "train_time_exceeded",
  "max_train_seconds": 300.0,
  "training_energy_J": 71567.41249650001,
  "training_duration_s": 300.93631007,
  "gpu_name": "NVIDIA A100 80GB PCIe",
  "date_utc": "2026-05-17T13:52:27Z",
  "_nvml": {
    "nvml_available": true,
    "energy_counter_supported": true,
    "monotonic": true,
    "idle_watts": 53.32200000000002,
    "stress_watts_avg": 236.41514639451765,
    "stress_energy_joules": 8644.906,
    "stress_duration_s": 36.566633449,
    "gpu_name": "NVIDIA A100 80GB PCIe",
    "notes": []
  },
  "seed": 0,
  "contributor": "@survey-esn-p2"
}
