# wikitext submit.py log — method_softhebb-stacked_pass_2  SEED=0 — 2026-05-17T13:48:56+00:00Z
[modal] launching A100-80GB  SEED=0 ...
✓ Initialized. View run at 
https://modal.com/apps/ab-10/main/ap-s8RSsu5Fbc60jzsMln85wP
✓ Created objects.
├── 🔨 Created mount /home/seneca/wikitext/submit.py
├── 🔨 Created mount /home/seneca/wikitext/task.py
├── 🔨 Created mount /home/seneca/wikitext/verify_nvml.py
├── 🔨 Created mount /home/seneca/wikitext/run_eval.py
├── 🔨 Created mount /home/seneca/wikitext/wikitext.py
└── 🔨 Created function run_submission.
[modal] SEED=0 (calibration run)
[modal] verifying NVML energy counter ...
GPU: NVIDIA A100-SXM4-80GB
sampling idle power for 3s ...
  idle: 65.0 W
running 30s stress workload ...
/usr/local/lib/python3.11/site-packages/torch/_subclasses/functional_tensor.py:295: UserWarning: Failed to initialize NumPy: No module named 'numpy' (Triggered internally at ../torch/csrc/utils/tensor_numpy.cpp:84.)
  cpu = _conversion_method_template(device=torch.device("cpu"))
  duration:       38.2 s
  energy delta:   13,354.6 J
  avg power:      349.7 W
  monotonic:      True
---
{"nvml_available": true, "energy_counter_supported": true, "monotonic": true, "idle_watts": 65.02774576271183, "stress_watts_avg": 349.72590697649827, "stress_energy_joules": 13354.634, "stress_duration_s": 38.186001475999994, "gpu_name": "NVIDIA A100-SXM4-80GB", "notes": []}
[modal] running submission (TEST_CHARS=60000 MAX_TRAIN_SECONDS=300.0 ACC_MIN=0.7) ...
loading WikiText-103 from /data ...
  train chars: 540,095,682
  val   chars: 60,000  (scored, gated by --acc-min)
train wall-clock cap: 300 s
val accuracy floor : 0.7000
/usr/local/lib/python3.11/site-packages/torch/_subclasses/functional_tensor.py:295: UserWarning: Failed to initialize NumPy: No module named 'numpy' (Triggered internally at ../torch/csrc/utils/tensor_numpy.cpp:84.)
  cpu = _conversion_method_template(device=torch.device("cpu"))
training submission /workspace/method_softhebb-stacked_pass_2.py ...
[hebb-p2] SEED=0
[hebb-p2] train bytes available: 541,096,898
[hebb-p2] === Hebbian variant ===
[hebb] step    0/1525  eta=0.01000  tau=0.500  ch_entropy=9.010/9.011  N_rows=16352  elapsed=0.6s
[hebb] step   50/1525  eta=0.00967  tau=0.500  ch_entropy=9.010/9.011  N_rows=16352  elapsed=9.4s
[hebb] step  100/1525  eta=0.00934  tau=0.500  ch_entropy=9.010/9.011  N_rows=16352  elapsed=18.3s
[hebb] step  150/1525  eta=0.00902  tau=0.500  ch_entropy=9.010/9.011  N_rows=16352  elapsed=27.2s
[hebb] step  200/1525  eta=0.00869  tau=0.500  ch_entropy=9.010/9.011  N_rows=16352  elapsed=36.2s
[hebb] step  250/1525  eta=0.00836  tau=0.500  ch_entropy=9.010/9.011  N_rows=16352  elapsed=45.1s
[hebb] step  300/1525  eta=0.00803  tau=0.500  ch_entropy=9.010/9.011  N_rows=16352  elapsed=54.0s
[hebb] step  350/1525  eta=0.00770  tau=0.500  ch_entropy=9.010/9.011  N_rows=16352  elapsed=63.0s
[hebb] step  400/1525  eta=0.00738  tau=0.500  ch_entropy=9.010/9.011  N_rows=16352  elapsed=71.9s
[hebb] step  450/1525  eta=0.00705  tau=0.500  ch_entropy=9.010/9.011  N_rows=16352  elapsed=80.8s
[hebb] step  500/1525  eta=0.00672  tau=0.500  ch_entropy=9.010/9.011  N_rows=16352  elapsed=89.7s
[hebb] step  550/1525  eta=0.00639  tau=0.500  ch_entropy=9.010/9.011  N_rows=16352  elapsed=98.7s
[hebb] step  600/1525  eta=0.00607  tau=0.500  ch_entropy=9.010/9.011  N_rows=16352  elapsed=107.6s
[hebb] step  650/1525  eta=0.00574  tau=0.500  ch_entropy=9.010/9.011  N_rows=16352  elapsed=116.5s
[hebb] step  700/1525  eta=0.00541  tau=0.500  ch_entropy=9.010/9.011  N_rows=16352  elapsed=125.4s
[hebb] step  750/1525  eta=0.00508  tau=0.500  ch_entropy=9.010/9.011  N_rows=16352  elapsed=134.4s
[hebb] step  800/1525  eta=0.00475  tau=0.500  ch_entropy=9.010/9.011  N_rows=16352  elapsed=143.3s
[hebb] step  850/1525  eta=0.00443  tau=0.500  ch_entropy=9.010/9.011  N_rows=16352  elapsed=152.2s
[hebb] step  900/1525  eta=0.00410  tau=0.500  ch_entropy=9.010/9.011  N_rows=16352  elapsed=161.1s
[hebb] step  950/1525  eta=0.00377  tau=0.500  ch_entropy=9.010/9.011  N_rows=16352  elapsed=170.0s
[hebb] step 1000/1525  eta=0.00344  tau=0.500  ch_entropy=9.010/9.011  N_rows=16352  elapsed=179.0s
[hebb] step 1050/1525  eta=0.00311  tau=0.500  ch_entropy=9.010/9.011  N_rows=16352  elapsed=187.9s
[hebb] step 1100/1525  eta=0.00279  tau=0.500  ch_entropy=9.010/9.011  N_rows=16352  elapsed=196.8s
[hebb] step 1150/1525  eta=0.00246  tau=0.500  ch_entropy=9.010/9.011  N_rows=16352  elapsed=205.7s
[hebb] step 1200/1525  eta=0.00213  tau=0.500  ch_entropy=9.010/9.011  N_rows=16352  elapsed=214.6s
[hebb] step 1250/1525  eta=0.00180  tau=0.500  ch_entropy=9.010/9.011  N_rows=16352  elapsed=223.5s
[hebb] step 1300/1525  eta=0.00148  tau=0.500  ch_entropy=9.010/9.011  N_rows=16352  elapsed=232.5s
[hebb] step 1350/1525  eta=0.00115  tau=0.500  ch_entropy=9.010/9.011  N_rows=16352  elapsed=241.4s
[hebb] step 1400/1525  eta=0.00082  tau=0.500  ch_entropy=9.010/9.011  N_rows=16352  elapsed=250.3s
[hebb] step 1450/1525  eta=0.00049  tau=0.500  ch_entropy=9.010/9.011  N_rows=16352  elapsed=259.3s
[hebb] step 1500/1525  eta=0.00016  tau=0.500  ch_entropy=9.010/9.011  N_rows=16352  elapsed=268.2s
[hebb] step 1524/1525  eta=0.00001  tau=0.500  ch_entropy=9.010/9.011  N_rows=16352  elapsed=272.5s
[hebb-p2] hebbian train done in 272.6s (tau=0.5)
[hebb-ridge] 1,310,720/30,000,000 chars, N_rows=163,520, elapsed=0.2s
[hebb-ridge] 2,621,440/30,000,000 chars, N_rows=327,040, elapsed=0.2s
[hebb-ridge] 3,932,160/30,000,000 chars, N_rows=490,560, elapsed=0.2s
[hebb-ridge] 5,242,880/30,000,000 chars, N_rows=654,080, elapsed=0.4s
[hebb-ridge] 6,553,600/30,000,000 chars, N_rows=817,600, elapsed=2.2s
[hebb-ridge] 7,864,320/30,000,000 chars, N_rows=981,120, elapsed=4.0s
[hebb-ridge] 9,175,040/30,000,000 chars, N_rows=1,144,640, elapsed=5.9s
[hebb-ridge] 10,485,760/30,000,000 chars, N_rows=1,308,160, elapsed=7.7s
[hebb-ridge] 11,796,480/30,000,000 chars, N_rows=1,471,680, elapsed=9.6s
[hebb-ridge] 13,107,200/30,000,000 chars, N_rows=1,635,200, elapsed=11.4s
[hebb-ridge] 14,417,920/30,000,000 chars, N_rows=1,798,720, elapsed=13.2s
[hebb-ridge] 15,728,640/30,000,000 chars, N_rows=1,962,240, elapsed=15.1s
[hebb-ridge] 17,039,360/30,000,000 chars, N_rows=2,125,760, elapsed=16.9s
[hebb-ridge] 18,350,080/30,000,000 chars, N_rows=2,289,280, elapsed=18.8s
[hebb-ridge] 19,660,800/30,000,000 chars, N_rows=2,452,800, elapsed=20.6s
[hebb-ridge] 20,971,520/30,000,000 chars, N_rows=2,616,320, elapsed=22.4s
[hebb-ridge] 22,282,240/30,000,000 chars, N_rows=2,779,840, elapsed=24.3s
---
DISQUALIFIED: training wall-clock budget exceeded (300.0 s)
submission         : method_softhebb-stacked_pass_2
training duration  : 300.1s
training energy (J): 93,196.9  (at kill)
wrote /tmp/result.json
Stopping app - local entrypoint completed.
✓ App completed. View run at 
https://modal.com/apps/ab-10/main/ap-s8RSsu5Fbc60jzsMln85wP

# final result
{
  "submission": "method_softhebb-stacked_pass_2",
  "disqualified": true,
  "reason": "train_time_exceeded",
  "max_train_seconds": 300.0,
  "training_energy_J": 93196.86366060001,
  "training_duration_s": 300.050226788,
  "gpu_name": "NVIDIA A100-SXM4-80GB",
  "date_utc": "2026-05-17T13:54:52Z",
  "_nvml": {
    "nvml_available": true,
    "energy_counter_supported": true,
    "monotonic": true,
    "idle_watts": 65.02774576271183,
    "stress_watts_avg": 349.72590697649827,
    "stress_energy_joules": 13354.634,
    "stress_duration_s": 38.186001475999994,
    "gpu_name": "NVIDIA A100-SXM4-80GB",
    "notes": []
  },
  "seed": 0,
  "contributor": "@survey-softhebb-p2"
}
