# wikitext submit.py log — method_ppm-context-tree_pass_1  SEED=0 — 2026-05-17T13:30:19+00:00Z
[modal] launching A100-80GB  SEED=0 ...
✓ Initialized. View run at 
https://modal.com/apps/ab-10/main/ap-llLaUQ7m10ElaWcBLMEzfz
✓ Created objects.
├── 🔨 Created mount /home/seneca/wikitext/submit.py
├── 🔨 Created mount /home/seneca/wikitext/task.py
├── 🔨 Created mount /home/seneca/wikitext/verify_nvml.py
├── 🔨 Created mount /home/seneca/wikitext/run_eval.py
├── 🔨 Created mount /home/seneca/wikitext/wikitext.py
└── 🔨 Created function run_submission.
[modal] SEED=0 (calibration run)
[modal] verifying NVML energy counter ...
GPU: NVIDIA A100-SXM4-80GB
sampling idle power for 3s ...
  idle: 63.4 W
running 30s stress workload ...
/usr/local/lib/python3.11/site-packages/torch/_subclasses/functional_tensor.py:295: UserWarning: Failed to initialize NumPy: No module named 'numpy' (Triggered internally at ../torch/csrc/utils/tensor_numpy.cpp:84.)
  cpu = _conversion_method_template(device=torch.device("cpu"))
  duration:       36.9 s
  energy delta:   12,656.8 J
  avg power:      343.0 W
  monotonic:      True
---
{"nvml_available": true, "energy_counter_supported": true, "monotonic": true, "idle_watts": 63.395728813559366, "stress_watts_avg": 342.9662064910383, "stress_energy_joules": 12656.776, "stress_duration_s": 36.903857466, "gpu_name": "NVIDIA A100-SXM4-80GB", "notes": []}
[modal] running submission (TEST_CHARS=60000 MAX_TRAIN_SECONDS=300.0 ACC_MIN=0.7) ...
loading WikiText-103 from /data ...
  train chars: 540,095,682
  val   chars: 60,000  (scored, gated by --acc-min)
train wall-clock cap: 300 s
val accuracy floor : 0.7000
training submission /workspace/method_ppm-context-tree_pass_1.py ...
[ppmd] SEED=0 (PPM is deterministic; logged only)
[ppmd] train_text=541,096,898 bytes total; using first 60,000,000 bytes (K=6)
[ppmd] trained 5,000,000/60,000,000 bytes  (233,160 byte/s, 21.4s, 1,090,414 nodes)
[ppmd] first 10 MB took 43.8s (trie size: 1,559,534 nodes)
[ppmd] early abort: 10 MB > 40s — locking in current trie at 10,000,000 bytes
[ppmd] training done: 10,000,000 bytes in 43.8s; trie size: 1,559,534 nodes (early-aborted)
training: 632.9 J   duration=44.5s
evaluating on val split ...
  eval      1,200/60,000 (  2.0%)  acc=0.5975     8141 char/s  eta=     7s
  eval      2,400/60,000 (  4.0%)  acc=0.5975     8134 char/s  eta=     7s
  eval      3,600/60,000 (  6.0%)  acc=0.5975     8137 char/s  eta=     7s
  eval      4,800/60,000 (  8.0%)  acc=0.6125     8140 char/s  eta=     7s
  eval      6,000/60,000 ( 10.0%)  acc=0.6145     8138 char/s  eta=     7s
  eval      7,200/60,000 ( 12.0%)  acc=0.6140     8135 char/s  eta=     6s
  eval      8,400/60,000 ( 14.0%)  acc=0.6148     8136 char/s  eta=     6s
  eval      9,600/60,000 ( 16.0%)  acc=0.6204     8136 char/s  eta=     6s
  eval     10,800/60,000 ( 18.0%)  acc=0.6192     8126 char/s  eta=     6s
  eval     12,000/60,000 ( 20.0%)  acc=0.6191     8120 char/s  eta=     6s
  eval     13,200/60,000 ( 22.0%)  acc=0.6237     8119 char/s  eta=     6s
  eval     14,400/60,000 ( 24.0%)  acc=0.6258     8113 char/s  eta=     6s
  eval     15,600/60,000 ( 26.0%)  acc=0.6265     8107 char/s  eta=     5s
  eval     16,800/60,000 ( 28.0%)  acc=0.6285     8105 char/s  eta=     5s
  eval     18,000/60,000 ( 30.0%)  acc=0.6263     8101 char/s  eta=     5s
  eval     19,200/60,000 ( 32.0%)  acc=0.6278     8097 char/s  eta=     5s
  eval     20,400/60,000 ( 34.0%)  acc=0.6290     8095 char/s  eta=     5s
  eval     21,600/60,000 ( 36.0%)  acc=0.6292     8090 char/s  eta=     5s
  eval     22,800/60,000 ( 38.0%)  acc=0.6310     8088 char/s  eta=     5s
  eval     24,000/60,000 ( 40.0%)  acc=0.6317     8085 char/s  eta=     4s
  eval     25,200/60,000 ( 42.0%)  acc=0.6316     8083 char/s  eta=     4s
  eval     26,400/60,000 ( 44.0%)  acc=0.6331     8082 char/s  eta=     4s
  eval     27,600/60,000 ( 46.0%)  acc=0.6320     8082 char/s  eta=     4s
  eval     28,800/60,000 ( 48.0%)  acc=0.6310     8081 char/s  eta=     4s
  eval     30,000/60,000 ( 50.0%)  acc=0.6299     8079 char/s  eta=     4s
  eval     31,200/60,000 ( 52.0%)  acc=0.6271     8079 char/s  eta=     4s
  eval     32,400/60,000 ( 54.0%)  acc=0.6262     8078 char/s  eta=     3s
  eval     33,600/60,000 ( 56.0%)  acc=0.6238     8078 char/s  eta=     3s
  eval     34,800/60,000 ( 58.0%)  acc=0.6230     8076 char/s  eta=     3s
  eval     36,000/60,000 ( 60.0%)  acc=0.6230     8076 char/s  eta=     3s
  eval     37,200/60,000 ( 62.0%)  acc=0.6236     8076 char/s  eta=     3s
  eval     38,400/60,000 ( 64.0%)  acc=0.6244     8076 char/s  eta=     3s
  eval     39,600/60,000 ( 66.0%)  acc=0.6245     8076 char/s  eta=     3s
  eval     40,800/60,000 ( 68.0%)  acc=0.6241     8076 char/s  eta=     2s
  eval     42,000/60,000 ( 70.0%)  acc=0.6239     8076 char/s  eta=     2s
  eval     43,200/60,000 ( 72.0%)  acc=0.6247     8075 char/s  eta=     2s
  eval     44,400/60,000 ( 74.0%)  acc=0.6252     8074 char/s  eta=     2s
  eval     45,600/60,000 ( 76.0%)  acc=0.6257     8075 char/s  eta=     2s
  eval     46,800/60,000 ( 78.0%)  acc=0.6254     8076 char/s  eta=     2s
  eval     48,000/60,000 ( 80.0%)  acc=0.6264     8078 char/s  eta=     1s
  eval     49,200/60,000 ( 82.0%)  acc=0.6266     8076 char/s  eta=     1s
  eval     50,400/60,000 ( 84.0%)  acc=0.6278     8076 char/s  eta=     1s
  eval     51,600/60,000 ( 86.0%)  acc=0.6283     8076 char/s  eta=     1s
  eval     52,800/60,000 ( 88.0%)  acc=0.6281     8077 char/s  eta=     1s
  eval     54,000/60,000 ( 90.0%)  acc=0.6284     8077 char/s  eta=     1s
  eval     55,200/60,000 ( 92.0%)  acc=0.6287     8077 char/s  eta=     1s
  eval     56,400/60,000 ( 94.0%)  acc=0.6286     8076 char/s  eta=     0s
  eval     57,600/60,000 ( 96.0%)  acc=0.6292     8076 char/s  eta=     0s
  eval     58,800/60,000 ( 98.0%)  acc=0.6301     8076 char/s  eta=     0s
  eval     60,000/60,000 (100.0%)  acc=0.6300     8076 char/s  eta=     0s
chars=60,000  acc=0.6300  eval_duration=7.4s
---
DISQUALIFIED: val accuracy 0.6300 below floor 0.7000
submission         : method_ppm-context-tree_pass_1
training energy (J): 632.9
training duration  : 44.5s
wrote /tmp/result.json
Stopping app - local entrypoint completed.
✓ App completed. View run at 
https://modal.com/apps/ab-10/main/ap-llLaUQ7m10ElaWcBLMEzfz

# final result
{
  "submission": "method_ppm-context-tree_pass_1",
  "disqualified": true,
  "reason": "val_accuracy_below_floor",
  "acc_min": 0.7,
  "val_char_accuracy": 0.63005,
  "val_chars": 60000,
  "training_energy_J": 632.9240476499999,
  "training_duration_s": 44.488419047,
  "gpu_name": "NVIDIA A100-SXM4-80GB",
  "date_utc": "2026-05-17T13:32:19Z",
  "_nvml": {
    "nvml_available": true,
    "energy_counter_supported": true,
    "monotonic": true,
    "idle_watts": 63.395728813559366,
    "stress_watts_avg": 342.9662064910383,
    "stress_energy_joules": 12656.776,
    "stress_duration_s": 36.903857466,
    "gpu_name": "NVIDIA A100-SXM4-80GB",
    "notes": []
  },
  "seed": 0,
  "contributor": "@survey-ppm"
}
