╭─ Modal A100-80GB wikitext submission ───────
│  submission:    /home/seneca/wikitext/submissions/eqprop_hopfield_v1
│  est. runtime:  ~15 min  (cold start + train + eval)
│  est. cost:     ~$0.62  (@ $2.50/hr)
╰───────────────────────────────────────────────
[modal] launching A100-80GB ...
✓ Initialized. View run at 
https://modal.com/apps/ab-10/main/ap-nJk5XHDv7eeg2MeXoDwOKl
✓ Created objects.
├── 🔨 Created mount /home/seneca/wikitext/submit.py
├── 🔨 Created mount /home/seneca/wikitext/verify_nvml.py
├── 🔨 Created mount /home/seneca/wikitext/task.py
├── 🔨 Created mount /home/seneca/wikitext/run_eval.py
├── 🔨 Created mount /home/seneca/wikitext/wikitext.py
└── 🔨 Created function run_submission.
[modal] verifying NVML energy counter ...
GPU: NVIDIA A100-SXM4-80GB
sampling idle power for 3s ...
  idle: 62.4 W
running 30s stress workload ...
/usr/local/lib/python3.11/site-packages/torch/_subclasses/functional_tensor.py:295: UserWarning: Failed to initialize NumPy: No module named 'numpy' (Triggered internally at ../torch/csrc/utils/tensor_numpy.cpp:84.)
  cpu = _conversion_method_template(device=torch.device("cpu"))
  duration:       60.9 s
  energy delta:   13,529.8 J
  avg power:      222.0 W
  monotonic:      True
---
{"nvml_available": true, "energy_counter_supported": true, "monotonic": true, "idle_watts": 62.420933333333345, "stress_watts_avg": 222.0358654632278, "stress_energy_joules": 13529.783, "stress_duration_s": 60.935124025, "gpu_name": "NVIDIA A100-SXM4-80GB", "notes": []}
[modal] running submission (TEST_CHARS=60000 MAX_TRAIN_SECONDS=300.0 ACC_MIN=0.7) ...
loading WikiText-103 from /data ...
  train chars: 540,095,682
  val   chars: 60,000  (scored, gated by --acc-min)
train wall-clock cap: 300 s
val accuracy floor : 0.7000
/usr/local/lib/python3.11/site-packages/torch/_subclasses/functional_tensor.py:295: UserWarning: Failed to initialize NumPy: No module named 'numpy' (Triggered internally at ../torch/csrc/utils/tensor_numpy.cpp:84.)
  cpu = _conversion_method_template(device=torch.device("cpu"))
training submission /workspace/eqprop_hopfield_v1.py ...
[eqprop_hopfield_v1] device=cuda  M=4096  D_C=512  BETA=4.0  BETA_NUDGE=0.5  N_RELAX=2  BATCH=64  ETA=0.1  SEED=0
[eqprop_hopfield_v1] RFF R shape=(512, 65536)  (~134.2 MB)
[eqprop_hopfield_v1] Xi shape=(768, 4096)  (~12.6 MB)  init_std=0.02
[eqprop_hopfield_v1] train bytes: 541,096,898
[eqprop_hopfield_v1] step     0  train_acc=0.0000  train_ce=5.5452  ||Xi||=35.446  elapsed=1.8s  step_dt=18.4ms
[eqprop_hopfield_v1] step   100  train_acc=0.0000  train_ce=5.5453  ||Xi||=35.446  elapsed=2.1s  step_dt=2.1ms
[eqprop_hopfield_v1] step   200  train_acc=0.0000  train_ce=5.5453  ||Xi||=35.446  elapsed=2.2s  step_dt=1.2ms
[eqprop_hopfield_v1] step   300  train_acc=0.0000  train_ce=5.5453  ||Xi||=35.446  elapsed=2.3s  step_dt=1.2ms
[eqprop_hopfield_v1] step   400  train_acc=0.0000  train_ce=5.5451  ||Xi||=35.446  elapsed=2.4s  step_dt=1.1ms
[eqprop_hopfield_v1] step   500  train_acc=0.0000  train_ce=5.5452  ||Xi||=35.446  elapsed=2.5s  step_dt=1.0ms
[eqprop_hopfield_v1] step   600  train_acc=0.0000  train_ce=5.5452  ||Xi||=35.446  elapsed=2.6s  step_dt=1.0ms
[eqprop_hopfield_v1] step   700  train_acc=0.0000  train_ce=5.5453  ||Xi||=35.446  elapsed=2.7s  step_dt=1.0ms
[eqprop_hopfield_v1] step   800  train_acc=0.0000  train_ce=5.5453  ||Xi||=35.446  elapsed=2.8s  step_dt=1.0ms
[eqprop_hopfield_v1] step   900  train_acc=0.0000  train_ce=5.5452  ||Xi||=35.446  elapsed=2.9s  step_dt=1.0ms
[eqprop_hopfield_v1] step  1000  train_acc=0.0000  train_ce=5.5452  ||Xi||=35.446  elapsed=3.0s  step_dt=1.0ms
[eqprop_hopfield_v1] step  1100  train_acc=0.0000  train_ce=5.5452  ||Xi||=35.446  elapsed=3.1s  step_dt=1.0ms
[eqprop_hopfield_v1] step  1200  train_acc=0.0000  train_ce=5.5453  ||Xi||=35.446  elapsed=3.2s  step_dt=1.0ms
[eqprop_hopfield_v1] step  1300  train_acc=0.0000  train_ce=5.5452  ||Xi||=35.446  elapsed=3.3s  step_dt=1.0ms
[eqprop_hopfield_v1] step  1400  train_acc=0.0000  train_ce=5.5452  ||Xi||=35.446  elapsed=3.4s  step_dt=1.0ms
[eqprop_hopfield_v1] step  1500  train_acc=0.0000  train_ce=5.5451  ||Xi||=35.446  elapsed=3.5s  step_dt=1.0ms
[eqprop_hopfield_v1] step  1600  train_acc=0.0000  train_ce=5.5451  ||Xi||=35.446  elapsed=3.6s  step_dt=1.0ms
[eqprop_hopfield_v1] step  1700  train_acc=0.0000  train_ce=5.5452  ||Xi||=35.446  elapsed=3.7s  step_dt=1.0ms
[eqprop_hopfield_v1] step  1800  train_acc=0.0000  train_ce=5.5452  ||Xi||=35.446  elapsed=3.8s  step_dt=1.0ms
[eqprop_hopfield_v1] step  1900  train_acc=0.0000  train_ce=5.5452  ||Xi||=35.446  elapsed=3.9s  step_dt=1.0ms
[eqprop_hopfield_v1] step  2000  train_acc=0.0000  train_ce=5.5452  ||Xi||=35.446  elapsed=4.0s  step_dt=1.0ms
[eqprop_hopfield_v1] step  2100  train_acc=0.0000  train_ce=5.5452  ||Xi||=35.446  elapsed=4.1s  step_dt=1.0ms
[eqprop_hopfield_v1] step  2200  train_acc=0.0000  train_ce=5.5452  ||Xi||=35.446  elapsed=4.2s  step_dt=1.0ms
[eqprop_hopfield_v1] step  2300  train_acc=0.0000  train_ce=5.5452  ||Xi||=35.446  elapsed=4.3s  step_dt=1.0ms
[eqprop_hopfield_v1] step  2400  train_acc=0.0000  train_ce=5.5452  ||Xi||=35.446  elapsed=4.4s  step_dt=1.0ms
[eqprop_hopfield_v1] step  2500  train_acc=0.0000  train_ce=5.5452  ||Xi||=35.446  elapsed=4.5s  step_dt=1.0ms
[eqprop_hopfield_v1] step  2600  train_acc=0.0000  train_ce=5.5452  ||Xi||=35.446  elapsed=4.6s  step_dt=1.0ms
[eqprop_hopfield_v1] step  2700  train_acc=0.0000  train_ce=5.5453  ||Xi||=35.446  elapsed=4.7s  step_dt=1.0ms
[eqprop_hopfield_v1] step  2800  train_acc=0.0000  train_ce=5.5452  ||Xi||=35.446  elapsed=4.8s  step_dt=1.0ms
[eqprop_hopfield_v1] step  2900  train_acc=0.0000  train_ce=5.5452  ||Xi||=35.446  elapsed=4.9s  step_dt=1.0ms
[eqprop_hopfield_v1] step  2999  train_acc=0.0000  train_ce=5.5453  ||Xi||=35.446  elapsed=5.0s  step_dt=1.0ms
[eqprop_hopfield_v1] training done: 3000 steps in 5.0s (1.7ms/step)
training: 575.5 J   duration=5.5s
evaluating on val split ...
/workspace/eqprop_hopfield_v1.py:431: UserWarning: The given buffer is not writable, and PyTorch does not support non-writable tensors. This means you can write to the underlying (supposedly non-writable) buffer using the tensor. You may want to copy the buffer to protect its data or make it writable before converting it to a tensor. This type of warning will be suppressed for the rest of this program. (Triggered internally at ../torch/csrc/utils/tensor_new.cpp:1560.)
  ctx = torch.frombuffer(bytes(self._buf), dtype=torch.uint8).to(self.device)
  eval      1,200/60,000 (  2.0%)  acc=0.0000     1596 char/s  eta=    37s
  eval      2,400/60,000 (  4.0%)  acc=0.0000     1622 char/s  eta=    36s
  eval      3,600/60,000 (  6.0%)  acc=0.0000     1629 char/s  eta=    35s
  eval      4,800/60,000 (  8.0%)  acc=0.0000     1631 char/s  eta=    34s
  eval      6,000/60,000 ( 10.0%)  acc=0.0000     1633 char/s  eta=    33s
  eval      7,200/60,000 ( 12.0%)  acc=0.0000     1635 char/s  eta=    32s
  eval      8,400/60,000 ( 14.0%)  acc=0.0000     1635 char/s  eta=    32s
  eval      9,600/60,000 ( 16.0%)  acc=0.0000     1636 char/s  eta=    31s
  eval     10,800/60,000 ( 18.0%)  acc=0.0000     1636 char/s  eta=    30s
  eval     12,000/60,000 ( 20.0%)  acc=0.0000     1638 char/s  eta=    29s
  eval     13,200/60,000 ( 22.0%)  acc=0.0000     1639 char/s  eta=    29s
  eval     14,400/60,000 ( 24.0%)  acc=0.0000     1639 char/s  eta=    28s
  eval     15,600/60,000 ( 26.0%)  acc=0.0000     1641 char/s  eta=    27s
  eval     16,800/60,000 ( 28.0%)  acc=0.0000     1642 char/s  eta=    26s
  eval     18,000/60,000 ( 30.0%)  acc=0.0000     1644 char/s  eta=    26s
  eval     19,200/60,000 ( 32.0%)  acc=0.0000     1645 char/s  eta=    25s
  eval     20,400/60,000 ( 34.0%)  acc=0.0000     1646 char/s  eta=    24s
  eval     21,600/60,000 ( 36.0%)  acc=0.0000     1647 char/s  eta=    23s
  eval     22,800/60,000 ( 38.0%)  acc=0.0000     1647 char/s  eta=    23s
  eval     24,000/60,000 ( 40.0%)  acc=0.0000     1647 char/s  eta=    22s
  eval     25,200/60,000 ( 42.0%)  acc=0.0000     1648 char/s  eta=    21s
  eval     26,400/60,000 ( 44.0%)  acc=0.0000     1648 char/s  eta=    20s
  eval     27,600/60,000 ( 46.0%)  acc=0.0000     1648 char/s  eta=    20s
  eval     28,800/60,000 ( 48.0%)  acc=0.0000     1648 char/s  eta=    19s
  eval     30,000/60,000 ( 50.0%)  acc=0.0000     1649 char/s  eta=    18s
  eval     31,200/60,000 ( 52.0%)  acc=0.0000     1649 char/s  eta=    17s
  eval     32,400/60,000 ( 54.0%)  acc=0.0000     1649 char/s  eta=    17s
  eval     33,600/60,000 ( 56.0%)  acc=0.0000     1650 char/s  eta=    16s
  eval     34,800/60,000 ( 58.0%)  acc=0.0000     1650 char/s  eta=    15s
  eval     36,000/60,000 ( 60.0%)  acc=0.0000     1650 char/s  eta=    15s
  eval     37,200/60,000 ( 62.0%)  acc=0.0000     1650 char/s  eta=    14s
  eval     38,400/60,000 ( 64.0%)  acc=0.0000     1650 char/s  eta=    13s
  eval     39,600/60,000 ( 66.0%)  acc=0.0000     1650 char/s  eta=    12s
  eval     40,800/60,000 ( 68.0%)  acc=0.0000     1650 char/s  eta=    12s
  eval     42,000/60,000 ( 70.0%)  acc=0.0000     1650 char/s  eta=    11s
  eval     43,200/60,000 ( 72.0%)  acc=0.0000     1648 char/s  eta=    10s
  eval     44,400/60,000 ( 74.0%)  acc=0.0000     1648 char/s  eta=     9s
  eval     45,600/60,000 ( 76.0%)  acc=0.0000     1647 char/s  eta=     9s
  eval     46,800/60,000 ( 78.0%)  acc=0.0000     1646 char/s  eta=     8s
  eval     48,000/60,000 ( 80.0%)  acc=0.0000     1646 char/s  eta=     7s
  eval     49,200/60,000 ( 82.0%)  acc=0.0000     1646 char/s  eta=     7s
  eval     50,400/60,000 ( 84.0%)  acc=0.0000     1646 char/s  eta=     6s
  eval     51,600/60,000 ( 86.0%)  acc=0.0000     1645 char/s  eta=     5s
  eval     52,800/60,000 ( 88.0%)  acc=0.0000     1645 char/s  eta=     4s
  eval     54,000/60,000 ( 90.0%)  acc=0.0000     1646 char/s  eta=     4s
  eval     55,200/60,000 ( 92.0%)  acc=0.0000     1646 char/s  eta=     3s
  eval     56,400/60,000 ( 94.0%)  acc=0.0000     1647 char/s  eta=     2s
  eval     57,600/60,000 ( 96.0%)  acc=0.0000     1647 char/s  eta=     1s
  eval     58,800/60,000 ( 98.0%)  acc=0.0000     1647 char/s  eta=     1s
  eval     60,000/60,000 (100.0%)  acc=0.0000     1647 char/s  eta=     0s
chars=60,000  acc=0.0000  eval_duration=36.4s
---
DISQUALIFIED: val accuracy 0.0000 below floor 0.7000
submission         : eqprop_hopfield_v1
training energy (J): 575.5
training duration  : 5.5s
wrote /tmp/result.json
Stopping app - local entrypoint completed.
✓ App completed. View run at 
https://modal.com/apps/ab-10/main/ap-nJk5XHDv7eeg2MeXoDwOKl
[done] DISQUALIFIED — val_accuracy_below_floor
       floor    = 0.7000
       val_acc  = 0.0000
       train_s  = 5.5
       energy   = 575 J
       result   = /home/seneca/wikitext/submissions/eqprop_hopfield_v1/result.json
