# wikitext submit.py log — paq8_gpu — 2026-05-25T22:33:37+00:00Z
[modal] launching A100-80GB ...
✓ Initialized. View run at 
https://modal.com/apps/ab-10/main/ap-Lti5770urCFn7yhFv1glv1
✓ Created objects.
├── 🔨 Created mount /home/seneca/wikitext/submit.py
├── 🔨 Created mount /home/seneca/wikitext/task.py
├── 🔨 Created mount /home/seneca/wikitext/verify_nvml.py
├── 🔨 Created mount /home/seneca/wikitext/run_eval.py
├── 🔨 Created mount /home/seneca/wikitext/wikitext.py
└── 🔨 Created function run_submission.
[modal] verifying NVML energy counter ...
GPU: NVIDIA A100 80GB PCIe
sampling idle power for 3s ...
  idle: 53.6 W
running 30s stress workload ...
/usr/local/lib/python3.11/site-packages/torch/_subclasses/functional_tensor.py:295: UserWarning: Failed to initialize NumPy: No module named 'numpy' (Triggered internally at ../torch/csrc/utils/tensor_numpy.cpp:84.)
  cpu = _conversion_method_template(device=torch.device("cpu"))
  duration:       36.6 s
  energy delta:   8,568.0 J
  avg power:      234.3 W
  monotonic:      True
---
{"nvml_available": true, "energy_counter_supported": true, "monotonic": true, "idle_watts": 53.5561333333333, "stress_watts_avg": 234.26113668985977, "stress_energy_joules": 8567.998, "stress_duration_s": 36.574560002, "gpu_name": "NVIDIA A100 80GB PCIe", "notes": []}
[modal] running submission (TEST_CHARS=60000 MAX_TRAIN_SECONDS=300.0 ACC_MIN=0.7) ...
loading WikiText-103 from /data ...
  train chars: 540,095,682
  val   chars: 60,000  (scored, gated by --acc-min)
train wall-clock cap: 300 s
val accuracy floor : 0.7000
[paq8] numpy not available; installing via pip

[notice] A new release of pip is available: 24.0 -> 26.1.1
[notice] To update, run: pip install --upgrade pip
training submission /workspace/paq8_gpu.py ...
[paq8] device=cuda max_order=11 skip1_len=5 case7_order=7
[paq8] encoded 539,096,898 train bytes (0.5s); heldout=2,000,000 bytes
[paq8] KN build max_order=11 D=0.5
[paq8] KN top order=11 pairs=118,988,639 2.0s
[paq8] KN ctx_len=10 ctxs=84,084,448 12.4s
[paq8] KN ctx_len=9 ctxs=54,600,791 8.2s
[paq8] KN ctx_len=8 ctxs=31,859,845 5.0s
[paq8] KN ctx_len=7 ctxs=16,254,833 2.6s
[paq8] KN ctx_len=6 ctxs=7,004,457 1.2s
[paq8] KN ctx_len=5 ctxs=2,434,266 0.4s
[paq8] KN ctx_len=4 ctxs=636,106 0.1s
[paq8] KN ctx_len=3 ctxs=122,668 0.0s
[paq8] KN ctx_len=2 ctxs=12,277 0.0s
[paq8] KN ctx_len=1 ctxs=204 0.0s
[paq8] KN ctx_len=0 ctxs=1 0.0s
[paq8] KN build done 32.0s
[paq8] skip1 build ctx_len=5
[paq8] skip1 unique=10,355,302 0.9s
[paq8] case-folded order=7
[paq8] case-folded unique=13,277,020 0.7s
[paq8] all tables built in 35.7s
[paq8] mixer-data 50,000/80,000 (2753 pos/s)
[paq8] mixer data collected 80,000 samples feat_dim=14 (29.0s)
[paq8] mixer step=   0 loss=1.3427
[paq8] mixer step= 187 loss=1.0361
[paq8] mixer step= 374 loss=0.9938
[paq8] mixer step= 561 loss=0.9723
[paq8] mixer step= 748 loss=1.0159
[paq8] mixer step= 935 loss=1.0258
[paq8] mixer step=1122 loss=1.0009
[paq8] mixer step=1309 loss=0.9837
[paq8] mixer step=1496 loss=1.0264
[paq8] mixer step=1499 loss=1.0230
[paq8] mixer fit done 2.7s
[paq8] total build: 67.5s
training: 2,333.1 J   duration=68.2s
evaluating on val split ...
  eval      1,200/60,000 (  2.0%)  acc=0.7100     2718 char/s  eta=    22s
  eval      2,400/60,000 (  4.0%)  acc=0.6975     2659 char/s  eta=    22s
  eval      3,600/60,000 (  6.0%)  acc=0.6958     2634 char/s  eta=    21s
  eval      4,800/60,000 (  8.0%)  acc=0.7063     2623 char/s  eta=    21s
  eval      6,000/60,000 ( 10.0%)  acc=0.7070     2619 char/s  eta=    21s
  eval      7,200/60,000 ( 12.0%)  acc=0.7010     2616 char/s  eta=    20s
  eval      8,400/60,000 ( 14.0%)  acc=0.7032     2616 char/s  eta=    20s
  eval      9,600/60,000 ( 16.0%)  acc=0.7091     2612 char/s  eta=    19s
  eval     10,800/60,000 ( 18.0%)  acc=0.7176     2611 char/s  eta=    19s
  eval     12,000/60,000 ( 20.0%)  acc=0.7184     2608 char/s  eta=    18s
  eval     13,200/60,000 ( 22.0%)  acc=0.7217     2606 char/s  eta=    18s
  eval     14,400/60,000 ( 24.0%)  acc=0.7229     2605 char/s  eta=    18s
  eval     15,600/60,000 ( 26.0%)  acc=0.7245     2605 char/s  eta=    17s
  eval     16,800/60,000 ( 28.0%)  acc=0.7277     2605 char/s  eta=    17s
  eval     18,000/60,000 ( 30.0%)  acc=0.7286     2604 char/s  eta=    16s
  eval     19,200/60,000 ( 32.0%)  acc=0.7312     2603 char/s  eta=    16s
  eval     20,400/60,000 ( 34.0%)  acc=0.7328     2603 char/s  eta=    15s
  eval     21,600/60,000 ( 36.0%)  acc=0.7336     2603 char/s  eta=    15s
  eval     22,800/60,000 ( 38.0%)  acc=0.7335     2602 char/s  eta=    14s
  eval     24,000/60,000 ( 40.0%)  acc=0.7338     2601 char/s  eta=    14s
  eval     25,200/60,000 ( 42.0%)  acc=0.7347     2600 char/s  eta=    13s
  eval     26,400/60,000 ( 44.0%)  acc=0.7354     2600 char/s  eta=    13s
  eval     27,600/60,000 ( 46.0%)  acc=0.7341     2600 char/s  eta=    12s
  eval     28,800/60,000 ( 48.0%)  acc=0.7341     2601 char/s  eta=    12s
  eval     30,000/60,000 ( 50.0%)  acc=0.7339     2601 char/s  eta=    12s
  eval     31,200/60,000 ( 52.0%)  acc=0.7308     2601 char/s  eta=    11s
  eval     32,400/60,000 ( 54.0%)  acc=0.7295     2602 char/s  eta=    11s
  eval     33,600/60,000 ( 56.0%)  acc=0.7277     2602 char/s  eta=    10s
  eval     34,800/60,000 ( 58.0%)  acc=0.7276     2602 char/s  eta=    10s
  eval     36,000/60,000 ( 60.0%)  acc=0.7273     2601 char/s  eta=     9s
  eval     37,200/60,000 ( 62.0%)  acc=0.7272     2601 char/s  eta=     9s
  eval     38,400/60,000 ( 64.0%)  acc=0.7272     2600 char/s  eta=     8s
  eval     39,600/60,000 ( 66.0%)  acc=0.7263     2600 char/s  eta=     8s
  eval     40,800/60,000 ( 68.0%)  acc=0.7258     2600 char/s  eta=     7s
  eval     42,000/60,000 ( 70.0%)  acc=0.7249     2599 char/s  eta=     7s
  eval     43,200/60,000 ( 72.0%)  acc=0.7244     2599 char/s  eta=     6s
  eval     44,400/60,000 ( 74.0%)  acc=0.7243     2598 char/s  eta=     6s
  eval     45,600/60,000 ( 76.0%)  acc=0.7241     2598 char/s  eta=     6s
  eval     46,800/60,000 ( 78.0%)  acc=0.7231     2597 char/s  eta=     5s
  eval     48,000/60,000 ( 80.0%)  acc=0.7233     2597 char/s  eta=     5s
  eval     49,200/60,000 ( 82.0%)  acc=0.7230     2597 char/s  eta=     4s
  eval     50,400/60,000 ( 84.0%)  acc=0.7234     2597 char/s  eta=     4s
  eval     51,600/60,000 ( 86.0%)  acc=0.7237     2598 char/s  eta=     3s
  eval     52,800/60,000 ( 88.0%)  acc=0.7239     2600 char/s  eta=     3s
  eval     54,000/60,000 ( 90.0%)  acc=0.7241     2600 char/s  eta=     2s
  eval     55,200/60,000 ( 92.0%)  acc=0.7232     2600 char/s  eta=     2s
  eval     56,400/60,000 ( 94.0%)  acc=0.7230     2601 char/s  eta=     1s
  eval     57,600/60,000 ( 96.0%)  acc=0.7236     2601 char/s  eta=     1s
  eval     58,800/60,000 ( 98.0%)  acc=0.7240     2601 char/s  eta=     0s
  eval     60,000/60,000 (100.0%)  acc=0.7248     2600 char/s  eta=     0s
chars=60,000  acc=0.7248  eval_duration=23.1s
---
submission         : paq8_gpu
training energy (J): 2,333.1
training duration  : 68.2s
val  char-accuracy : 0.7248
val  chars         : 60,000
wrote /tmp/result.json
Stopping app - local entrypoint completed.
✓ App completed. View run at 
https://modal.com/apps/ab-10/main/ap-Lti5770urCFn7yhFv1glv1

# final result
{
  "submission": "paq8_gpu",
  "training_energy_J": 2333.0909251499997,
  "training_duration_s": 68.19810149700001,
  "val_char_accuracy": 0.7248333333333333,
  "val_chars": 60000,
  "gpu_name": "NVIDIA A100 80GB PCIe",
  "date_utc": "2026-05-25T22:36:03Z",
  "_nvml": {
    "nvml_available": true,
    "energy_counter_supported": true,
    "monotonic": true,
    "idle_watts": 53.5561333333333,
    "stress_watts_avg": 234.26113668985977,
    "stress_energy_joules": 8567.998,
    "stress_duration_s": 36.574560002,
    "gpu_name": "NVIDIA A100 80GB PCIe",
    "notes": []
  },
  "contributor": "@worker-paq8-gpu"
}
