# wikitext submit.py log — ff_pretrain_then_sgd — 2026-05-25T17:48:09+00:00Z
[modal] launching A100-80GB ...
✓ Initialized. View run at 
https://modal.com/apps/ab-10/main/ap-zwNrGROtVZgWZTWtsStEmf
✓ Created objects.
├── 🔨 Created mount /home/seneca/wikitext/submit.py
├── 🔨 Created mount /home/seneca/wikitext/verify_nvml.py
├── 🔨 Created mount /home/seneca/wikitext/task.py
├── 🔨 Created mount /home/seneca/wikitext/wikitext.py
├── 🔨 Created mount /home/seneca/wikitext/run_eval.py
└── 🔨 Created function run_submission.
[modal] verifying NVML energy counter ...
GPU: NVIDIA A100 80GB PCIe
sampling idle power for 3s ...
  idle: 57.7 W
running 30s stress workload ...
/usr/local/lib/python3.11/site-packages/torch/_subclasses/functional_tensor.py:295: UserWarning: Failed to initialize NumPy: No module named 'numpy' (Triggered internally at ../torch/csrc/utils/tensor_numpy.cpp:84.)
  cpu = _conversion_method_template(device=torch.device("cpu"))
  duration:       36.6 s
  energy delta:   8,649.4 J
  avg power:      236.5 W
  monotonic:      True
---
{"nvml_available": true, "energy_counter_supported": true, "monotonic": true, "idle_watts": 57.71331666666666, "stress_watts_avg": 236.501921897039, "stress_energy_joules": 8649.406, "stress_duration_s": 36.572244024999996, "gpu_name": "NVIDIA A100 80GB PCIe", "notes": []}
[modal] running submission (TEST_CHARS=60000 MAX_TRAIN_SECONDS=300.0 ACC_MIN=0.7) ...
loading WikiText-103 from /data ...
  train chars: 540,095,682
  val   chars: 60,000  (scored, gated by --acc-min)
train wall-clock cap: 300 s
val accuracy floor : 0.7000
/usr/local/lib/python3.11/site-packages/torch/_subclasses/functional_tensor.py:295: UserWarning: Failed to initialize NumPy: No module named 'numpy' (Triggered internally at ../torch/csrc/utils/tensor_numpy.cpp:84.)
  cpu = _conversion_method_template(device=torch.device("cpu"))
training submission /workspace/ff_pretrain_then_sgd.py ...
[ff_pretrain] 10.84M params  dim=384 L=6 bs=32 T=1024
[ff_pretrain] init-time per-block h_std: [ 0.996   0.996   0.996   0.996   0.996   0.996]
[ff] Stage-1 begin  theta=384.0  max_steps=300  budget=80s  batch=32  T=256
[ff] step    1  t=  0.2s  g_pos=[  381.0    381.0    381.0    381.0    381.0    381.0]  g_neg=[  381.0    381.0    381.0    381.0    381.0    381.0]  h_std=[  1.00    1.00    1.00    1.00    1.00    1.00]
[ff] step   25  t=  1.2s  g_pos=[  384.6    380.6    377.8    361.5    348.3    382.6]  g_neg=[  384.8    380.9    378.4    362.3    349.2    383.5]  h_std=[  1.00    1.00    0.99    0.97    0.95    1.00]
[ff] step   50  t=  2.3s  g_pos=[  384.2    385.0    383.0    393.0    403.9    368.2]  g_neg=[  384.2    385.0    383.1    393.2    404.1    368.5]  h_std=[  1.00    1.00    1.00    1.01    1.03    0.98]
[ff] step   75  t=  3.4s  g_pos=[  385.1    385.4    385.7    384.5    376.3    353.3]  g_neg=[  385.1    385.4    385.7    384.5    376.4    353.4]  h_std=[  1.00    1.00    1.00    1.00    0.99    0.96]
[ff] step  100  t=  4.5s  g_pos=[  384.4    385.4    385.8    386.2    392.2    398.3]  g_neg=[  384.4    385.3    385.7    386.1    392.1    398.2]  h_std=[  1.00    1.00    1.00    1.00    1.01    1.02]
[ff] step  125  t=  5.6s  g_pos=[  384.8    386.2    387.9    388.7    389.9    390.0]  g_neg=[  384.7    386.0    387.7    388.6    389.8    390.0]  h_std=[  1.00    1.00    1.00    1.01    1.01    1.01]
[ff] step  150  t=  6.7s  g_pos=[  384.8    385.2    385.6    385.9    385.4    385.4]  g_neg=[  384.5    384.8    385.2    385.6    385.1    385.1]  h_std=[  1.00    1.00    1.00    1.00    1.00    1.00]
[ff] step  175  t=  7.8s  g_pos=[  383.7    383.2    382.4    381.1    377.2    375.8]  g_neg=[  383.2    382.6    381.7    380.5    376.6    375.2]  h_std=[  1.00    1.00    1.00    1.00    0.99    0.99]
[ff] step  200  t=  8.9s  g_pos=[  384.3    383.9    383.7    383.2    383.0    381.7]  g_neg=[  383.7    383.3    383.1    382.6    382.5    381.2]  h_std=[  1.00    1.00    1.00    1.00    1.00    1.00]
[ff] step  225  t= 10.0s  g_pos=[  385.4    386.0    386.2    385.6    379.7    376.6]  g_neg=[  384.6    385.3    385.4    384.8    378.9    375.9]  h_std=[  1.00    1.00    1.00    1.00    0.99    0.99]
[ff] step  250  t= 11.1s  g_pos=[  384.8    385.1    385.2    386.5    382.4    374.7]  g_neg=[  384.1    384.3    384.4    385.8    381.8    374.1]  h_std=[  1.00    1.00    1.00    1.00    1.00    0.99]
[ff] step  275  t= 12.2s  g_pos=[  383.5    382.3    381.4    379.2    378.1    384.5]  g_neg=[  382.6    381.4    380.6    378.4    377.4    383.8]  h_std=[  1.00    1.00    1.00    0.99    0.99    1.00]
[ff] step  300  t= 13.2s  g_pos=[  384.9    386.3    386.4    386.4    385.7    382.9]  g_neg=[  383.9    385.3    385.4    385.4    384.7    382.1]  h_std=[  1.00    1.00    1.00    1.00    1.00    1.00]
[ff] Stage-1 end    steps=300  duration=13.2s
[ff_pretrain] post-FF  per-block h_std: [ 1.002   1.003   1.001   0.999   0.997   0.992]
[ff_pretrain] gate ratio (post/init) per block: [  1.01    1.01    1.01    1.00    1.00    1.00]  threshold=5.0
[ff_pretrain] sanity gate PASSED — proceeding to Stage 2
[stage2] begin  n_steps=1900  budget=215s
[stage2] step     0/1900  loss 5.5452  elapsed 0s
[stage2] step   100/1900  loss 1.6792  elapsed 11s
[stage2] step   200/1900  loss 1.4252  elapsed 21s
[stage2] step   300/1900  loss 1.3605  elapsed 32s
[stage2] step   400/1900  loss 1.2384  elapsed 43s
[stage2] step   500/1900  loss 1.2224  elapsed 53s
[stage2] step   600/1900  loss 1.1748  elapsed 64s
[stage2] step   700/1900  loss 1.1544  elapsed 75s
[stage2] step   800/1900  loss 1.1650  elapsed 85s
[stage2] step   900/1900  loss 1.1298  elapsed 96s
[stage2] step  1000/1900  loss 1.0752  elapsed 107s
[stage2] step  1100/1900  loss 1.1063  elapsed 117s
[stage2] step  1200/1900  loss 1.0728  elapsed 128s
[stage2] step  1300/1900  loss 1.0550  elapsed 139s
[stage2] step  1400/1900  loss 1.0399  elapsed 149s
[stage2] step  1500/1900  loss 1.0336  elapsed 160s
[stage2] step  1600/1900  loss 1.0273  elapsed 170s
[stage2] step  1700/1900  loss 1.0220  elapsed 181s
[stage2] step  1800/1900  loss 0.9723  elapsed 192s
[stage2] step  1899/1900  loss 1.0075  elapsed 202s
[stage2] end    duration=202.4s
training: 48,194.0 J   duration=218.3s
evaluating on val split ...
  eval      1,200/60,000 (  2.0%)  acc=0.7183      159 char/s  eta=   369s
  eval      2,400/60,000 (  4.0%)  acc=0.7058      159 char/s  eta=   362s
  eval      3,600/60,000 (  6.0%)  acc=0.7069      159 char/s  eta=   355s
  eval      4,800/60,000 (  8.0%)  acc=0.7173      159 char/s  eta=   347s
  eval      6,000/60,000 ( 10.0%)  acc=0.7082      159 char/s  eta=   340s
  eval      7,200/60,000 ( 12.0%)  acc=0.7051      159 char/s  eta=   332s
  eval      8,400/60,000 ( 14.0%)  acc=0.7055      159 char/s  eta=   324s
  eval      9,600/60,000 ( 16.0%)  acc=0.7097      159 char/s  eta=   316s
  eval     10,800/60,000 ( 18.0%)  acc=0.7118      159 char/s  eta=   309s
  eval     12,000/60,000 ( 20.0%)  acc=0.7137      159 char/s  eta=   301s
  eval     13,200/60,000 ( 22.0%)  acc=0.7185      160 char/s  eta=   293s
  eval     14,400/60,000 ( 24.0%)  acc=0.7192      160 char/s  eta=   285s
  eval     15,600/60,000 ( 26.0%)  acc=0.7221      160 char/s  eta=   278s
  eval     16,800/60,000 ( 28.0%)  acc=0.7249      160 char/s  eta=   270s
  eval     18,000/60,000 ( 30.0%)  acc=0.7231      160 char/s  eta=   263s
  eval     19,200/60,000 ( 32.0%)  acc=0.7240      160 char/s  eta=   256s
  eval     20,400/60,000 ( 34.0%)  acc=0.7259      159 char/s  eta=   248s
  eval     21,600/60,000 ( 36.0%)  acc=0.7254      159 char/s  eta=   241s
  eval     22,800/60,000 ( 38.0%)  acc=0.7257      159 char/s  eta=   234s
  eval     24,000/60,000 ( 40.0%)  acc=0.7263      159 char/s  eta=   226s
  eval     25,200/60,000 ( 42.0%)  acc=0.7281      159 char/s  eta=   219s
  eval     26,400/60,000 ( 44.0%)  acc=0.7290      159 char/s  eta=   212s
  eval     27,600/60,000 ( 46.0%)  acc=0.7296      159 char/s  eta=   204s
  eval     28,800/60,000 ( 48.0%)  acc=0.7303      159 char/s  eta=   197s
  eval     30,000/60,000 ( 50.0%)  acc=0.7297      159 char/s  eta=   189s
  eval     31,200/60,000 ( 52.0%)  acc=0.7279      159 char/s  eta=   182s
  eval     32,400/60,000 ( 54.0%)  acc=0.7274      159 char/s  eta=   174s
  eval     33,600/60,000 ( 56.0%)  acc=0.7257      159 char/s  eta=   166s
  eval     34,800/60,000 ( 58.0%)  acc=0.7247      159 char/s  eta=   159s
  eval     36,000/60,000 ( 60.0%)  acc=0.7238      159 char/s  eta=   151s
  eval     37,200/60,000 ( 62.0%)  acc=0.7242      159 char/s  eta=   144s
  eval     38,400/60,000 ( 64.0%)  acc=0.7242      159 char/s  eta=   136s
  eval     39,600/60,000 ( 66.0%)  acc=0.7243      159 char/s  eta=   128s
  eval     40,800/60,000 ( 68.0%)  acc=0.7237      159 char/s  eta=   121s
  eval     42,000/60,000 ( 70.0%)  acc=0.7236      159 char/s  eta=   113s
  eval     43,200/60,000 ( 72.0%)  acc=0.7242      159 char/s  eta=   106s
  eval     44,400/60,000 ( 74.0%)  acc=0.7240      159 char/s  eta=    98s
  eval     45,600/60,000 ( 76.0%)  acc=0.7239      159 char/s  eta=    91s
  eval     46,800/60,000 ( 78.0%)  acc=0.7237      159 char/s  eta=    83s
  eval     48,000/60,000 ( 80.0%)  acc=0.7244      159 char/s  eta=    76s
  eval     49,200/60,000 ( 82.0%)  acc=0.7252      159 char/s  eta=    68s
  eval     50,400/60,000 ( 84.0%)  acc=0.7264      159 char/s  eta=    60s
  eval     51,600/60,000 ( 86.0%)  acc=0.7272      159 char/s  eta=    53s
  eval     52,800/60,000 ( 88.0%)  acc=0.7283      159 char/s  eta=    45s
  eval     54,000/60,000 ( 90.0%)  acc=0.7286      159 char/s  eta=    38s
  eval     55,200/60,000 ( 92.0%)  acc=0.7280      159 char/s  eta=    30s
  eval     56,400/60,000 ( 94.0%)  acc=0.7287      159 char/s  eta=    23s
  eval     57,600/60,000 ( 96.0%)  acc=0.7289      159 char/s  eta=    15s
  eval     58,800/60,000 ( 98.0%)  acc=0.7293      159 char/s  eta=     8s
  eval     60,000/60,000 (100.0%)  acc=0.7293      159 char/s  eta=     0s
chars=60,000  acc=0.7293  eval_duration=378.1s
---
submission         : ff_pretrain_then_sgd
training energy (J): 48,194.0
training duration  : 218.3s
val  char-accuracy : 0.7293
val  chars         : 60,000
wrote /tmp/result.json
Stopping app - local entrypoint completed.
✓ App completed. View run at 
https://modal.com/apps/ab-10/main/ap-zwNrGROtVZgWZTWtsStEmf

# final result
{
  "submission": "ff_pretrain_then_sgd",
  "training_energy_J": 48193.978319249996,
  "training_duration_s": 218.346173615,
  "val_char_accuracy": 0.7292833333333333,
  "val_chars": 60000,
  "gpu_name": "NVIDIA A100 80GB PCIe",
  "date_utc": "2026-05-25T17:58:54Z",
  "_nvml": {
    "nvml_available": true,
    "energy_counter_supported": true,
    "monotonic": true,
    "idle_watts": 57.71331666666666,
    "stress_watts_avg": 236.501921897039,
    "stress_energy_joules": 8649.406,
    "stress_duration_s": 36.572244024999996,
    "gpu_name": "NVIDIA A100 80GB PCIe",
    "notes": []
  },
  "contributor": "@ab-10"
}
