# wikitext submit.py log — rff_ridge_v1 — 2026-05-25T16:18:40+00:00Z
[modal] launching A100-80GB ...
✓ Initialized. View run at 
https://modal.com/apps/ab-10/main/ap-O9XK75RR0hxTuuOlE5GmAg
✓ Created objects.
├── 🔨 Created mount /home/seneca/wikitext/submit.py
├── 🔨 Created mount /home/seneca/wikitext/task.py
├── 🔨 Created mount /home/seneca/wikitext/run_eval.py
├── 🔨 Created mount /home/seneca/wikitext/verify_nvml.py
├── 🔨 Created mount /home/seneca/wikitext/wikitext.py
└── 🔨 Created function run_submission.
[modal] verifying NVML energy counter ...
GPU: NVIDIA A100 80GB PCIe
sampling idle power for 3s ...
  idle: 56.1 W
running 30s stress workload ...
/usr/local/lib/python3.11/site-packages/torch/_subclasses/functional_tensor.py:295: UserWarning: Failed to initialize NumPy: No module named 'numpy' (Triggered internally at ../torch/csrc/utils/tensor_numpy.cpp:84.)
  cpu = _conversion_method_template(device=torch.device("cpu"))
  duration:       36.5 s
  energy delta:   8,591.1 J
  avg power:      235.1 W
  monotonic:      True
---
{"nvml_available": true, "energy_counter_supported": true, "monotonic": true, "idle_watts": 56.0701525423729, "stress_watts_avg": 235.0833801543665, "stress_energy_joules": 8591.141, "stress_duration_s": 36.545080279000004, "gpu_name": "NVIDIA A100 80GB PCIe", "notes": []}
[modal] running submission (TEST_CHARS=60000 MAX_TRAIN_SECONDS=300.0 ACC_MIN=0.7) ...
loading WikiText-103 from /data ...
  train chars: 540,095,682
  val   chars: 60,000  (scored, gated by --acc-min)
train wall-clock cap: 300 s
val accuracy floor : 0.7000
/usr/local/lib/python3.11/site-packages/torch/_subclasses/functional_tensor.py:295: UserWarning: Failed to initialize NumPy: No module named 'numpy' (Triggered internally at ../torch/csrc/utils/tensor_numpy.cpp:84.)
  cpu = _conversion_method_template(device=torch.device("cpu"))
training submission /workspace/rff_ridge_v1.py ...
[rff_ridge] N_bytes=541,096,898  using 8,000,016 (8,000,000 train positions)
[rff_ridge] K=16 d_byte=64 d_in=1024 m=8192 gamma=0.3 lambda=0.01
[rff_ridge] streamed 8,000,000 positions in 10.6s (753,951 pos/s)
[rff_ridge] Cholesky solve: 0.20s  W.shape=(8192, 256)
[rff_ridge] total build: 11.7s
training: 2,564.7 J   duration=11.8s
evaluating on val split ...
/workspace/rff_ridge_v1.py:171: UserWarning: The given buffer is not writable, and PyTorch does not support non-writable tensors. This means you can write to the underlying (supposedly non-writable) buffer using the tensor. You may want to copy the buffer to protect its data or make it writable before converting it to a tensor. This type of warning will be suppressed for the rest of this program. (Triggered internally at ../torch/csrc/utils/tensor_new.cpp:1560.)
  ctx_ids = torch.frombuffer(bytes(ctx), dtype=torch.uint8).to(
  eval      1,200/60,000 (  2.0%)  acc=0.3333     6129 char/s  eta=    10s
  eval      2,400/60,000 (  4.0%)  acc=0.3496     6436 char/s  eta=     9s
  eval      3,600/60,000 (  6.0%)  acc=0.3572     6554 char/s  eta=     9s
  eval      4,800/60,000 (  8.0%)  acc=0.3638     6618 char/s  eta=     8s
  eval      6,000/60,000 ( 10.0%)  acc=0.3567     6654 char/s  eta=     8s
  eval      7,200/60,000 ( 12.0%)  acc=0.3551     6681 char/s  eta=     8s
  eval      8,400/60,000 ( 14.0%)  acc=0.3539     6695 char/s  eta=     8s
  eval      9,600/60,000 ( 16.0%)  acc=0.3559     6709 char/s  eta=     8s
  eval     10,800/60,000 ( 18.0%)  acc=0.3562     6719 char/s  eta=     7s
  eval     12,000/60,000 ( 20.0%)  acc=0.3556     6729 char/s  eta=     7s
  eval     13,200/60,000 ( 22.0%)  acc=0.3543     6733 char/s  eta=     7s
  eval     14,400/60,000 ( 24.0%)  acc=0.3537     6740 char/s  eta=     7s
  eval     15,600/60,000 ( 26.0%)  acc=0.3522     6745 char/s  eta=     7s
  eval     16,800/60,000 ( 28.0%)  acc=0.3525     6751 char/s  eta=     6s
  eval     18,000/60,000 ( 30.0%)  acc=0.3511     6754 char/s  eta=     6s
  eval     19,200/60,000 ( 32.0%)  acc=0.3521     6758 char/s  eta=     6s
  eval     20,400/60,000 ( 34.0%)  acc=0.3528     6761 char/s  eta=     6s
  eval     21,600/60,000 ( 36.0%)  acc=0.3517     6764 char/s  eta=     6s
  eval     22,800/60,000 ( 38.0%)  acc=0.3521     6766 char/s  eta=     5s
  eval     24,000/60,000 ( 40.0%)  acc=0.3533     6768 char/s  eta=     5s
  eval     25,200/60,000 ( 42.0%)  acc=0.3533     6770 char/s  eta=     5s
  eval     26,400/60,000 ( 44.0%)  acc=0.3557     6773 char/s  eta=     5s
  eval     27,600/60,000 ( 46.0%)  acc=0.3562     6774 char/s  eta=     5s
  eval     28,800/60,000 ( 48.0%)  acc=0.3568     6777 char/s  eta=     5s
  eval     30,000/60,000 ( 50.0%)  acc=0.3559     6779 char/s  eta=     4s
  eval     31,200/60,000 ( 52.0%)  acc=0.3548     6781 char/s  eta=     4s
  eval     32,400/60,000 ( 54.0%)  acc=0.3539     6781 char/s  eta=     4s
  eval     33,600/60,000 ( 56.0%)  acc=0.3533     6783 char/s  eta=     4s
  eval     34,800/60,000 ( 58.0%)  acc=0.3525     6784 char/s  eta=     4s
  eval     36,000/60,000 ( 60.0%)  acc=0.3528     6785 char/s  eta=     4s
  eval     37,200/60,000 ( 62.0%)  acc=0.3535     6786 char/s  eta=     3s
  eval     38,400/60,000 ( 64.0%)  acc=0.3541     6787 char/s  eta=     3s
  eval     39,600/60,000 ( 66.0%)  acc=0.3544     6788 char/s  eta=     3s
  eval     40,800/60,000 ( 68.0%)  acc=0.3549     6789 char/s  eta=     3s
  eval     42,000/60,000 ( 70.0%)  acc=0.3562     6790 char/s  eta=     3s
  eval     43,200/60,000 ( 72.0%)  acc=0.3572     6791 char/s  eta=     2s
  eval     44,400/60,000 ( 74.0%)  acc=0.3586     6791 char/s  eta=     2s
  eval     45,600/60,000 ( 76.0%)  acc=0.3592     6792 char/s  eta=     2s
  eval     46,800/60,000 ( 78.0%)  acc=0.3596     6792 char/s  eta=     2s
  eval     48,000/60,000 ( 80.0%)  acc=0.3602     6792 char/s  eta=     2s
  eval     49,200/60,000 ( 82.0%)  acc=0.3602     6792 char/s  eta=     2s
  eval     50,400/60,000 ( 84.0%)  acc=0.3616     6793 char/s  eta=     1s
  eval     51,600/60,000 ( 86.0%)  acc=0.3615     6793 char/s  eta=     1s
  eval     52,800/60,000 ( 88.0%)  acc=0.3610     6793 char/s  eta=     1s
  eval     54,000/60,000 ( 90.0%)  acc=0.3614     6794 char/s  eta=     1s
  eval     55,200/60,000 ( 92.0%)  acc=0.3618     6794 char/s  eta=     1s
  eval     56,400/60,000 ( 94.0%)  acc=0.3622     6795 char/s  eta=     1s
  eval     57,600/60,000 ( 96.0%)  acc=0.3628     6795 char/s  eta=     0s
  eval     58,800/60,000 ( 98.0%)  acc=0.3636     6795 char/s  eta=     0s
  eval     60,000/60,000 (100.0%)  acc=0.3641     6795 char/s  eta=     0s
chars=60,000  acc=0.3641  eval_duration=8.8s
---
DISQUALIFIED: val accuracy 0.3641 below floor 0.7000
submission         : rff_ridge_v1
training energy (J): 2,564.7
training duration  : 11.8s
wrote /tmp/result.json
Stopping app - local entrypoint completed.
✓ App completed. View run at 
https://modal.com/apps/ab-10/main/ap-O9XK75RR0hxTuuOlE5GmAg

# final result
{
  "submission": "rff_ridge_v1",
  "disqualified": true,
  "reason": "val_accuracy_below_floor",
  "acc_min": 0.7,
  "val_char_accuracy": 0.36406666666666665,
  "val_chars": 60000,
  "training_energy_J": 2564.6632971500003,
  "training_duration_s": 11.833494056999996,
  "gpu_name": "NVIDIA A100 80GB PCIe",
  "date_utc": "2026-05-25T16:19:53Z",
  "_nvml": {
    "nvml_available": true,
    "energy_counter_supported": true,
    "monotonic": true,
    "idle_watts": 56.0701525423729,
    "stress_watts_avg": 235.0833801543665,
    "stress_energy_joules": 8591.141,
    "stress_duration_s": 36.545080279000004,
    "gpu_name": "NVIDIA A100 80GB PCIe",
    "notes": []
  },
  "contributor": "@ab-10"
}
