# wikitext submit.py log — P2-D_context_64 — 2026-05-17T18:27:05+00:00Z
[modal] launching A100-80GB ...
✓ Initialized. View run at 
https://modal.com/apps/ab-10/main/ap-asNyCFIbScizY7V0YFdl6x
✓ Created objects.
├── 🔨 Created mount /home/seneca/wikitext/submit.py
├── 🔨 Created mount /home/seneca/wikitext/task.py
├── 🔨 Created mount /home/seneca/wikitext/verify_nvml.py
├── 🔨 Created mount /home/seneca/wikitext/run_eval.py
├── 🔨 Created mount /home/seneca/wikitext/wikitext.py
└── 🔨 Created function run_submission.
[modal] verifying NVML energy counter ...
GPU: NVIDIA A100-SXM4-80GB
sampling idle power for 3s ...
  idle: 60.9 W
running 30s stress workload ...
/usr/local/lib/python3.11/site-packages/torch/_subclasses/functional_tensor.py:295: UserWarning: Failed to initialize NumPy: No module named 'numpy' (Triggered internally at ../torch/csrc/utils/tensor_numpy.cpp:84.)
  cpu = _conversion_method_template(device=torch.device("cpu"))
  duration:       37.7 s
  energy delta:   11,929.0 J
  avg power:      316.6 W
  monotonic:      True
---
{"nvml_available": true, "energy_counter_supported": true, "monotonic": true, "idle_watts": 60.90200000000004, "stress_watts_avg": 316.61864391410853, "stress_energy_joules": 11929.001, "stress_duration_s": 37.676243106, "gpu_name": "NVIDIA A100-SXM4-80GB", "notes": []}
[modal] running submission (TEST_CHARS=60000 MAX_TRAIN_SECONDS=300.0 ACC_MIN=0.7) ...
loading WikiText-103 from /data ...
  train chars: 540,095,682
  val   chars: 60,000  (scored, gated by --acc-min)
train wall-clock cap: 300 s
val accuracy floor : 0.7000
/usr/local/lib/python3.11/site-packages/torch/_subclasses/functional_tensor.py:295: UserWarning: Failed to initialize NumPy: No module named 'numpy' (Triggered internally at ../torch/csrc/utils/tensor_numpy.cpp:84.)
  cpu = _conversion_method_template(device=torch.device("cpu"))
training submission /workspace/P2-D_context_64.py ...
[p2d] SEED=0
[p2d] 6.98M params  layers=5 width=384 K=64 theta=2.0 bs=256 steps=10000
[p2d] step     0/10000  loss(sum) 8.5151  G_pos 0.183  G_neg 0.184  elapsed 1s
[p2d] step   350  hard-neg ridge refit (20000 samples, 0.45s)
[p2d] step   700  hard-neg ridge refit (20000 samples, 0.05s)
[p2d] step  1000/10000  loss(sum) 5.5189  G_pos 2.049  G_neg 2.040  elapsed 9s
[p2d] step  1050  hard-neg ridge refit (20000 samples, 0.05s)
[p2d] step  1400  hard-neg ridge refit (20000 samples, 0.05s)
[p2d] step  1750  hard-neg ridge refit (20000 samples, 0.05s)
[p2d] step  2000/10000  loss(sum) 5.5178  G_pos 2.060  G_neg 2.033  elapsed 17s
[p2d] step  2100  hard-neg ridge refit (20000 samples, 0.05s)
[p2d] step  2450  hard-neg ridge refit (20000 samples, 0.05s)
[p2d] step  2800  hard-neg ridge refit (20000 samples, 0.05s)
[p2d] step  3000/10000  loss(sum) 5.4996  G_pos 2.004  G_neg 1.970  elapsed 24s
[p2d] step  3150  hard-neg ridge refit (20000 samples, 0.05s)
[p2d] step  3500  hard-neg ridge refit (20000 samples, 0.05s)
[p2d] step  3850  hard-neg ridge refit (20000 samples, 0.05s)
[p2d] step  4000/10000  loss(sum) 5.4999  G_pos 2.054  G_neg 2.014  elapsed 31s
[p2d] step  4200  hard-neg ridge refit (20000 samples, 0.05s)
[p2d] step  4550  hard-neg ridge refit (20000 samples, 0.05s)
[p2d] step  4900  hard-neg ridge refit (20000 samples, 0.05s)
[p2d] step  5000/10000  loss(sum) 5.4497  G_pos 2.022  G_neg 1.946  elapsed 38s
[p2d] step  5250  hard-neg ridge refit (20000 samples, 0.05s)
[p2d] step  5600  hard-neg ridge refit (20000 samples, 0.05s)
[p2d] step  5950  hard-neg ridge refit (20000 samples, 0.05s)
[p2d] step  6000/10000  loss(sum) 5.4872  G_pos 2.034  G_neg 1.985  elapsed 45s
[p2d] step  6300  hard-neg ridge refit (20000 samples, 0.05s)
[p2d] step  6650  hard-neg ridge refit (20000 samples, 0.05s)
[p2d] step  7000  hard-neg ridge refit (20000 samples, 0.05s)
[p2d] step  7000/10000  loss(sum) 5.5886  G_pos 2.013  G_neg 1.990  elapsed 52s
[p2d] step  7350  hard-neg ridge refit (20000 samples, 0.05s)
[p2d] step  7700  hard-neg ridge refit (20000 samples, 0.05s)
[p2d] step  8000/10000  loss(sum) 5.5280  G_pos 2.021  G_neg 1.996  elapsed 59s
[p2d] step  8050  hard-neg ridge refit (20000 samples, 0.05s)
[p2d] step  8400  hard-neg ridge refit (20000 samples, 0.05s)
[p2d] step  8750  hard-neg ridge refit (20000 samples, 0.05s)
[p2d] step  9000/10000  loss(sum) 5.5104  G_pos 2.062  G_neg 2.020  elapsed 66s
[p2d] step  9100  hard-neg ridge refit (20000 samples, 0.05s)
[p2d] step  9450  hard-neg ridge refit (20000 samples, 0.05s)
[p2d] step  9800  hard-neg ridge refit (20000 samples, 0.05s)
[p2d] step  9999/10000  loss(sum) 5.5040  G_pos 2.003  G_neg 1.965  elapsed 73s
[ridge] N_fit=80000 D=1536 lam=1.0 fit_s=0.2
[ridge] train_subset_acc=0.2137  (n=20000)
training: 4,957.4 J   duration=77.1s
evaluating on val split ...
  eval      1,200/60,000 (  2.0%)  acc=0.2225      944 char/s  eta=    62s
  eval      2,400/60,000 (  4.0%)  acc=0.2221      974 char/s  eta=    59s
  eval      3,600/60,000 (  6.0%)  acc=0.2275      985 char/s  eta=    57s
  eval      4,800/60,000 (  8.0%)  acc=0.2229      990 char/s  eta=    56s
  eval      6,000/60,000 ( 10.0%)  acc=0.2160      993 char/s  eta=    54s
  eval      7,200/60,000 ( 12.0%)  acc=0.2157      992 char/s  eta=    53s
  eval      8,400/60,000 ( 14.0%)  acc=0.2123      994 char/s  eta=    52s
  eval      9,600/60,000 ( 16.0%)  acc=0.2114      994 char/s  eta=    51s
  eval     10,800/60,000 ( 18.0%)  acc=0.2118      994 char/s  eta=    49s
  eval     12,000/60,000 ( 20.0%)  acc=0.2100      994 char/s  eta=    48s
  eval     13,200/60,000 ( 22.0%)  acc=0.2088      995 char/s  eta=    47s
  eval     14,400/60,000 ( 24.0%)  acc=0.2072      996 char/s  eta=    46s
  eval     15,600/60,000 ( 26.0%)  acc=0.2062      996 char/s  eta=    45s
  eval     16,800/60,000 ( 28.0%)  acc=0.2054      996 char/s  eta=    43s
  eval     18,000/60,000 ( 30.0%)  acc=0.2048      997 char/s  eta=    42s
  eval     19,200/60,000 ( 32.0%)  acc=0.2040      997 char/s  eta=    41s
  eval     20,400/60,000 ( 34.0%)  acc=0.2036      998 char/s  eta=    40s
  eval     21,600/60,000 ( 36.0%)  acc=0.2032      998 char/s  eta=    38s
  eval     22,800/60,000 ( 38.0%)  acc=0.2030      999 char/s  eta=    37s
  eval     24,000/60,000 ( 40.0%)  acc=0.2037      998 char/s  eta=    36s
  eval     25,200/60,000 ( 42.0%)  acc=0.2040      997 char/s  eta=    35s
  eval     26,400/60,000 ( 44.0%)  acc=0.2049      998 char/s  eta=    34s
  eval     27,600/60,000 ( 46.0%)  acc=0.2048      998 char/s  eta=    32s
  eval     28,800/60,000 ( 48.0%)  acc=0.2046      998 char/s  eta=    31s
  eval     30,000/60,000 ( 50.0%)  acc=0.2045      998 char/s  eta=    30s
  eval     31,200/60,000 ( 52.0%)  acc=0.2046      998 char/s  eta=    29s
  eval     32,400/60,000 ( 54.0%)  acc=0.2044      998 char/s  eta=    28s
  eval     33,600/60,000 ( 56.0%)  acc=0.2046      998 char/s  eta=    26s
  eval     34,800/60,000 ( 58.0%)  acc=0.2045      999 char/s  eta=    25s
  eval     36,000/60,000 ( 60.0%)  acc=0.2043      998 char/s  eta=    24s
  eval     37,200/60,000 ( 62.0%)  acc=0.2047      999 char/s  eta=    23s
  eval     38,400/60,000 ( 64.0%)  acc=0.2052      998 char/s  eta=    22s
  eval     39,600/60,000 ( 66.0%)  acc=0.2054      998 char/s  eta=    20s
  eval     40,800/60,000 ( 68.0%)  acc=0.2055      998 char/s  eta=    19s
  eval     42,000/60,000 ( 70.0%)  acc=0.2059      997 char/s  eta=    18s
  eval     43,200/60,000 ( 72.0%)  acc=0.2065      997 char/s  eta=    17s
  eval     44,400/60,000 ( 74.0%)  acc=0.2064      997 char/s  eta=    16s
  eval     45,600/60,000 ( 76.0%)  acc=0.2063      996 char/s  eta=    14s
  eval     46,800/60,000 ( 78.0%)  acc=0.2064      996 char/s  eta=    13s
  eval     48,000/60,000 ( 80.0%)  acc=0.2063      996 char/s  eta=    12s
  eval     49,200/60,000 ( 82.0%)  acc=0.2061      996 char/s  eta=    11s
  eval     50,400/60,000 ( 84.0%)  acc=0.2065      996 char/s  eta=    10s
  eval     51,600/60,000 ( 86.0%)  acc=0.2062      995 char/s  eta=     8s
  eval     52,800/60,000 ( 88.0%)  acc=0.2062      995 char/s  eta=     7s
  eval     54,000/60,000 ( 90.0%)  acc=0.2060      995 char/s  eta=     6s
  eval     55,200/60,000 ( 92.0%)  acc=0.2058      994 char/s  eta=     5s
  eval     56,400/60,000 ( 94.0%)  acc=0.2058      994 char/s  eta=     4s
  eval     57,600/60,000 ( 96.0%)  acc=0.2061      994 char/s  eta=     2s
  eval     58,800/60,000 ( 98.0%)  acc=0.2066      994 char/s  eta=     1s
  eval     60,000/60,000 (100.0%)  acc=0.2073      993 char/s  eta=     0s
chars=60,000  acc=0.2073  eval_duration=60.4s
---
DISQUALIFIED: val accuracy 0.2073 below floor 0.7000
submission         : P2-D_context_64
training energy (J): 4,957.4
training duration  : 77.1s
wrote /tmp/result.json
Stopping app - local entrypoint completed.
✓ App completed. View run at 
https://modal.com/apps/ab-10/main/ap-asNyCFIbScizY7V0YFdl6x
