# wikitext submit.py log — method_forward-forward-causal_pass_1  SEED=0 — 2026-05-17T13:32:10+00:00Z
[modal] launching A100-80GB  SEED=0 ...
✓ Initialized. View run at 
https://modal.com/apps/ab-10/main/ap-yyfOaZNu4ajk7Nyuzh2CbT
✓ Created objects.
├── 🔨 Created mount /home/seneca/wikitext/submit.py
├── 🔨 Created mount /home/seneca/wikitext/task.py
├── 🔨 Created mount /home/seneca/wikitext/verify_nvml.py
├── 🔨 Created mount /home/seneca/wikitext/wikitext.py
├── 🔨 Created mount /home/seneca/wikitext/run_eval.py
└── 🔨 Created function run_submission.
[modal] SEED=0 (calibration run)
[modal] verifying NVML energy counter ...
GPU: NVIDIA A100-SXM4-80GB
sampling idle power for 3s ...
  idle: 63.3 W
running 30s stress workload ...
/usr/local/lib/python3.11/site-packages/torch/_subclasses/functional_tensor.py:295: UserWarning: Failed to initialize NumPy: No module named 'numpy' (Triggered internally at ../torch/csrc/utils/tensor_numpy.cpp:84.)
  cpu = _conversion_method_template(device=torch.device("cpu"))
  duration:       37.7 s
  energy delta:   13,017.9 J
  avg power:      345.3 W
  monotonic:      True
---
{"nvml_available": true, "energy_counter_supported": true, "monotonic": true, "idle_watts": 63.34934999999994, "stress_watts_avg": 345.25084250966086, "stress_energy_joules": 13017.896, "stress_duration_s": 37.705616893999995, "gpu_name": "NVIDIA A100-SXM4-80GB", "notes": []}
[modal] running submission (TEST_CHARS=60000 MAX_TRAIN_SECONDS=300.0 ACC_MIN=0.7) ...
loading WikiText-103 from /data ...
  train chars: 540,095,682
  val   chars: 60,000  (scored, gated by --acc-min)
train wall-clock cap: 300 s
val accuracy floor : 0.7000
/usr/local/lib/python3.11/site-packages/torch/_subclasses/functional_tensor.py:295: UserWarning: Failed to initialize NumPy: No module named 'numpy' (Triggered internally at ../torch/csrc/utils/tensor_numpy.cpp:84.)
  cpu = _conversion_method_template(device=torch.device("cpu"))
training submission /workspace/method_forward-forward-causal_pass_1.py ...
[ff] SEED=0
[ff] 4.59M params  layers=6 width=512 K=24 theta=2.0 bs=256 steps=8000
[ff] step     0/8000  loss(sum) 10.6344  G_pos(L6) 0.187  G_neg(L6) 0.187  elapsed 2s
[ff] step   500/8000  loss(sum) 6.8018  G_pos(L6) 1.984  G_neg(L6) 1.922  elapsed 7s
[ff] step  1000/8000  loss(sum) 6.7988  G_pos(L6) 2.043  G_neg(L6) 1.929  elapsed 12s
[ff] step  1500/8000  loss(sum) 6.5346  G_pos(L6) 2.008  G_neg(L6) 1.720  elapsed 18s
[ff] step  2000/8000  loss(sum) 6.4562  G_pos(L6) 2.108  G_neg(L6) 1.772  elapsed 23s
[ff] step  2500/8000  loss(sum) 6.4349  G_pos(L6) 2.149  G_neg(L6) 1.855  elapsed 28s
[ff] step  3000/8000  loss(sum) 6.4401  G_pos(L6) 2.190  G_neg(L6) 1.916  elapsed 33s
[ff] step  3500/8000  loss(sum) 6.5528  G_pos(L6) 2.140  G_neg(L6) 1.823  elapsed 38s
[ff] step  4000/8000  loss(sum) 6.5082  G_pos(L6) 2.163  G_neg(L6) 1.845  elapsed 43s
[ff] step  4500/8000  loss(sum) 6.2478  G_pos(L6) 2.200  G_neg(L6) 1.780  elapsed 48s
[ff] step  5000/8000  loss(sum) 6.3474  G_pos(L6) 2.253  G_neg(L6) 1.888  elapsed 55s
[ff] step  5500/8000  loss(sum) 6.2911  G_pos(L6) 2.187  G_neg(L6) 1.803  elapsed 61s
[ff] step  6000/8000  loss(sum) 6.4497  G_pos(L6) 2.079  G_neg(L6) 1.736  elapsed 66s
[ff] step  6500/8000  loss(sum) 6.3078  G_pos(L6) 2.296  G_neg(L6) 1.891  elapsed 72s
[ff] step  7000/8000  loss(sum) 6.2815  G_pos(L6) 2.215  G_neg(L6) 1.893  elapsed 77s
[ff] step  7500/8000  loss(sum) 6.3104  G_pos(L6) 2.220  G_neg(L6) 1.828  elapsed 83s
[ff] step  7999/8000  loss(sum) 6.3213  G_pos(L6) 2.169  G_neg(L6) 1.803  elapsed 89s
training: 2,737.0 J   duration=95.6s
evaluating on val split ...
  eval      1,200/60,000 (  2.0%)  acc=0.2200      579 char/s  eta=   102s
  eval      2,400/60,000 (  4.0%)  acc=0.2404      546 char/s  eta=   105s
  eval      3,600/60,000 (  6.0%)  acc=0.2419      572 char/s  eta=    99s
  eval      4,800/60,000 (  8.0%)  acc=0.2419      552 char/s  eta=   100s
  eval      6,000/60,000 ( 10.0%)  acc=0.2398      556 char/s  eta=    97s
  eval      7,200/60,000 ( 12.0%)  acc=0.2408      567 char/s  eta=    93s
  eval      8,400/60,000 ( 14.0%)  acc=0.2380      575 char/s  eta=    90s
  eval      9,600/60,000 ( 16.0%)  acc=0.2373      567 char/s  eta=    89s
  eval     10,800/60,000 ( 18.0%)  acc=0.2369      572 char/s  eta=    86s
  eval     12,000/60,000 ( 20.0%)  acc=0.2351      573 char/s  eta=    84s
  eval     13,200/60,000 ( 22.0%)  acc=0.2339      573 char/s  eta=    82s
  eval     14,400/60,000 ( 24.0%)  acc=0.2342      580 char/s  eta=    79s
  eval     15,600/60,000 ( 26.0%)  acc=0.2319      586 char/s  eta=    76s
  eval     16,800/60,000 ( 28.0%)  acc=0.2309      591 char/s  eta=    73s
  eval     18,000/60,000 ( 30.0%)  acc=0.2298      596 char/s  eta=    70s
  eval     19,200/60,000 ( 32.0%)  acc=0.2286      601 char/s  eta=    68s
  eval     20,400/60,000 ( 34.0%)  acc=0.2296      604 char/s  eta=    66s
  eval     21,600/60,000 ( 36.0%)  acc=0.2286      607 char/s  eta=    63s
  eval     22,800/60,000 ( 38.0%)  acc=0.2284      610 char/s  eta=    61s
  eval     24,000/60,000 ( 40.0%)  acc=0.2293      613 char/s  eta=    59s
  eval     25,200/60,000 ( 42.0%)  acc=0.2297      615 char/s  eta=    57s
  eval     26,400/60,000 ( 44.0%)  acc=0.2311      618 char/s  eta=    54s
  eval     27,600/60,000 ( 46.0%)  acc=0.2311      620 char/s  eta=    52s
  eval     28,800/60,000 ( 48.0%)  acc=0.2311      622 char/s  eta=    50s
  eval     30,000/60,000 ( 50.0%)  acc=0.2305      624 char/s  eta=    48s
  eval     31,200/60,000 ( 52.0%)  acc=0.2298      625 char/s  eta=    46s
  eval     32,400/60,000 ( 54.0%)  acc=0.2293      627 char/s  eta=    44s
  eval     33,600/60,000 ( 56.0%)  acc=0.2301      629 char/s  eta=    42s
  eval     34,800/60,000 ( 58.0%)  acc=0.2291      631 char/s  eta=    40s
  eval     36,000/60,000 ( 60.0%)  acc=0.2297      632 char/s  eta=    38s
  eval     37,200/60,000 ( 62.0%)  acc=0.2303      634 char/s  eta=    36s
  eval     38,400/60,000 ( 64.0%)  acc=0.2309      635 char/s  eta=    34s
  eval     39,600/60,000 ( 66.0%)  acc=0.2310      636 char/s  eta=    32s
  eval     40,800/60,000 ( 68.0%)  acc=0.2310      637 char/s  eta=    30s
  eval     42,000/60,000 ( 70.0%)  acc=0.2318      638 char/s  eta=    28s
  eval     43,200/60,000 ( 72.0%)  acc=0.2326      639 char/s  eta=    26s
  eval     44,400/60,000 ( 74.0%)  acc=0.2336      640 char/s  eta=    24s
  eval     45,600/60,000 ( 76.0%)  acc=0.2336      641 char/s  eta=    22s
  eval     46,800/60,000 ( 78.0%)  acc=0.2339      642 char/s  eta=    21s
  eval     48,000/60,000 ( 80.0%)  acc=0.2345      643 char/s  eta=    19s
  eval     49,200/60,000 ( 82.0%)  acc=0.2345      644 char/s  eta=    17s
  eval     50,400/60,000 ( 84.0%)  acc=0.2352      644 char/s  eta=    15s
  eval     51,600/60,000 ( 86.0%)  acc=0.2353      645 char/s  eta=    13s
  eval     52,800/60,000 ( 88.0%)  acc=0.2351      646 char/s  eta=    11s
  eval     54,000/60,000 ( 90.0%)  acc=0.2351      646 char/s  eta=     9s
  eval     55,200/60,000 ( 92.0%)  acc=0.2350      647 char/s  eta=     7s
  eval     56,400/60,000 ( 94.0%)  acc=0.2348      647 char/s  eta=     6s
  eval     57,600/60,000 ( 96.0%)  acc=0.2348      648 char/s  eta=     4s
  eval     58,800/60,000 ( 98.0%)  acc=0.2352      648 char/s  eta=     2s
  eval     60,000/60,000 (100.0%)  acc=0.2351      649 char/s  eta=     0s
chars=60,000  acc=0.2351  eval_duration=92.5s
---
DISQUALIFIED: val accuracy 0.2351 below floor 0.7000
submission         : method_forward-forward-causal_pass_1
training energy (J): 2,737.0
training duration  : 95.6s
wrote /tmp/result.json
Stopping app - local entrypoint completed.
✓ App completed. View run at 
https://modal.com/apps/ab-10/main/ap-yyfOaZNu4ajk7Nyuzh2CbT

# final result
{
  "submission": "method_forward-forward-causal_pass_1",
  "disqualified": true,
  "reason": "val_accuracy_below_floor",
  "acc_min": 0.7,
  "val_char_accuracy": 0.23508333333333334,
  "val_chars": 60000,
  "training_energy_J": 2737.0290567500006,
  "training_duration_s": 95.643198865,
  "gpu_name": "NVIDIA A100-SXM4-80GB",
  "date_utc": "2026-05-17T13:36:21Z",
  "_nvml": {
    "nvml_available": true,
    "energy_counter_supported": true,
    "monotonic": true,
    "idle_watts": 63.34934999999994,
    "stress_watts_avg": 345.25084250966086,
    "stress_energy_joules": 13017.896,
    "stress_duration_s": 37.705616893999995,
    "gpu_name": "NVIDIA A100-SXM4-80GB",
    "notes": []
  },
  "seed": 0,
  "contributor": "@survey-ff"
}
