# wikitext submit.py log — mha_alpha03 — 2026-05-25T18:46:30+00:00Z
[modal] launching A100-80GB ...
✓ Initialized. View run at 
https://modal.com/apps/ab-10/main/ap-YsR4pCSgpvQTu9MimOjezo
✓ Created objects.
├── 🔨 Created mount /home/seneca/wikitext/submit.py
├── 🔨 Created mount /home/seneca/wikitext/task.py
├── 🔨 Created mount /home/seneca/wikitext/run_eval.py
├── 🔨 Created mount /home/seneca/wikitext/verify_nvml.py
├── 🔨 Created mount /home/seneca/wikitext/wikitext.py
└── 🔨 Created function run_submission.
[modal] verifying NVML energy counter ...
GPU: NVIDIA A100 80GB PCIe
sampling idle power for 3s ...
  idle: 55.0 W
running 30s stress workload ...
/usr/local/lib/python3.11/site-packages/torch/_subclasses/functional_tensor.py:295: UserWarning: Failed to initialize NumPy: No module named 'numpy' (Triggered internally at ../torch/csrc/utils/tensor_numpy.cpp:84.)
  cpu = _conversion_method_template(device=torch.device("cpu"))
  duration:       37.5 s
  energy delta:   8,715.4 J
  avg power:      232.4 W
  monotonic:      True
---
{"nvml_available": true, "energy_counter_supported": true, "monotonic": true, "idle_watts": 55.00448333333335, "stress_watts_avg": 232.4095378552649, "stress_energy_joules": 8715.353, "stress_duration_s": 37.499979908, "gpu_name": "NVIDIA A100 80GB PCIe", "notes": []}
[modal] running submission (TEST_CHARS=60000 MAX_TRAIN_SECONDS=300.0 ACC_MIN=0.7) ...
loading WikiText-103 from /data ...
  train chars: 540,095,682
  val   chars: 60,000  (scored, gated by --acc-min)
train wall-clock cap: 300 s
val accuracy floor : 0.7000
/usr/local/lib/python3.11/site-packages/torch/_subclasses/functional_tensor.py:295: UserWarning: Failed to initialize NumPy: No module named 'numpy' (Triggered internally at ../torch/csrc/utils/tensor_numpy.cpp:84.)
  cpu = _conversion_method_template(device=torch.device("cpu"))
training submission /workspace/mha_alpha03.py ...
[mha] α' = 0.3
[mha] 7.29M params  cfg=TrainConfig(d=384 L=4 H=6 bs=32 T=1024 steps=2150 α'=0.3)
[mha] step     0/2150  loss 5.5452  elapsed 1s
[mha] step   100/2150  loss 1.5883  elapsed 12s
[mha] step   200/2150  loss 1.4240  elapsed 23s
[mha] step   300/2150  loss 1.3802  elapsed 33s
[mha] step   400/2150  loss 1.3024  elapsed 44s
[mha] step   500/2150  loss 1.2285  elapsed 55s
[mha] step   600/2150  loss 1.1941  elapsed 66s
[mha] step   700/2150  loss 1.1791  elapsed 76s
[mha] step   800/2150  loss 1.1721  elapsed 87s
[mha] step   900/2150  loss 1.1142  elapsed 98s
[mha] step  1000/2150  loss 1.0845  elapsed 109s
[mha] step  1100/2150  loss 1.1334  elapsed 120s
[mha] step  1200/2150  loss 1.0772  elapsed 130s
[mha] step  1300/2150  loss 1.1260  elapsed 141s
[mha] step  1400/2150  loss 1.0648  elapsed 152s
[mha] step  1500/2150  loss 1.0461  elapsed 163s
[mha] step  1600/2150  loss 1.0436  elapsed 174s
[mha] step  1700/2150  loss 0.9987  elapsed 185s
[mha] step  1800/2150  loss 1.0000  elapsed 196s
[mha] step  1900/2150  loss 1.0112  elapsed 207s
[mha] step  2000/2150  loss 0.9978  elapsed 218s
[mha] step  2100/2150  loss 0.9813  elapsed 228s
[mha] step  2149/2150  loss 0.9658  elapsed 234s
training: 53,319.0 J   duration=236.5s
evaluating on val split ...
  eval      1,200/60,000 (  2.0%)  acc=0.7300      161 char/s  eta=   366s
  eval      2,400/60,000 (  4.0%)  acc=0.7142      161 char/s  eta=   358s
  eval      3,600/60,000 (  6.0%)  acc=0.7161      161 char/s  eta=   350s
  eval      4,800/60,000 (  8.0%)  acc=0.7225      161 char/s  eta=   342s
  eval      6,000/60,000 ( 10.0%)  acc=0.7128      161 char/s  eta=   335s
  eval      7,200/60,000 ( 12.0%)  acc=0.7096      161 char/s  eta=   327s
  eval      8,400/60,000 ( 14.0%)  acc=0.7076      161 char/s  eta=   320s
  eval      9,600/60,000 ( 16.0%)  acc=0.7123      161 char/s  eta=   312s
  eval     10,800/60,000 ( 18.0%)  acc=0.7142      161 char/s  eta=   305s
  eval     12,000/60,000 ( 20.0%)  acc=0.7152      162 char/s  eta=   297s
  eval     13,200/60,000 ( 22.0%)  acc=0.7205      162 char/s  eta=   290s
  eval     14,400/60,000 ( 24.0%)  acc=0.7210      162 char/s  eta=   282s
  eval     15,600/60,000 ( 26.0%)  acc=0.7230      162 char/s  eta=   275s
  eval     16,800/60,000 ( 28.0%)  acc=0.7258      161 char/s  eta=   268s
  eval     18,000/60,000 ( 30.0%)  acc=0.7238      161 char/s  eta=   260s
  eval     19,200/60,000 ( 32.0%)  acc=0.7253      161 char/s  eta=   253s
  eval     20,400/60,000 ( 34.0%)  acc=0.7269      161 char/s  eta=   245s
  eval     21,600/60,000 ( 36.0%)  acc=0.7264      162 char/s  eta=   238s
  eval     22,800/60,000 ( 38.0%)  acc=0.7272      162 char/s  eta=   230s
  eval     24,000/60,000 ( 40.0%)  acc=0.7276      162 char/s  eta=   223s
  eval     25,200/60,000 ( 42.0%)  acc=0.7291      162 char/s  eta=   215s
  eval     26,400/60,000 ( 44.0%)  acc=0.7301      162 char/s  eta=   208s
  eval     27,600/60,000 ( 46.0%)  acc=0.7311      162 char/s  eta=   200s
  eval     28,800/60,000 ( 48.0%)  acc=0.7312      162 char/s  eta=   193s
  eval     30,000/60,000 ( 50.0%)  acc=0.7305      162 char/s  eta=   186s
  eval     31,200/60,000 ( 52.0%)  acc=0.7283      161 char/s  eta=   178s
  eval     32,400/60,000 ( 54.0%)  acc=0.7282      161 char/s  eta=   171s
  eval     33,600/60,000 ( 56.0%)  acc=0.7262      161 char/s  eta=   163s
  eval     34,800/60,000 ( 58.0%)  acc=0.7250      161 char/s  eta=   156s
  eval     36,000/60,000 ( 60.0%)  acc=0.7245      162 char/s  eta=   148s
  eval     37,200/60,000 ( 62.0%)  acc=0.7249      162 char/s  eta=   141s
  eval     38,400/60,000 ( 64.0%)  acc=0.7252      162 char/s  eta=   133s
  eval     39,600/60,000 ( 66.0%)  acc=0.7253      162 char/s  eta=   126s
  eval     40,800/60,000 ( 68.0%)  acc=0.7250      162 char/s  eta=   119s
  eval     42,000/60,000 ( 70.0%)  acc=0.7249      162 char/s  eta=   111s
  eval     43,200/60,000 ( 72.0%)  acc=0.7253      162 char/s  eta=   104s
  eval     44,400/60,000 ( 74.0%)  acc=0.7251      162 char/s  eta=    96s
  eval     45,600/60,000 ( 76.0%)  acc=0.7252      162 char/s  eta=    89s
  eval     46,800/60,000 ( 78.0%)  acc=0.7247      162 char/s  eta=    82s
  eval     48,000/60,000 ( 80.0%)  acc=0.7252      162 char/s  eta=    74s
  eval     49,200/60,000 ( 82.0%)  acc=0.7257      162 char/s  eta=    67s
  eval     50,400/60,000 ( 84.0%)  acc=0.7272      162 char/s  eta=    59s
  eval     51,600/60,000 ( 86.0%)  acc=0.7278      162 char/s  eta=    52s
  eval     52,800/60,000 ( 88.0%)  acc=0.7285      162 char/s  eta=    44s
  eval     54,000/60,000 ( 90.0%)  acc=0.7290      162 char/s  eta=    37s
  eval     55,200/60,000 ( 92.0%)  acc=0.7285      162 char/s  eta=    30s
  eval     56,400/60,000 ( 94.0%)  acc=0.7291      162 char/s  eta=    22s
  eval     57,600/60,000 ( 96.0%)  acc=0.7296      162 char/s  eta=    15s
  eval     58,800/60,000 ( 98.0%)  acc=0.7301      162 char/s  eta=     7s
  eval     60,000/60,000 (100.0%)  acc=0.7299      162 char/s  eta=     0s
chars=60,000  acc=0.7299  eval_duration=370.6s
---
submission         : mha_alpha03
training energy (J): 53,319.0
training duration  : 236.5s
val  char-accuracy : 0.7299
val  chars         : 60,000
wrote /tmp/result.json
Stopping app - local entrypoint completed.
✓ App completed. View run at 
https://modal.com/apps/ab-10/main/ap-YsR4pCSgpvQTu9MimOjezo

# final result
{
  "submission": "mha_alpha03",
  "training_energy_J": 53318.969944,
  "training_duration_s": 236.53594112,
  "val_char_accuracy": 0.7298666666666667,
  "val_chars": 60000,
  "gpu_name": "NVIDIA A100 80GB PCIe",
  "date_utc": "2026-05-25T18:57:26Z",
  "_nvml": {
    "nvml_available": true,
    "energy_counter_supported": true,
    "monotonic": true,
    "idle_watts": 55.00448333333335,
    "stress_watts_avg": 232.4095378552649,
    "stress_energy_joules": 8715.353,
    "stress_duration_s": 37.499979908,
    "gpu_name": "NVIDIA A100 80GB PCIe",
    "notes": []
  },
  "contributor": "@ab-10"
}
