# wikitext submit.py log — method_ppm-context-tree_pass_2  SEED=0 — 2026-05-17T13:48:42+00:00Z
[modal] launching A100-80GB  SEED=0 ...
✓ Initialized. View run at 
https://modal.com/apps/ab-10/main/ap-jpIlgYxSQlv24hBUey7KpV
✓ Created objects.
├── 🔨 Created mount /home/seneca/wikitext/submit.py
├── 🔨 Created mount /home/seneca/wikitext/task.py
├── 🔨 Created mount /home/seneca/wikitext/verify_nvml.py
├── 🔨 Created mount /home/seneca/wikitext/run_eval.py
├── 🔨 Created mount /home/seneca/wikitext/wikitext.py
└── 🔨 Created function run_submission.
[modal] SEED=0 (calibration run)
[modal] verifying NVML energy counter ...
GPU: NVIDIA A100 80GB PCIe
sampling idle power for 3s ...
  idle: 53.8 W
running 30s stress workload ...
/usr/local/lib/python3.11/site-packages/torch/_subclasses/functional_tensor.py:295: UserWarning: Failed to initialize NumPy: No module named 'numpy' (Triggered internally at ../torch/csrc/utils/tensor_numpy.cpp:84.)
  cpu = _conversion_method_template(device=torch.device("cpu"))
  duration:       36.6 s
  energy delta:   8,515.9 J
  avg power:      232.7 W
  monotonic:      True
---
{"nvml_available": true, "energy_counter_supported": true, "monotonic": true, "idle_watts": 53.82701666666666, "stress_watts_avg": 232.71958372467012, "stress_energy_joules": 8515.904, "stress_duration_s": 36.592983984, "gpu_name": "NVIDIA A100 80GB PCIe", "notes": []}
[modal] running submission (TEST_CHARS=60000 MAX_TRAIN_SECONDS=300.0 ACC_MIN=0.7) ...
loading WikiText-103 from /data ...
  train chars: 540,095,682
  val   chars: 60,000  (scored, gated by --acc-min)
train wall-clock cap: 300 s
val accuracy floor : 0.7000
training submission /workspace/method_ppm-context-tree_pass_2.py ...
[ppmd2] SEED=0 (PPM is deterministic; logged only)
[ppmd2] train_text=541,096,898 bytes total; target 220,000,000 bytes; K=7
[ppmd2] trained 5,000,000/10,000,000 bytes  (216,275 byte/s, 23.1s, arena=2,210,527 nodes)
[ppmd2] trained 10,000,000/10,000,000 bytes  (214,223 byte/s, 46.7s, arena=3,304,851 nodes)
[ppmd2] first 10,000,000 bytes in 46.7s (arena=3,304,851 nodes)
[ppmd2] throughput < 0.7 MB/s → restart at K=6
[ppmd2] trained 5,000,000 bytes  (265,915 byte/s, 18.8s, arena=1,090,414 nodes)
[ppmd2] trained 10,000,000 bytes  (263,901 byte/s, 37.9s, arena=1,559,534 nodes)
[ppmd2] trained 15,000,000 bytes  (260,643 byte/s, 57.5s, arena=1,926,332 nodes)
[ppmd2] trained 20,000,000 bytes  (257,788 byte/s, 77.6s, arena=2,218,787 nodes)
[ppmd2] trained 25,000,000 bytes  (256,215 byte/s, 97.6s, arena=2,474,027 nodes)
[ppmd2] trained 30,000,000 bytes  (254,808 byte/s, 117.7s, arena=2,706,796 nodes)
[ppmd2] trained 35,000,000 bytes  (253,748 byte/s, 137.9s, arena=2,915,301 nodes)
[ppmd2] trained 40,000,000 bytes  (251,147 byte/s, 159.3s, arena=3,113,197 nodes)
[ppmd2] trained 45,000,000 bytes  (249,146 byte/s, 180.6s, arena=3,298,233 nodes)
[ppmd2] trained 50,000,000 bytes  (248,607 byte/s, 201.1s, arena=3,477,142 nodes)
[ppmd2] trained 55,000,000 bytes  (247,868 byte/s, 221.9s, arena=3,641,876 nodes)
[ppmd2] trained 60,000,000 bytes  (247,490 byte/s, 242.4s, arena=3,799,447 nodes)
---
DISQUALIFIED: training wall-clock budget exceeded (300.0 s)
submission         : method_ppm-context-tree_pass_2
training duration  : 300.0s
training energy (J): 979.6  (at kill)
wrote /tmp/result.json
Stopping app - local entrypoint completed.
✓ App completed. View run at 
https://modal.com/apps/ab-10/main/ap-jpIlgYxSQlv24hBUey7KpV

# final result
{
  "submission": "method_ppm-context-tree_pass_2",
  "disqualified": true,
  "reason": "train_time_exceeded",
  "max_train_seconds": 300.0,
  "training_energy_J": 979.643554549999,
  "training_duration_s": 300.00112890900004,
  "gpu_name": "NVIDIA A100 80GB PCIe",
  "date_utc": "2026-05-17T13:54:40Z",
  "_nvml": {
    "nvml_available": true,
    "energy_counter_supported": true,
    "monotonic": true,
    "idle_watts": 53.82701666666666,
    "stress_watts_avg": 232.71958372467012,
    "stress_energy_joules": 8515.904,
    "stress_duration_s": 36.592983984,
    "gpu_name": "NVIDIA A100 80GB PCIe",
    "notes": []
  },
  "seed": 0,
  "contributor": "@survey-ppm-p2"
}
