# wikitext submit.py log — performer_favor — 2026-05-25T16:24:21+00:00Z
[modal] launching A100-80GB ...
✓ Initialized. View run at 
https://modal.com/apps/ab-10/main/ap-RtyXsdP3760njnoDEhPlLa
✓ Created objects.
├── 🔨 Created mount /home/seneca/wikitext/submit.py
├── 🔨 Created mount /home/seneca/wikitext/task.py
├── 🔨 Created mount /home/seneca/wikitext/verify_nvml.py
├── 🔨 Created mount /home/seneca/wikitext/run_eval.py
├── 🔨 Created mount /home/seneca/wikitext/wikitext.py
└── 🔨 Created function run_submission.
[modal] verifying NVML energy counter ...
GPU: NVIDIA A100 80GB PCIe
sampling idle power for 3s ...
  idle: 54.9 W
running 30s stress workload ...
/usr/local/lib/python3.11/site-packages/torch/_subclasses/functional_tensor.py:295: UserWarning: Failed to initialize NumPy: No module named 'numpy' (Triggered internally at ../torch/csrc/utils/tensor_numpy.cpp:84.)
  cpu = _conversion_method_template(device=torch.device("cpu"))
  duration:       37.4 s
  energy delta:   8,642.2 J
  avg power:      231.3 W
  monotonic:      True
---
{"nvml_available": true, "energy_counter_supported": true, "monotonic": true, "idle_watts": 54.886566666666674, "stress_watts_avg": 231.3298070240558, "stress_energy_joules": 8642.157, "stress_duration_s": 37.35859685, "gpu_name": "NVIDIA A100 80GB PCIe", "notes": []}
[modal] running submission (TEST_CHARS=60000 MAX_TRAIN_SECONDS=300.0 ACC_MIN=0.7) ...
loading WikiText-103 from /data ...
  train chars: 540,095,682
  val   chars: 60,000  (scored, gated by --acc-min)
train wall-clock cap: 300 s
val accuracy floor : 0.7000
/usr/local/lib/python3.11/site-packages/torch/_subclasses/functional_tensor.py:295: UserWarning: Failed to initialize NumPy: No module named 'numpy' (Triggered internally at ../torch/csrc/utils/tensor_numpy.cpp:84.)
  cpu = _conversion_method_template(device=torch.device("cpu"))
training submission /workspace/performer_favor.py ...
[performer_favor] 10.84M params  cfg=TrainConfig(d=384 L=6 H=6 bs=32 T=1024 steps=1200)
[performer_favor] step     0/1200  loss 5.5452  elapsed 2s
[performer_favor] step   100/1200  loss 2.4280  elapsed 51s
[performer_favor] step   200/1200  loss 2.3262  elapsed 101s
[performer_favor] step   300/1200  loss 2.1270  elapsed 150s
[performer_favor] step   400/1200  loss 1.8518  elapsed 200s
[performer_favor] step   500/1200  loss 1.6162  elapsed 250s
---
DISQUALIFIED: training wall-clock budget exceeded (300.0 s)
submission         : performer_favor
training duration  : 300.0s
training energy (J): 70,741.9  (at kill)
wrote /tmp/result.json
Stopping app - local entrypoint completed.
✓ App completed. View run at 
https://modal.com/apps/ab-10/main/ap-RtyXsdP3760njnoDEhPlLa

# final result
{
  "submission": "performer_favor",
  "disqualified": true,
  "reason": "train_time_exceeded",
  "max_train_seconds": 300.0,
  "training_energy_J": 70741.85225514999,
  "training_duration_s": 300.00073489700003,
  "gpu_name": "NVIDIA A100 80GB PCIe",
  "date_utc": "2026-05-25T16:30:11Z",
  "_nvml": {
    "nvml_available": true,
    "energy_counter_supported": true,
    "monotonic": true,
    "idle_watts": 54.886566666666674,
    "stress_watts_avg": 231.3298070240558,
    "stress_energy_joules": 8642.157,
    "stress_duration_s": 37.35859685,
    "gpu_name": "NVIDIA A100 80GB PCIe",
    "notes": []
  },
  "contributor": "@ab-10"
}
