# wikitext submit.py log — chunker_phase1_v2 — 2026-05-20T01:58:55+00:00Z
[modal] launching A100-80GB ...
✓ Initialized. View run at 
https://modal.com/apps/gabriel-nakajima-an/main/ap-utFJUW1I2NCsY7aDmuj55u
✓ Created objects.
├── 🔨 Created mount /Users/naka/src/sutro/wikitext/submit.py
├── 🔨 Created mount /Users/naka/src/sutro/wikitext/task.py
├── 🔨 Created mount /Users/naka/src/sutro/wikitext/verify_nvml.py
├── 🔨 Created mount /Users/naka/src/sutro/wikitext/run_eval.py
├── 🔨 Created mount /Users/naka/src/sutro/wikitext/wikitext.py
└── 🔨 Created function run_submission.
[modal] verifying NVML energy counter ...
GPU: NVIDIA A100-SXM4-80GB
sampling idle power for 3s ...
  idle: 62.7 W
running 30s stress workload ...
  duration:       36.9 s
  energy delta:   12,525.9 J
  avg power:      339.4 W
  monotonic:      True
---
{"nvml_available": true, "energy_counter_supported": true, "monotonic": true, "idle_watts": 62.740881355932224, "stress_watts_avg": 339.3906566674495, "stress_energy_joules": 12525.851, "stress_duration_s": 36.906882243, "gpu_name": "NVIDIA A100-SXM4-80GB", "notes": []}
[modal] running submission (TEST_CHARS=60000 MAX_TRAIN_SECONDS=300.0 ACC_MIN=0.7) ...
loading WikiText-103 from /data ...
  train chars: 540,095,682
  val   chars: 60,000  (scored, gated by --acc-min)
train wall-clock cap: 300 s
val accuracy floor : 0.7000
training submission /workspace/chunker_phase1_v2.py ...
[chunker] starting GPU KN build; max_order=12 D=0.5
[chunker] top order=12 unique pairs: 157,942,722  2.6s
[chunker] ctx_len=11 ctxs=119,285,712 23.2s
[chunker] ctx_len=10 ctxs=84,282,364 17.4s
[chunker] ctx_len=9 ctxs=54,720,376 10.8s
[chunker] ctx_len=8 ctxs=31,924,091 6.4s
[chunker] ctx_len=7 ctxs=16,284,921 3.5s
[chunker] ctx_len=6 ctxs=7,016,442 1.6s
[chunker] ctx_len=5 ctxs=2,438,281 0.6s
[chunker] ctx_len=4 ctxs=637,143 0.1s
[chunker] ctx_len=3 ctxs=122,882 0.0s
[chunker] ctx_len=2 ctxs=12,282 0.0s
[chunker] ctx_len=1 ctxs=204 0.0s
[chunker] ctx_len=0 ctxs=1 0.0s
[chunker] KN build done: 66.3s
[chunker] computing surprise mask (tau=0.15) ...
[chunker] surprise pass k_ctx=4 done
[chunker] surprise computed in 2.6s: p_s = 0.3084 (166,878,122/541,096,898)
[chunker] H model: 3.29M params, surprise positions: 166,878,122/541,096,898 (30.8%)
[chunker] H step     0/1200  loss 5.5452  elapsed 1s
[chunker] H step   100/1200  loss 2.9550  elapsed 6s
[chunker] H step   200/1200  loss 2.7685  elapsed 12s
[chunker] H step   300/1200  loss 2.7078  elapsed 17s
[chunker] H step   400/1200  loss 2.6025  elapsed 23s
[chunker] H step   500/1200  loss 2.5721  elapsed 28s
[chunker] H step   600/1200  loss 2.4656  elapsed 34s
[chunker] H step   700/1200  loss 2.4757  elapsed 39s
[chunker] H step   800/1200  loss 2.3939  elapsed 45s
[chunker] H step   900/1200  loss 2.3590  elapsed 51s
[chunker] H step  1000/1200  loss 2.2659  elapsed 56s
[chunker] H step  1100/1200  loss 2.2915  elapsed 62s
[chunker] H step  1199/1200  loss 2.2225  elapsed 67s
training: 13,936.0 J   duration=138.8s
evaluating on val split ...
  eval      1,200/60,000 (  2.0%)  acc=0.6050      165 char/s  eta=   355s
  eval      2,400/60,000 (  4.0%)  acc=0.5687      166 char/s  eta=   346s
  eval      3,600/60,000 (  6.0%)  acc=0.5711      167 char/s  eta=   338s
  eval      4,800/60,000 (  8.0%)  acc=0.5613      168 char/s  eta=   329s
  eval      6,000/60,000 ( 10.0%)  acc=0.5613      168 char/s  eta=   321s
  eval      7,200/60,000 ( 12.0%)  acc=0.5625      169 char/s  eta=   313s
  eval      8,400/60,000 ( 14.0%)  acc=0.5639      169 char/s  eta=   306s
  eval      9,600/60,000 ( 16.0%)  acc=0.5699      169 char/s  eta=   299s
  eval     10,800/60,000 ( 18.0%)  acc=0.5766      169 char/s  eta=   292s
  eval     12,000/60,000 ( 20.0%)  acc=0.5774      169 char/s  eta=   284s
  eval     13,200/60,000 ( 22.0%)  acc=0.5772      169 char/s  eta=   277s
  eval     14,400/60,000 ( 24.0%)  acc=0.5776      169 char/s  eta=   270s
  eval     15,600/60,000 ( 26.0%)  acc=0.5768      169 char/s  eta=   263s
  eval     16,800/60,000 ( 28.0%)  acc=0.5794      169 char/s  eta=   255s
  eval     18,000/60,000 ( 30.0%)  acc=0.5813      169 char/s  eta=   248s
  eval     19,200/60,000 ( 32.0%)  acc=0.5845      169 char/s  eta=   242s
  eval     20,400/60,000 ( 34.0%)  acc=0.5843      169 char/s  eta=   235s
  eval     21,600/60,000 ( 36.0%)  acc=0.5847      169 char/s  eta=   227s
  eval     22,800/60,000 ( 38.0%)  acc=0.5834      169 char/s  eta=   220s
  eval     24,000/60,000 ( 40.0%)  acc=0.5824      169 char/s  eta=   213s
  eval     25,200/60,000 ( 42.0%)  acc=0.5804      169 char/s  eta=   206s
  eval     26,400/60,000 ( 44.0%)  acc=0.5795      169 char/s  eta=   199s
  eval     27,600/60,000 ( 46.0%)  acc=0.5773      169 char/s  eta=   191s
  eval     28,800/60,000 ( 48.0%)  acc=0.5774      167 char/s  eta=   186s
  eval     30,000/60,000 ( 50.0%)  acc=0.5779      167 char/s  eta=   179s
  eval     31,200/60,000 ( 52.0%)  acc=0.5758      167 char/s  eta=   172s
  eval     32,400/60,000 ( 54.0%)  acc=0.5737      168 char/s  eta=   165s
  eval     33,600/60,000 ( 56.0%)  acc=0.5726      168 char/s  eta=   157s
  eval     34,800/60,000 ( 58.0%)  acc=0.5730      168 char/s  eta=   150s
  eval     36,000/60,000 ( 60.0%)  acc=0.5733      168 char/s  eta=   143s
  eval     37,200/60,000 ( 62.0%)  acc=0.5724      168 char/s  eta=   136s
  eval     38,400/60,000 ( 64.0%)  acc=0.5724      168 char/s  eta=   129s
  eval     39,600/60,000 ( 66.0%)  acc=0.5715      168 char/s  eta=   121s
  eval     40,800/60,000 ( 68.0%)  acc=0.5711      168 char/s  eta=   114s
  eval     42,000/60,000 ( 70.0%)  acc=0.5693      168 char/s  eta=   107s
  eval     43,200/60,000 ( 72.0%)  acc=0.5684      168 char/s  eta=   100s
  eval     44,400/60,000 ( 74.0%)  acc=0.5677      168 char/s  eta=    93s
  eval     45,600/60,000 ( 76.0%)  acc=0.5669      168 char/s  eta=    86s
  eval     46,800/60,000 ( 78.0%)  acc=0.5656      168 char/s  eta=    78s
  eval     48,000/60,000 ( 80.0%)  acc=0.5644      168 char/s  eta=    71s
  eval     49,200/60,000 ( 82.0%)  acc=0.5637      169 char/s  eta=    64s
  eval     50,400/60,000 ( 84.0%)  acc=0.5637      169 char/s  eta=    57s
  eval     51,600/60,000 ( 86.0%)  acc=0.5632      169 char/s  eta=    50s
  eval     52,800/60,000 ( 88.0%)  acc=0.5633      169 char/s  eta=    43s
  eval     54,000/60,000 ( 90.0%)  acc=0.5623      169 char/s  eta=    36s
  eval     55,200/60,000 ( 92.0%)  acc=0.5618      169 char/s  eta=    28s
  eval     56,400/60,000 ( 94.0%)  acc=0.5613      168 char/s  eta=    21s
  eval     57,600/60,000 ( 96.0%)  acc=0.5606      167 char/s  eta=    14s
  eval     58,800/60,000 ( 98.0%)  acc=0.5610      166 char/s  eta=     7s
  eval     60,000/60,000 (100.0%)  acc=0.5621      166 char/s  eta=     0s
chars=60,000  acc=0.5621  eval_duration=361.7s
---
DISQUALIFIED: val accuracy 0.5621 below floor 0.7000
submission         : chunker_phase1_v2
training energy (J): 13,936.0
training duration  : 138.8s
wrote /tmp/result.json
Stopping app - local entrypoint completed.
✓ App completed. View run at 
https://modal.com/apps/gabriel-nakajima-an/main/ap-utFJUW1I2NCsY7aDmuj55u

# final result
{
  "submission": "chunker_phase1_v2",
  "disqualified": true,
  "reason": "val_accuracy_below_floor",
  "acc_min": 0.7,
  "val_char_accuracy": 0.56205,
  "val_chars": 60000,
  "training_energy_J": 13936.0260294,
  "training_duration_s": 138.844899412,
  "gpu_name": "NVIDIA A100-SXM4-80GB",
  "date_utc": "2026-05-20T02:08:06Z",
  "_nvml": {
    "nvml_available": true,
    "energy_counter_supported": true,
    "monotonic": true,
    "idle_watts": 62.740881355932224,
    "stress_watts_avg": 339.3906566674495,
    "stress_energy_joules": 12525.851,
    "stress_duration_s": 36.906882243,
    "gpu_name": "NVIDIA A100-SXM4-80GB",
    "notes": []
  },
  "contributor": "@explore-chunker-2026-05-19"
}
