# wikitext submit.py log — lwta_k4 — 2026-05-20T22:44:26+00:00Z
[modal] launching A100-80GB ...
✓ Initialized. View run at 
https://modal.com/apps/gabriel-nakajima-an/main/ap-hyBCSy0XG5jwP218GI6bNc
✓ Created objects.
├── 🔨 Created mount /Users/naka/src/sutro/wikitext/submit.py
├── 🔨 Created mount /Users/naka/src/sutro/wikitext/task.py
├── 🔨 Created mount /Users/naka/src/sutro/wikitext/verify_nvml.py
├── 🔨 Created mount /Users/naka/src/sutro/wikitext/run_eval.py
├── 🔨 Created mount /Users/naka/src/sutro/wikitext/wikitext.py
└── 🔨 Created function run_submission.
[modal] verifying NVML energy counter ...
GPU: NVIDIA A100 80GB PCIe
sampling idle power for 3s ...
  idle: 53.1 W
running 30s stress workload ...
  duration:       36.6 s
  energy delta:   8,404.0 J
  avg power:      229.4 W
  monotonic:      True
---
{"nvml_available": true, "energy_counter_supported": true, "monotonic": true, "idle_watts": 53.112000000000016, "stress_watts_avg": 229.4340394814706, "stress_energy_joules": 8404.0, "stress_duration_s": 36.629263988, "gpu_name": "NVIDIA A100 80GB PCIe", "notes": []}
[modal] running submission (TEST_CHARS=60000 MAX_TRAIN_SECONDS=300.0 ACC_MIN=0.7) ...
loading WikiText-103 from /data ...
  train chars: 540,095,682
  val   chars: 60,000  (scored, gated by --acc-min)
train wall-clock cap: 300 s
val accuracy floor : 0.7000
training submission /workspace/lwta_k4.py ...
[codecarbon WARNING @ 22:45:15] Multiple instances of codecarbon are allowed to run at the same time.
[lwta_k4] 10.84M params  cfg=TrainConfig(d=384 L=6 H=6 bs=32 T=1024 steps=2150 lwta_k=4)
[lwta_k4] step     0/2150  loss 5.5452  elapsed 1s
[lwta_k4] step   100/2150  loss 1.6542  elapsed 11s
[lwta_k4] step   200/2150  loss 1.4573  elapsed 21s
[lwta_k4] step   300/2150  loss 1.3381  elapsed 31s
[lwta_k4] step   400/2150  loss 1.2373  elapsed 41s
[lwta_k4] step   500/2150  loss 1.2093  elapsed 51s
[lwta_k4] step   600/2150  loss 1.1910  elapsed 62s
[lwta_k4] step   700/2150  loss 1.1619  elapsed 72s
[lwta_k4] step   800/2150  loss 1.1566  elapsed 82s
[lwta_k4] step   900/2150  loss 1.1024  elapsed 92s
[lwta_k4] step  1000/2150  loss 1.1438  elapsed 102s
[lwta_k4] step  1100/2150  loss 1.0946  elapsed 112s
[lwta_k4] step  1200/2150  loss 1.1067  elapsed 122s
[lwta_k4] step  1300/2150  loss 1.0719  elapsed 133s
[lwta_k4] step  1400/2150  loss 1.0670  elapsed 143s
[lwta_k4] step  1500/2150  loss 1.0598  elapsed 153s
[lwta_k4] step  1600/2150  loss 1.0182  elapsed 163s
[lwta_k4] step  1700/2150  loss 1.0992  elapsed 173s
[lwta_k4] step  1800/2150  loss 1.0282  elapsed 183s
[lwta_k4] step  1900/2150  loss 1.0147  elapsed 194s
[lwta_k4] step  2000/2150  loss 1.0158  elapsed 204s
[lwta_k4] step  2100/2150  loss 0.9868  elapsed 214s
[lwta_k4] step  2149/2150  loss 0.9310  elapsed 219s
training: 44,328.7 J   duration=221.2s
evaluating on val split ...
  eval      1,200/60,000 (  2.0%)  acc=0.7067      149 char/s  eta=   396s
  eval      2,400/60,000 (  4.0%)  acc=0.7037      149 char/s  eta=   386s
  eval      3,600/60,000 (  6.0%)  acc=0.7044      149 char/s  eta=   377s
  eval      4,800/60,000 (  8.0%)  acc=0.7127      149 char/s  eta=   370s
  eval      6,000/60,000 ( 10.0%)  acc=0.7010      150 char/s  eta=   360s
  eval      7,200/60,000 ( 12.0%)  acc=0.7004      150 char/s  eta=   352s
  eval      8,400/60,000 ( 14.0%)  acc=0.6994      151 char/s  eta=   342s
  eval      9,600/60,000 ( 16.0%)  acc=0.7035      151 char/s  eta=   333s
  eval     10,800/60,000 ( 18.0%)  acc=0.7044      151 char/s  eta=   326s
  eval     12,000/60,000 ( 20.0%)  acc=0.7061      151 char/s  eta=   318s
  eval     13,200/60,000 ( 22.0%)  acc=0.7114      151 char/s  eta=   310s
  eval     14,400/60,000 ( 24.0%)  acc=0.7133      151 char/s  eta=   302s
  eval     15,600/60,000 ( 26.0%)  acc=0.7163      151 char/s  eta=   294s
  eval     16,800/60,000 ( 28.0%)  acc=0.7193      151 char/s  eta=   287s
  eval     18,000/60,000 ( 30.0%)  acc=0.7174      151 char/s  eta=   279s
  eval     19,200/60,000 ( 32.0%)  acc=0.7186      151 char/s  eta=   271s
  eval     20,400/60,000 ( 34.0%)  acc=0.7201      150 char/s  eta=   263s
  eval     21,600/60,000 ( 36.0%)  acc=0.7198      150 char/s  eta=   255s
  eval     22,800/60,000 ( 38.0%)  acc=0.7202      151 char/s  eta=   247s
  eval     24,000/60,000 ( 40.0%)  acc=0.7214      150 char/s  eta=   239s
  eval     25,200/60,000 ( 42.0%)  acc=0.7225      150 char/s  eta=   231s
  eval     26,400/60,000 ( 44.0%)  acc=0.7234      151 char/s  eta=   223s
  eval     27,600/60,000 ( 46.0%)  acc=0.7249      150 char/s  eta=   215s
  eval     28,800/60,000 ( 48.0%)  acc=0.7253      150 char/s  eta=   207s
  eval     30,000/60,000 ( 50.0%)  acc=0.7242      150 char/s  eta=   200s
  eval     31,200/60,000 ( 52.0%)  acc=0.7222      150 char/s  eta=   192s
  eval     32,400/60,000 ( 54.0%)  acc=0.7219      150 char/s  eta=   184s
  eval     33,600/60,000 ( 56.0%)  acc=0.7204      150 char/s  eta=   176s
  eval     34,800/60,000 ( 58.0%)  acc=0.7194      150 char/s  eta=   168s
  eval     36,000/60,000 ( 60.0%)  acc=0.7187      150 char/s  eta=   160s
  eval     37,200/60,000 ( 62.0%)  acc=0.7190      150 char/s  eta=   152s
  eval     38,400/60,000 ( 64.0%)  acc=0.7191      150 char/s  eta=   144s
  eval     39,600/60,000 ( 66.0%)  acc=0.7191      150 char/s  eta=   136s
  eval     40,800/60,000 ( 68.0%)  acc=0.7184      150 char/s  eta=   128s
  eval     42,000/60,000 ( 70.0%)  acc=0.7182      150 char/s  eta=   120s
  eval     43,200/60,000 ( 72.0%)  acc=0.7187      150 char/s  eta=   112s
  eval     44,400/60,000 ( 74.0%)  acc=0.7186      150 char/s  eta=   104s
  eval     45,600/60,000 ( 76.0%)  acc=0.7189      150 char/s  eta=    96s
  eval     46,800/60,000 ( 78.0%)  acc=0.7186      150 char/s  eta=    88s
  eval     48,000/60,000 ( 80.0%)  acc=0.7190      150 char/s  eta=    80s
  eval     49,200/60,000 ( 82.0%)  acc=0.7196      150 char/s  eta=    72s
  eval     50,400/60,000 ( 84.0%)  acc=0.7210      150 char/s  eta=    64s
  eval     51,600/60,000 ( 86.0%)  acc=0.7216      150 char/s  eta=    56s
  eval     52,800/60,000 ( 88.0%)  acc=0.7228      150 char/s  eta=    48s
  eval     54,000/60,000 ( 90.0%)  acc=0.7233      150 char/s  eta=    40s
  eval     55,200/60,000 ( 92.0%)  acc=0.7225      150 char/s  eta=    32s
  eval     56,400/60,000 ( 94.0%)  acc=0.7232      150 char/s  eta=    24s
  eval     57,600/60,000 ( 96.0%)  acc=0.7238      150 char/s  eta=    16s
  eval     58,800/60,000 ( 98.0%)  acc=0.7245      150 char/s  eta=     8s
  eval     60,000/60,000 (100.0%)  acc=0.7246      150 char/s  eta=     0s
chars=60,000  acc=0.7246  eval_duration=399.9s
---
submission         : lwta_k4
training energy (J): 44,328.7
training duration  : 221.2s
val  char-accuracy : 0.7246
val  chars         : 60,000
wrote /tmp/result.json
Stopping app - local entrypoint completed.
✓ App completed. View run at 
https://modal.com/apps/gabriel-nakajima-an/main/ap-hyBCSy0XG5jwP218GI6bNc

# final result
{
  "submission": "lwta_k4",
  "training_energy_J": 44328.7028316,
  "training_duration_s": 221.249343368,
  "cpu_energy_J": 9354.22259884751,
  "total_energy_J": 53682.92543044751,
  "val_char_accuracy": 0.72455,
  "val_chars": 60000,
  "gpu_name": "NVIDIA A100 80GB PCIe",
  "date_utc": "2026-05-20T22:55:41Z",
  "_nvml": {
    "nvml_available": true,
    "energy_counter_supported": true,
    "monotonic": true,
    "idle_watts": 53.112000000000016,
    "stress_watts_avg": 229.4340394814706,
    "stress_energy_joules": 8404.0,
    "stress_duration_s": 36.629263988,
    "gpu_name": "NVIDIA A100 80GB PCIe",
    "notes": []
  },
  "contributor": "@ab-10"
}
