# wikitext submit.py log — mha_alpha07 — 2026-05-25T18:48:30+00:00Z
[modal] launching A100-80GB ...
✓ Initialized. View run at 
https://modal.com/apps/ab-10/main/ap-oHLgehwYVILHKzuSR4xl9Y
✓ Created objects.
├── 🔨 Created mount /home/seneca/wikitext/submit.py
├── 🔨 Created mount /home/seneca/wikitext/verify_nvml.py
├── 🔨 Created mount /home/seneca/wikitext/task.py
├── 🔨 Created mount /home/seneca/wikitext/run_eval.py
├── 🔨 Created mount /home/seneca/wikitext/wikitext.py
└── 🔨 Created function run_submission.
[modal] verifying NVML energy counter ...
GPU: NVIDIA A100 80GB PCIe
sampling idle power for 3s ...
  idle: 54.7 W
running 30s stress workload ...
/usr/local/lib/python3.11/site-packages/torch/_subclasses/functional_tensor.py:295: UserWarning: Failed to initialize NumPy: No module named 'numpy' (Triggered internally at ../torch/csrc/utils/tensor_numpy.cpp:84.)
  cpu = _conversion_method_template(device=torch.device("cpu"))
  duration:       36.4 s
  energy delta:   8,590.0 J
  avg power:      235.7 W
  monotonic:      True
---
{"nvml_available": true, "energy_counter_supported": true, "monotonic": true, "idle_watts": 54.67400000000002, "stress_watts_avg": 235.6737226066111, "stress_energy_joules": 8590.048, "stress_duration_s": 36.448900221, "gpu_name": "NVIDIA A100 80GB PCIe", "notes": []}
[modal] running submission (TEST_CHARS=60000 MAX_TRAIN_SECONDS=300.0 ACC_MIN=0.7) ...
loading WikiText-103 from /data ...
  train chars: 540,095,682
  val   chars: 60,000  (scored, gated by --acc-min)
train wall-clock cap: 300 s
val accuracy floor : 0.7000
/usr/local/lib/python3.11/site-packages/torch/_subclasses/functional_tensor.py:295: UserWarning: Failed to initialize NumPy: No module named 'numpy' (Triggered internally at ../torch/csrc/utils/tensor_numpy.cpp:84.)
  cpu = _conversion_method_template(device=torch.device("cpu"))
training submission /workspace/mha_alpha07.py ...
[mha] α' = 0.7
[mha] 7.29M params  cfg=TrainConfig(d=384 L=4 H=6 bs=32 T=1024 steps=2150 α'=0.7)
[mha] step     0/2150  loss 5.5452  elapsed 1s
[mha] step   100/2150  loss 1.5975  elapsed 11s
[mha] step   200/2150  loss 1.4407  elapsed 21s
[mha] step   300/2150  loss 1.4214  elapsed 32s
[mha] step   400/2150  loss 1.3662  elapsed 42s
[mha] step   500/2150  loss 1.2846  elapsed 52s
[mha] step   600/2150  loss 1.2448  elapsed 62s
[mha] step   700/2150  loss 1.2711  elapsed 73s
[mha] step   800/2150  loss 1.2447  elapsed 83s
[mha] step   900/2150  loss 1.2325  elapsed 93s
[mha] step  1000/2150  loss 1.2386  elapsed 104s
[mha] step  1100/2150  loss 1.1826  elapsed 114s
[mha] step  1200/2150  loss 1.1402  elapsed 124s
[mha] step  1300/2150  loss 1.1243  elapsed 135s
[mha] step  1400/2150  loss 1.1202  elapsed 145s
[mha] step  1500/2150  loss 1.1067  elapsed 155s
[mha] step  1600/2150  loss 1.0724  elapsed 165s
[mha] step  1700/2150  loss 1.0793  elapsed 176s
[mha] step  1800/2150  loss 1.0330  elapsed 186s
[mha] step  1900/2150  loss 1.0623  elapsed 196s
[mha] step  2000/2150  loss 1.0412  elapsed 207s
[mha] step  2100/2150  loss 1.0291  elapsed 217s
[mha] step  2149/2150  loss 0.9965  elapsed 222s
training: 52,318.7 J   duration=224.2s
evaluating on val split ...
  eval      1,200/60,000 (  2.0%)  acc=0.7075      212 char/s  eta=   277s
  eval      2,400/60,000 (  4.0%)  acc=0.7004      212 char/s  eta=   272s
  eval      3,600/60,000 (  6.0%)  acc=0.7039      211 char/s  eta=   267s
  eval      4,800/60,000 (  8.0%)  acc=0.7104      211 char/s  eta=   261s
  eval      6,000/60,000 ( 10.0%)  acc=0.7008      211 char/s  eta=   256s
  eval      7,200/60,000 ( 12.0%)  acc=0.6990      211 char/s  eta=   250s
  eval      8,400/60,000 ( 14.0%)  acc=0.6981      211 char/s  eta=   245s
  eval      9,600/60,000 ( 16.0%)  acc=0.7036      211 char/s  eta=   239s
  eval     10,800/60,000 ( 18.0%)  acc=0.7056      210 char/s  eta=   234s
  eval     12,000/60,000 ( 20.0%)  acc=0.7066      211 char/s  eta=   228s
  eval     13,200/60,000 ( 22.0%)  acc=0.7117      211 char/s  eta=   222s
  eval     14,400/60,000 ( 24.0%)  acc=0.7125      211 char/s  eta=   216s
  eval     15,600/60,000 ( 26.0%)  acc=0.7148      212 char/s  eta=   210s
  eval     16,800/60,000 ( 28.0%)  acc=0.7170      212 char/s  eta=   204s
  eval     18,000/60,000 ( 30.0%)  acc=0.7148      212 char/s  eta=   198s
  eval     19,200/60,000 ( 32.0%)  acc=0.7157      212 char/s  eta=   192s
  eval     20,400/60,000 ( 34.0%)  acc=0.7170      212 char/s  eta=   186s
  eval     21,600/60,000 ( 36.0%)  acc=0.7158      213 char/s  eta=   181s
  eval     22,800/60,000 ( 38.0%)  acc=0.7170      213 char/s  eta=   175s
  eval     24,000/60,000 ( 40.0%)  acc=0.7175      213 char/s  eta=   169s
  eval     25,200/60,000 ( 42.0%)  acc=0.7186      212 char/s  eta=   164s
  eval     26,400/60,000 ( 44.0%)  acc=0.7195      212 char/s  eta=   159s
  eval     27,600/60,000 ( 46.0%)  acc=0.7202      212 char/s  eta=   153s
  eval     28,800/60,000 ( 48.0%)  acc=0.7204      212 char/s  eta=   147s
  eval     30,000/60,000 ( 50.0%)  acc=0.7195      211 char/s  eta=   142s
  eval     31,200/60,000 ( 52.0%)  acc=0.7178      211 char/s  eta=   136s
  eval     32,400/60,000 ( 54.0%)  acc=0.7168      211 char/s  eta=   131s
  eval     33,600/60,000 ( 56.0%)  acc=0.7146      210 char/s  eta=   126s
  eval     34,800/60,000 ( 58.0%)  acc=0.7139      210 char/s  eta=   120s
  eval     36,000/60,000 ( 60.0%)  acc=0.7136      210 char/s  eta=   114s
  eval     37,200/60,000 ( 62.0%)  acc=0.7136      210 char/s  eta=   109s
  eval     38,400/60,000 ( 64.0%)  acc=0.7141      210 char/s  eta=   103s
  eval     39,600/60,000 ( 66.0%)  acc=0.7138      210 char/s  eta=    97s
  eval     40,800/60,000 ( 68.0%)  acc=0.7137      210 char/s  eta=    92s
  eval     42,000/60,000 ( 70.0%)  acc=0.7140      210 char/s  eta=    86s
  eval     43,200/60,000 ( 72.0%)  acc=0.7148      210 char/s  eta=    80s
  eval     44,400/60,000 ( 74.0%)  acc=0.7147      209 char/s  eta=    75s
  eval     45,600/60,000 ( 76.0%)  acc=0.7147      209 char/s  eta=    69s
  eval     46,800/60,000 ( 78.0%)  acc=0.7143      209 char/s  eta=    63s
  eval     48,000/60,000 ( 80.0%)  acc=0.7150      209 char/s  eta=    57s
  eval     49,200/60,000 ( 82.0%)  acc=0.7153      209 char/s  eta=    52s
  eval     50,400/60,000 ( 84.0%)  acc=0.7167      209 char/s  eta=    46s
  eval     51,600/60,000 ( 86.0%)  acc=0.7171      208 char/s  eta=    40s
  eval     52,800/60,000 ( 88.0%)  acc=0.7167      208 char/s  eta=    35s
  eval     54,000/60,000 ( 90.0%)  acc=0.7170      208 char/s  eta=    29s
  eval     55,200/60,000 ( 92.0%)  acc=0.7168      208 char/s  eta=    23s
  eval     56,400/60,000 ( 94.0%)  acc=0.7174      208 char/s  eta=    17s
  eval     57,600/60,000 ( 96.0%)  acc=0.7178      208 char/s  eta=    12s
  eval     58,800/60,000 ( 98.0%)  acc=0.7187      207 char/s  eta=     6s
  eval     60,000/60,000 (100.0%)  acc=0.7189      207 char/s  eta=     0s
chars=60,000  acc=0.7189  eval_duration=289.6s
---
submission         : mha_alpha07
training energy (J): 52,318.7
training duration  : 224.2s
val  char-accuracy : 0.7189
val  chars         : 60,000
wrote /tmp/result.json
Stopping app - local entrypoint completed.
✓ App completed. View run at 
https://modal.com/apps/ab-10/main/ap-oHLgehwYVILHKzuSR4xl9Y

# final result
{
  "submission": "mha_alpha07",
  "training_energy_J": 52318.7103571,
  "training_duration_s": 224.189352858,
  "val_char_accuracy": 0.7189166666666666,
  "val_chars": 60000,
  "gpu_name": "NVIDIA A100 80GB PCIe",
  "date_utc": "2026-05-25T18:57:52Z",
  "_nvml": {
    "nvml_available": true,
    "energy_counter_supported": true,
    "monotonic": true,
    "idle_watts": 54.67400000000002,
    "stress_watts_avg": 235.6737226066111,
    "stress_energy_joules": 8590.048,
    "stress_duration_s": 36.448900221,
    "gpu_name": "NVIDIA A100 80GB PCIe",
    "notes": []
  },
  "contributor": "@ab-10"
}
