# wikitext submit.py log — method_softhebb-stacked_pass_1  SEED=0 — 2026-05-17T13:35:18+00:00Z
[modal] launching A100-80GB  SEED=0 ...
✓ Initialized. View run at 
https://modal.com/apps/ab-10/main/ap-b903J1EXbHfToiG8geMMoU
✓ Created objects.
├── 🔨 Created mount /home/seneca/wikitext/submit.py
├── 🔨 Created mount /home/seneca/wikitext/verify_nvml.py
├── 🔨 Created mount /home/seneca/wikitext/task.py
├── 🔨 Created mount /home/seneca/wikitext/run_eval.py
├── 🔨 Created mount /home/seneca/wikitext/wikitext.py
└── 🔨 Created function run_submission.
[modal] SEED=0 (calibration run)
[modal] verifying NVML energy counter ...
GPU: NVIDIA A100 80GB PCIe
sampling idle power for 3s ...
  idle: 52.0 W
running 30s stress workload ...
/usr/local/lib/python3.11/site-packages/torch/_subclasses/functional_tensor.py:295: UserWarning: Failed to initialize NumPy: No module named 'numpy' (Triggered internally at ../torch/csrc/utils/tensor_numpy.cpp:84.)
  cpu = _conversion_method_template(device=torch.device("cpu"))
  duration:       36.5 s
  energy delta:   8,485.2 J
  avg power:      232.3 W
  monotonic:      True
---
{"nvml_available": true, "energy_counter_supported": true, "monotonic": true, "idle_watts": 51.99510000000004, "stress_watts_avg": 232.30011693433502, "stress_energy_joules": 8485.176, "stress_duration_s": 36.526783163, "gpu_name": "NVIDIA A100 80GB PCIe", "notes": []}
[modal] running submission (TEST_CHARS=60000 MAX_TRAIN_SECONDS=300.0 ACC_MIN=0.7) ...
loading WikiText-103 from /data ...
  train chars: 540,095,682
  val   chars: 60,000  (scored, gated by --acc-min)
train wall-clock cap: 300 s
val accuracy floor : 0.7000
/usr/local/lib/python3.11/site-packages/torch/_subclasses/functional_tensor.py:295: UserWarning: Failed to initialize NumPy: No module named 'numpy' (Triggered internally at ../torch/csrc/utils/tensor_numpy.cpp:84.)
  cpu = _conversion_method_template(device=torch.device("cpu"))
training submission /workspace/method_softhebb-stacked_pass_1.py ...
[softhebb] SEED=0
[softhebb] train bytes available: 541,096,898
[softhebb] training layer 1/4  c_in=256 c_out=384 dil=1 eta=0.02
[softhebb L1] step    0/381  eta=0.02000  ch_entropy=5.951/5.951  elapsed=0.4s
[softhebb L1] step   50/381  eta=0.01738  ch_entropy=5.951/5.951  elapsed=1.6s
[softhebb L1] step  100/381  eta=0.01475  ch_entropy=5.951/5.951  elapsed=2.7s
[softhebb L1] step  150/381  eta=0.01213  ch_entropy=5.951/5.951  elapsed=3.9s
[softhebb L1] step  200/381  eta=0.00950  ch_entropy=5.951/5.951  elapsed=5.1s
[softhebb L1] step  250/381  eta=0.00688  ch_entropy=5.951/5.951  elapsed=6.2s
[softhebb L1] step  300/381  eta=0.00425  ch_entropy=5.951/5.951  elapsed=7.4s
[softhebb L1] step  350/381  eta=0.00163  ch_entropy=5.951/5.951  elapsed=8.5s
[softhebb L1] step  380/381  eta=0.00005  ch_entropy=5.951/5.951  elapsed=9.2s
[softhebb] training layer 2/4  c_in=384 c_out=384 dil=2 eta=0.01
[softhebb L2] step    0/381  eta=0.01000  ch_entropy=5.950/5.951  elapsed=0.0s
[softhebb L2] step   50/381  eta=0.00869  ch_entropy=5.950/5.951  elapsed=2.2s
[softhebb L2] step  100/381  eta=0.00738  ch_entropy=5.950/5.951  elapsed=4.3s
[softhebb L2] step  150/381  eta=0.00606  ch_entropy=5.949/5.951  elapsed=6.4s
[softhebb L2] step  200/381  eta=0.00475  ch_entropy=5.949/5.951  elapsed=8.5s
[softhebb L2] step  250/381  eta=0.00344  ch_entropy=5.949/5.951  elapsed=10.6s
[softhebb L2] step  300/381  eta=0.00213  ch_entropy=5.949/5.951  elapsed=12.8s
[softhebb L2] step  350/381  eta=0.00081  ch_entropy=5.949/5.951  elapsed=14.9s
[softhebb L2] step  380/381  eta=0.00003  ch_entropy=5.949/5.951  elapsed=16.2s
[softhebb] training layer 3/4  c_in=384 c_out=512 dil=4 eta=0.01
[softhebb L3] step    0/381  eta=0.01000  ch_entropy=6.237/6.238  elapsed=0.1s
[softhebb L3] step   50/381  eta=0.00869  ch_entropy=6.237/6.238  elapsed=3.2s
[softhebb L3] step  100/381  eta=0.00738  ch_entropy=6.237/6.238  elapsed=6.4s
[softhebb L3] step  150/381  eta=0.00606  ch_entropy=6.237/6.238  elapsed=9.5s
[softhebb L3] step  200/381  eta=0.00475  ch_entropy=6.237/6.238  elapsed=12.7s
[softhebb L3] step  250/381  eta=0.00344  ch_entropy=6.237/6.238  elapsed=15.9s
[softhebb L3] step  300/381  eta=0.00213  ch_entropy=6.237/6.238  elapsed=19.0s
[softhebb L3] step  350/381  eta=0.00081  ch_entropy=6.237/6.238  elapsed=22.2s
[softhebb L3] step  380/381  eta=0.00003  ch_entropy=6.237/6.238  elapsed=24.1s
[softhebb] training layer 4/4  c_in=512 c_out=512 dil=8 eta=0.005
[softhebb L4] step    0/381  eta=0.00500  ch_entropy=6.237/6.238  elapsed=0.1s
[softhebb L4] step   50/381  eta=0.00434  ch_entropy=6.237/6.238  elapsed=4.1s
[softhebb L4] step  100/381  eta=0.00369  ch_entropy=6.237/6.238  elapsed=8.1s
[softhebb L4] step  150/381  eta=0.00303  ch_entropy=6.237/6.238  elapsed=12.2s
[softhebb L4] step  200/381  eta=0.00238  ch_entropy=6.237/6.238  elapsed=16.2s
[softhebb L4] step  250/381  eta=0.00172  ch_entropy=6.237/6.238  elapsed=20.3s
[softhebb L4] step  300/381  eta=0.00106  ch_entropy=6.237/6.238  elapsed=24.3s
[softhebb L4] step  350/381  eta=0.00041  ch_entropy=6.237/6.238  elapsed=28.4s
[softhebb L4] step  380/381  eta=0.00001  ch_entropy=6.237/6.238  elapsed=30.8s
[softhebb] fitting readout, D=1408 features, target 40000000 chars (stride 8)
[softhebb readout] 5,242,880/40,000,000 chars, N_rows=655,360, elapsed=0.2s
[softhebb readout] 10,485,760/40,000,000 chars, N_rows=1,310,720, elapsed=1.1s
[softhebb readout] 15,728,640/40,000,000 chars, N_rows=1,966,080, elapsed=2.1s
[softhebb readout] 20,971,520/40,000,000 chars, N_rows=2,621,440, elapsed=3.1s
[softhebb readout] 26,214,400/40,000,000 chars, N_rows=3,276,800, elapsed=4.0s
[softhebb readout] 31,457,280/40,000,000 chars, N_rows=3,932,160, elapsed=5.0s
[softhebb readout] 36,700,160/40,000,000 chars, N_rows=4,587,520, elapsed=5.9s
[softhebb readout] N=5,013,504  D=1408  lambda=6.4878e-04
[softhebb readout] Cholesky failed; adding jitter=6.5527e-06
[softhebb readout] Cholesky still failed; falling back to lstsq
[softhebb] done. receptive field = 61 bytes
training: 21,179.0 J   duration=89.0s
evaluating on val split ...
  eval      1,200/60,000 (  2.0%)  acc=0.1175      961 char/s  eta=    61s
  eval      2,400/60,000 (  4.0%)  acc=0.1200     1044 char/s  eta=    55s
  eval      3,600/60,000 (  6.0%)  acc=0.1250     1074 char/s  eta=    53s
  eval      4,800/60,000 (  8.0%)  acc=0.1304     1090 char/s  eta=    51s
  eval      6,000/60,000 ( 10.0%)  acc=0.1283     1100 char/s  eta=    49s
  eval      7,200/60,000 ( 12.0%)  acc=0.1267     1107 char/s  eta=    48s
  eval      8,400/60,000 ( 14.0%)  acc=0.1265     1111 char/s  eta=    46s
  eval      9,600/60,000 ( 16.0%)  acc=0.1253     1115 char/s  eta=    45s
  eval     10,800/60,000 ( 18.0%)  acc=0.1237     1117 char/s  eta=    44s
  eval     12,000/60,000 ( 20.0%)  acc=0.1232     1119 char/s  eta=    43s
  eval     13,200/60,000 ( 22.0%)  acc=0.1231     1121 char/s  eta=    42s
  eval     14,400/60,000 ( 24.0%)  acc=0.1233     1122 char/s  eta=    41s
  eval     15,600/60,000 ( 26.0%)  acc=0.1228     1123 char/s  eta=    40s
  eval     16,800/60,000 ( 28.0%)  acc=0.1210     1124 char/s  eta=    38s
  eval     18,000/60,000 ( 30.0%)  acc=0.1197     1125 char/s  eta=    37s
  eval     19,200/60,000 ( 32.0%)  acc=0.1208     1126 char/s  eta=    36s
  eval     20,400/60,000 ( 34.0%)  acc=0.1200     1127 char/s  eta=    35s
  eval     21,600/60,000 ( 36.0%)  acc=0.1193     1127 char/s  eta=    34s
  eval     22,800/60,000 ( 38.0%)  acc=0.1188     1128 char/s  eta=    33s
  eval     24,000/60,000 ( 40.0%)  acc=0.1189     1129 char/s  eta=    32s
  eval     25,200/60,000 ( 42.0%)  acc=0.1201     1129 char/s  eta=    31s
  eval     26,400/60,000 ( 44.0%)  acc=0.1203     1130 char/s  eta=    30s
  eval     27,600/60,000 ( 46.0%)  acc=0.1196     1130 char/s  eta=    29s
  eval     28,800/60,000 ( 48.0%)  acc=0.1193     1131 char/s  eta=    28s
  eval     30,000/60,000 ( 50.0%)  acc=0.1192     1131 char/s  eta=    27s
  eval     31,200/60,000 ( 52.0%)  acc=0.1195     1131 char/s  eta=    25s
  eval     32,400/60,000 ( 54.0%)  acc=0.1190     1132 char/s  eta=    24s
  eval     33,600/60,000 ( 56.0%)  acc=0.1191     1132 char/s  eta=    23s
  eval     34,800/60,000 ( 58.0%)  acc=0.1189     1132 char/s  eta=    22s
  eval     36,000/60,000 ( 60.0%)  acc=0.1188     1133 char/s  eta=    21s
  eval     37,200/60,000 ( 62.0%)  acc=0.1185     1133 char/s  eta=    20s
  eval     38,400/60,000 ( 64.0%)  acc=0.1187     1133 char/s  eta=    19s
  eval     39,600/60,000 ( 66.0%)  acc=0.1185     1133 char/s  eta=    18s
  eval     40,800/60,000 ( 68.0%)  acc=0.1186     1134 char/s  eta=    17s
  eval     42,000/60,000 ( 70.0%)  acc=0.1186     1134 char/s  eta=    16s
  eval     43,200/60,000 ( 72.0%)  acc=0.1191     1134 char/s  eta=    15s
  eval     44,400/60,000 ( 74.0%)  acc=0.1195     1134 char/s  eta=    14s
  eval     45,600/60,000 ( 76.0%)  acc=0.1200     1134 char/s  eta=    13s
  eval     46,800/60,000 ( 78.0%)  acc=0.1202     1134 char/s  eta=    12s
  eval     48,000/60,000 ( 80.0%)  acc=0.1200     1134 char/s  eta=    11s
  eval     49,200/60,000 ( 82.0%)  acc=0.1198     1134 char/s  eta=    10s
  eval     50,400/60,000 ( 84.0%)  acc=0.1199     1134 char/s  eta=     8s
  eval     51,600/60,000 ( 86.0%)  acc=0.1197     1134 char/s  eta=     7s
  eval     52,800/60,000 ( 88.0%)  acc=0.1189     1133 char/s  eta=     6s
  eval     54,000/60,000 ( 90.0%)  acc=0.1190     1133 char/s  eta=     5s
  eval     55,200/60,000 ( 92.0%)  acc=0.1191     1133 char/s  eta=     4s
  eval     56,400/60,000 ( 94.0%)  acc=0.1193     1133 char/s  eta=     3s
  eval     57,600/60,000 ( 96.0%)  acc=0.1195     1133 char/s  eta=     2s
  eval     58,800/60,000 ( 98.0%)  acc=0.1192     1133 char/s  eta=     1s
  eval     60,000/60,000 (100.0%)  acc=0.1189     1133 char/s  eta=     0s
chars=60,000  acc=0.1189  eval_duration=52.9s
---
DISQUALIFIED: val accuracy 0.1189 below floor 0.7000
submission         : method_softhebb-stacked_pass_1
training energy (J): 21,179.0
training duration  : 89.0s
wrote /tmp/result.json
Stopping app - local entrypoint completed.
✓ App completed. View run at 
https://modal.com/apps/ab-10/main/ap-b903J1EXbHfToiG8geMMoU

# final result
{
  "submission": "method_softhebb-stacked_pass_1",
  "disqualified": true,
  "reason": "val_accuracy_below_floor",
  "acc_min": 0.7,
  "val_char_accuracy": 0.11886666666666666,
  "val_chars": 60000,
  "training_energy_J": 21179.0483138,
  "training_duration_s": 88.960193724,
  "gpu_name": "NVIDIA A100 80GB PCIe",
  "date_utc": "2026-05-17T13:38:28Z",
  "_nvml": {
    "nvml_available": true,
    "energy_counter_supported": true,
    "monotonic": true,
    "idle_watts": 51.99510000000004,
    "stress_watts_avg": 232.30011693433502,
    "stress_energy_joules": 8485.176,
    "stress_duration_s": 36.526783163,
    "gpu_name": "NVIDIA A100 80GB PCIe",
    "notes": []
  },
  "seed": 0,
  "contributor": "@survey-softhebb"
}
