# wikitext submit.py log — mha_alpha00 — 2026-05-25T18:45:30+00:00Z
[modal] launching A100-80GB ...
✓ Initialized. View run at 
https://modal.com/apps/ab-10/main/ap-DhEdCpxYf1B5Q4So6Ziozt
✓ Created objects.
├── 🔨 Created mount /home/seneca/wikitext/submit.py
├── 🔨 Created mount /home/seneca/wikitext/task.py
├── 🔨 Created mount /home/seneca/wikitext/verify_nvml.py
├── 🔨 Created mount /home/seneca/wikitext/wikitext.py
├── 🔨 Created mount /home/seneca/wikitext/run_eval.py
└── 🔨 Created function run_submission.
[modal] verifying NVML energy counter ...
GPU: NVIDIA A100 80GB PCIe
sampling idle power for 3s ...
  idle: 57.4 W
running 30s stress workload ...
/usr/local/lib/python3.11/site-packages/torch/_subclasses/functional_tensor.py:295: UserWarning: Failed to initialize NumPy: No module named 'numpy' (Triggered internally at ../torch/csrc/utils/tensor_numpy.cpp:84.)
  cpu = _conversion_method_template(device=torch.device("cpu"))
  duration:       37.6 s
  energy delta:   8,724.1 J
  avg power:      231.9 W
  monotonic:      True
---
{"nvml_available": true, "energy_counter_supported": true, "monotonic": true, "idle_watts": 57.38381666666667, "stress_watts_avg": 231.85225102740355, "stress_energy_joules": 8724.1, "stress_duration_s": 37.627842565, "gpu_name": "NVIDIA A100 80GB PCIe", "notes": []}
[modal] running submission (TEST_CHARS=60000 MAX_TRAIN_SECONDS=300.0 ACC_MIN=0.7) ...
loading WikiText-103 from /data ...
  train chars: 540,095,682
  val   chars: 60,000  (scored, gated by --acc-min)
train wall-clock cap: 300 s
val accuracy floor : 0.7000
/usr/local/lib/python3.11/site-packages/torch/_subclasses/functional_tensor.py:295: UserWarning: Failed to initialize NumPy: No module named 'numpy' (Triggered internally at ../torch/csrc/utils/tensor_numpy.cpp:84.)
  cpu = _conversion_method_template(device=torch.device("cpu"))
training submission /workspace/mha_alpha00.py ...
[mha] α' = 0.0
[mha] 7.29M params  cfg=TrainConfig(d=384 L=4 H=6 bs=32 T=1024 steps=2150 α'=0.0)
[mha] step     0/2150  loss 5.5452  elapsed 3s
[mha] step   100/2150  loss 1.6221  elapsed 10s
[mha] step   200/2150  loss 1.4231  elapsed 18s
[mha] step   300/2150  loss 1.3431  elapsed 25s
[mha] step   400/2150  loss 1.2684  elapsed 33s
[mha] step   500/2150  loss 1.2235  elapsed 40s
[mha] step   600/2150  loss 1.2022  elapsed 48s
[mha] step   700/2150  loss 1.1236  elapsed 55s
[mha] step   800/2150  loss 1.1051  elapsed 63s
[mha] step   900/2150  loss 1.1261  elapsed 70s
[mha] step  1000/2150  loss 1.0890  elapsed 78s
[mha] step  1100/2150  loss 1.0821  elapsed 85s
[mha] step  1200/2150  loss 1.1370  elapsed 93s
[mha] step  1300/2150  loss 1.0825  elapsed 100s
[mha] step  1400/2150  loss 1.0645  elapsed 108s
[mha] step  1500/2150  loss 1.0298  elapsed 115s
[mha] step  1600/2150  loss 1.0410  elapsed 123s
[mha] step  1700/2150  loss 0.9851  elapsed 130s
[mha] step  1800/2150  loss 1.0132  elapsed 138s
[mha] step  1900/2150  loss 0.9944  elapsed 145s
[mha] step  2000/2150  loss 0.9640  elapsed 153s
[mha] step  2100/2150  loss 0.9855  elapsed 160s
[mha] step  2149/2150  loss 0.9793  elapsed 164s
training: 34,920.9 J   duration=170.0s
evaluating on val split ...
  eval      1,200/60,000 (  2.0%)  acc=0.7225      159 char/s  eta=   370s
  eval      2,400/60,000 (  4.0%)  acc=0.7087      160 char/s  eta=   359s
  eval      3,600/60,000 (  6.0%)  acc=0.7097      161 char/s  eta=   351s
  eval      4,800/60,000 (  8.0%)  acc=0.7198      162 char/s  eta=   341s
  eval      6,000/60,000 ( 10.0%)  acc=0.7098      162 char/s  eta=   333s
  eval      7,200/60,000 ( 12.0%)  acc=0.7075      162 char/s  eta=   326s
  eval      8,400/60,000 ( 14.0%)  acc=0.7068      162 char/s  eta=   319s
  eval      9,600/60,000 ( 16.0%)  acc=0.7107      162 char/s  eta=   311s
  eval     10,800/60,000 ( 18.0%)  acc=0.7128      162 char/s  eta=   304s
  eval     12,000/60,000 ( 20.0%)  acc=0.7140      162 char/s  eta=   297s
  eval     13,200/60,000 ( 22.0%)  acc=0.7191      161 char/s  eta=   290s
  eval     14,400/60,000 ( 24.0%)  acc=0.7210      161 char/s  eta=   283s
  eval     15,600/60,000 ( 26.0%)  acc=0.7236      161 char/s  eta=   275s
  eval     16,800/60,000 ( 28.0%)  acc=0.7273      161 char/s  eta=   268s
  eval     18,000/60,000 ( 30.0%)  acc=0.7246      162 char/s  eta=   260s
  eval     19,200/60,000 ( 32.0%)  acc=0.7267      162 char/s  eta=   252s
  eval     20,400/60,000 ( 34.0%)  acc=0.7282      162 char/s  eta=   245s
  eval     21,600/60,000 ( 36.0%)  acc=0.7281      162 char/s  eta=   237s
  eval     22,800/60,000 ( 38.0%)  acc=0.7284      162 char/s  eta=   229s
  eval     24,000/60,000 ( 40.0%)  acc=0.7287      162 char/s  eta=   222s
  eval     25,200/60,000 ( 42.0%)  acc=0.7296      162 char/s  eta=   214s
  eval     26,400/60,000 ( 44.0%)  acc=0.7306      162 char/s  eta=   207s
  eval     27,600/60,000 ( 46.0%)  acc=0.7312      162 char/s  eta=   200s
  eval     28,800/60,000 ( 48.0%)  acc=0.7314      162 char/s  eta=   193s
  eval     30,000/60,000 ( 50.0%)  acc=0.7301      162 char/s  eta=   185s
  eval     31,200/60,000 ( 52.0%)  acc=0.7283      162 char/s  eta=   178s
  eval     32,400/60,000 ( 54.0%)  acc=0.7282      161 char/s  eta=   171s
  eval     33,600/60,000 ( 56.0%)  acc=0.7264      161 char/s  eta=   164s
  eval     34,800/60,000 ( 58.0%)  acc=0.7252      161 char/s  eta=   156s
  eval     36,000/60,000 ( 60.0%)  acc=0.7246      161 char/s  eta=   149s
  eval     37,200/60,000 ( 62.0%)  acc=0.7249      161 char/s  eta=   141s
  eval     38,400/60,000 ( 64.0%)  acc=0.7251      161 char/s  eta=   134s
  eval     39,600/60,000 ( 66.0%)  acc=0.7253      161 char/s  eta=   126s
  eval     40,800/60,000 ( 68.0%)  acc=0.7251      161 char/s  eta=   119s
  eval     42,000/60,000 ( 70.0%)  acc=0.7252      161 char/s  eta=   112s
  eval     43,200/60,000 ( 72.0%)  acc=0.7255      161 char/s  eta=   104s
  eval     44,400/60,000 ( 74.0%)  acc=0.7255      161 char/s  eta=    97s
  eval     45,600/60,000 ( 76.0%)  acc=0.7254      161 char/s  eta=    89s
  eval     46,800/60,000 ( 78.0%)  acc=0.7251      161 char/s  eta=    82s
  eval     48,000/60,000 ( 80.0%)  acc=0.7258      161 char/s  eta=    74s
  eval     49,200/60,000 ( 82.0%)  acc=0.7264      161 char/s  eta=    67s
  eval     50,400/60,000 ( 84.0%)  acc=0.7278      161 char/s  eta=    59s
  eval     51,600/60,000 ( 86.0%)  acc=0.7284      161 char/s  eta=    52s
  eval     52,800/60,000 ( 88.0%)  acc=0.7294      161 char/s  eta=    45s
  eval     54,000/60,000 ( 90.0%)  acc=0.7298      161 char/s  eta=    37s
  eval     55,200/60,000 ( 92.0%)  acc=0.7293      161 char/s  eta=    30s
  eval     56,400/60,000 ( 94.0%)  acc=0.7297      161 char/s  eta=    22s
  eval     57,600/60,000 ( 96.0%)  acc=0.7301      161 char/s  eta=    15s
  eval     58,800/60,000 ( 98.0%)  acc=0.7306      161 char/s  eta=     7s
  eval     60,000/60,000 (100.0%)  acc=0.7306      161 char/s  eta=     0s
chars=60,000  acc=0.7306  eval_duration=372.9s
---
submission         : mha_alpha00
training energy (J): 34,920.9
training duration  : 170.0s
val  char-accuracy : 0.7306
val  chars         : 60,000
wrote /tmp/result.json
Stopping app - local entrypoint completed.
✓ App completed. View run at 
https://modal.com/apps/ab-10/main/ap-DhEdCpxYf1B5Q4So6Ziozt

# final result
{
  "submission": "mha_alpha00",
  "training_energy_J": 34920.91486325,
  "training_duration_s": 169.98174273499998,
  "val_char_accuracy": 0.7305666666666667,
  "val_chars": 60000,
  "gpu_name": "NVIDIA A100 80GB PCIe",
  "date_utc": "2026-05-25T18:55:37Z",
  "_nvml": {
    "nvml_available": true,
    "energy_counter_supported": true,
    "monotonic": true,
    "idle_watts": 57.38381666666667,
    "stress_watts_avg": 231.85225102740355,
    "stress_energy_joules": 8724.1,
    "stress_duration_s": 37.627842565,
    "gpu_name": "NVIDIA A100 80GB PCIe",
    "notes": []
  },
  "contributor": "@ab-10"
}
