# wikitext submit.py log — gpu_ngram_w31_k10 — 2026-05-20T07:08:58+00:00Z
[modal] launching A100-80GB ...
✓ Initialized. View run at 
https://modal.com/apps/gabriel-nakajima-an/main/ap-pIEjqygFnlWHanPMhHZVrk
✓ Created objects.
├── 🔨 Created mount /Users/naka/src/sutro/wikitext/submit.py
├── 🔨 Created mount /Users/naka/src/sutro/wikitext/task.py
├── 🔨 Created mount /Users/naka/src/sutro/wikitext/verify_nvml.py
├── 🔨 Created mount /Users/naka/src/sutro/wikitext/run_eval.py
├── 🔨 Created mount /Users/naka/src/sutro/wikitext/wikitext.py
└── 🔨 Created function run_submission.
[modal] verifying NVML energy counter ...
GPU: NVIDIA A100-SXM4-80GB
sampling idle power for 3s ...
  idle: 60.2 W
running 30s stress workload ...
  duration:       37.7 s
  energy delta:   12,586.7 J
  avg power:      333.5 W
  monotonic:      True
---
{"nvml_available": true, "energy_counter_supported": true, "monotonic": true, "idle_watts": 60.193533333333285, "stress_watts_avg": 333.5173274327308, "stress_energy_joules": 12586.718, "stress_duration_s": 37.739322562000005, "gpu_name": "NVIDIA A100-SXM4-80GB", "notes": []}
[modal] running submission (TEST_CHARS=60000 MAX_TRAIN_SECONDS=300.0 ACC_MIN=0.7) ...
loading WikiText-103 from /data ...
  train chars: 540,095,682
  val   chars: 60,000  (scored, gated by --acc-min)
train wall-clock cap: 300 s
val accuracy floor : 0.7000
training submission /workspace/gpu_ngram_w31_k10.py ...
[codecarbon WARNING @ 07:11:59] Multiple instances of codecarbon are allowed to run at the same time.
[gpu_ngram_w3] starting build; max_order=10 D=0.5
[gpu_ngram_w3] encoded train: 541,096,898 bytes (0.5s)
[gpu_ngram_w3] top order=10 unique pairs: 84,282,364  1.8s
[gpu_ngram_w3] ctx_len=9 ctxs=54,720,376 rows=84,282,364  7.6s
[gpu_ngram_w3] ctx_len=8 ctxs=31,924,091 rows=54,720,376  4.6s
[gpu_ngram_w3] ctx_len=7 ctxs=16,284,921 rows=31,924,091  2.5s
[gpu_ngram_w3] ctx_len=6 ctxs=7,016,442 rows=16,284,921  1.2s
[gpu_ngram_w3] ctx_len=5 ctxs=2,438,281 rows=7,016,442  0.5s
[gpu_ngram_w3] ctx_len=4 ctxs=637,143 rows=2,438,281  0.1s
[gpu_ngram_w3] ctx_len=3 ctxs=122,882 rows=637,143  0.0s
[gpu_ngram_w3] ctx_len=2 ctxs=12,282 rows=122,882  0.0s
[gpu_ngram_w3] ctx_len=1 ctxs=204 rows=12,282  0.0s
[gpu_ngram_w3] ctx_len=0 ctxs=1 rows=204  0.0s
[gpu_ngram_w3] total build: 18.8s
training: 877.8 J   duration=20.6s
evaluating on val split ...
  eval      1,200/60,000 (  2.0%)  acc=0.6917     4277 char/s  eta=    14s
  eval      2,400/60,000 (  4.0%)  acc=0.6737     4374 char/s  eta=    13s
  eval      3,600/60,000 (  6.0%)  acc=0.6700     4429 char/s  eta=    13s
  eval      4,800/60,000 (  8.0%)  acc=0.6852     4441 char/s  eta=    12s
  eval      6,000/60,000 ( 10.0%)  acc=0.6880     4464 char/s  eta=    12s
  eval      7,200/60,000 ( 12.0%)  acc=0.6804     4481 char/s  eta=    12s
  eval      8,400/60,000 ( 14.0%)  acc=0.6788     4491 char/s  eta=    11s
  eval      9,600/60,000 ( 16.0%)  acc=0.6853     4495 char/s  eta=    11s
  eval     10,800/60,000 ( 18.0%)  acc=0.6930     4496 char/s  eta=    11s
  eval     12,000/60,000 ( 20.0%)  acc=0.6959     4495 char/s  eta=    11s
  eval     13,200/60,000 ( 22.0%)  acc=0.6997     4496 char/s  eta=    10s
  eval     14,400/60,000 ( 24.0%)  acc=0.7005     4499 char/s  eta=    10s
  eval     15,600/60,000 ( 26.0%)  acc=0.7013     4501 char/s  eta=    10s
  eval     16,800/60,000 ( 28.0%)  acc=0.7043     4503 char/s  eta=    10s
  eval     18,000/60,000 ( 30.0%)  acc=0.7060     4503 char/s  eta=     9s
  eval     19,200/60,000 ( 32.0%)  acc=0.7093     4501 char/s  eta=     9s
  eval     20,400/60,000 ( 34.0%)  acc=0.7100     4500 char/s  eta=     9s
  eval     21,600/60,000 ( 36.0%)  acc=0.7106     4502 char/s  eta=     9s
  eval     22,800/60,000 ( 38.0%)  acc=0.7104     4501 char/s  eta=     8s
  eval     24,000/60,000 ( 40.0%)  acc=0.7103     4502 char/s  eta=     8s
  eval     25,200/60,000 ( 42.0%)  acc=0.7106     4503 char/s  eta=     8s
  eval     26,400/60,000 ( 44.0%)  acc=0.7111     4505 char/s  eta=     7s
  eval     27,600/60,000 ( 46.0%)  acc=0.7091     4506 char/s  eta=     7s
  eval     28,800/60,000 ( 48.0%)  acc=0.7091     4509 char/s  eta=     7s
  eval     30,000/60,000 ( 50.0%)  acc=0.7077     4510 char/s  eta=     7s
  eval     31,200/60,000 ( 52.0%)  acc=0.7043     4513 char/s  eta=     6s
  eval     32,400/60,000 ( 54.0%)  acc=0.7021     4516 char/s  eta=     6s
  eval     33,600/60,000 ( 56.0%)  acc=0.6999     4519 char/s  eta=     6s
  eval     34,800/60,000 ( 58.0%)  acc=0.7001     4519 char/s  eta=     6s
  eval     36,000/60,000 ( 60.0%)  acc=0.7000     4520 char/s  eta=     5s
  eval     37,200/60,000 ( 62.0%)  acc=0.7003     4520 char/s  eta=     5s
  eval     38,400/60,000 ( 64.0%)  acc=0.7005     4520 char/s  eta=     5s
  eval     39,600/60,000 ( 66.0%)  acc=0.6999     4521 char/s  eta=     5s
  eval     40,800/60,000 ( 68.0%)  acc=0.6996     4521 char/s  eta=     4s
  eval     42,000/60,000 ( 70.0%)  acc=0.6987     4521 char/s  eta=     4s
  eval     43,200/60,000 ( 72.0%)  acc=0.6980     4521 char/s  eta=     4s
  eval     44,400/60,000 ( 74.0%)  acc=0.6979     4521 char/s  eta=     3s
  eval     45,600/60,000 ( 76.0%)  acc=0.6982     4521 char/s  eta=     3s
  eval     46,800/60,000 ( 78.0%)  acc=0.6977     4521 char/s  eta=     3s
  eval     48,000/60,000 ( 80.0%)  acc=0.6978     4520 char/s  eta=     3s
  eval     49,200/60,000 ( 82.0%)  acc=0.6972     4520 char/s  eta=     2s
  eval     50,400/60,000 ( 84.0%)  acc=0.6975     4520 char/s  eta=     2s
  eval     51,600/60,000 ( 86.0%)  acc=0.6978     4520 char/s  eta=     2s
  eval     52,800/60,000 ( 88.0%)  acc=0.6967     4524 char/s  eta=     2s
  eval     54,000/60,000 ( 90.0%)  acc=0.6966     4524 char/s  eta=     1s
  eval     55,200/60,000 ( 92.0%)  acc=0.6963     4524 char/s  eta=     1s
  eval     56,400/60,000 ( 94.0%)  acc=0.6955     4525 char/s  eta=     1s
  eval     57,600/60,000 ( 96.0%)  acc=0.6960     4525 char/s  eta=     1s
  eval     58,800/60,000 ( 98.0%)  acc=0.6965     4524 char/s  eta=     0s
  eval     60,000/60,000 (100.0%)  acc=0.6975     4524 char/s  eta=     0s
chars=60,000  acc=0.6975  eval_duration=13.3s
---
DISQUALIFIED: val accuracy 0.6975 below floor 0.7000
submission         : gpu_ngram_w31_k10
training energy (J): 877.8
training duration  : 20.6s
wrote /tmp/result.json
Stopping app - local entrypoint completed.
✓ App completed. View run at 
https://modal.com/apps/gabriel-nakajima-an/main/ap-pIEjqygFnlWHanPMhHZVrk

# final result
{
  "submission": "gpu_ngram_w31_k10",
  "disqualified": true,
  "reason": "val_accuracy_below_floor",
  "acc_min": 0.7,
  "val_char_accuracy": 0.6975333333333333,
  "val_chars": 60000,
  "training_energy_J": 877.7782632500002,
  "training_duration_s": 20.552814735,
  "cpu_energy_J": 874.5386261574989,
  "total_energy_J": 1752.3168894074993,
  "gpu_name": "NVIDIA A100-SXM4-80GB",
  "date_utc": "2026-05-20T07:12:38Z",
  "_nvml": {
    "nvml_available": true,
    "energy_counter_supported": true,
    "monotonic": true,
    "idle_watts": 60.193533333333285,
    "stress_watts_avg": 333.5173274327308,
    "stress_energy_joules": 12586.718,
    "stress_duration_s": 37.739322562000005,
    "gpu_name": "NVIDIA A100-SXM4-80GB",
    "notes": []
  },
  "contributor": "@follow-up-paq-prediction"
}
