╭─ Modal A100-80GB wikitext submission ───────
│  submission:    /home/seneca/wikitext/submissions/umps_born_d128
│  est. runtime:  ~15 min  (cold start + train + eval)
│  est. cost:     ~$0.62  (@ $2.50/hr)
╰───────────────────────────────────────────────
[modal] launching A100-80GB ...
✓ Initialized. View run at 
https://modal.com/apps/ab-10/main/ap-zff8MYW45xcBP4gZTYfpTu
✓ Created objects.
├── 🔨 Created mount /home/seneca/wikitext/submit.py
├── 🔨 Created mount /home/seneca/wikitext/task.py
├── 🔨 Created mount /home/seneca/wikitext/verify_nvml.py
├── 🔨 Created mount /home/seneca/wikitext/run_eval.py
├── 🔨 Created mount /home/seneca/wikitext/wikitext.py
└── 🔨 Created function run_submission.
[modal] verifying NVML energy counter ...
GPU: NVIDIA A100-SXM4-80GB
sampling idle power for 3s ...
  idle: 59.2 W
running 30s stress workload ...
/usr/local/lib/python3.11/site-packages/torch/_subclasses/functional_tensor.py:295: UserWarning: Failed to initialize NumPy: No module named 'numpy' (Triggered internally at ../torch/csrc/utils/tensor_numpy.cpp:84.)
  cpu = _conversion_method_template(device=torch.device("cpu"))
  duration:       37.7 s
  energy delta:   11,282.5 J
  avg power:      299.0 W
  monotonic:      True
---
{"nvml_available": true, "energy_counter_supported": true, "monotonic": true, "idle_watts": 59.17893333333337, "stress_watts_avg": 298.980116709804, "stress_energy_joules": 11282.491, "stress_duration_s": 37.736593068999994, "gpu_name": "NVIDIA A100-SXM4-80GB", "notes": []}
[modal] running submission (TEST_CHARS=60000 MAX_TRAIN_SECONDS=300.0 ACC_MIN=0.7) ...
loading WikiText-103 from /data ...
  train chars: 540,095,682
  val   chars: 60,000  (scored, gated by --acc-min)
train wall-clock cap: 300 s
val accuracy floor : 0.7000
/usr/local/lib/python3.11/site-packages/torch/_subclasses/functional_tensor.py:295: UserWarning: Failed to initialize NumPy: No module named 'numpy' (Triggered internally at ../torch/csrc/utils/tensor_numpy.cpp:84.)
  cpu = _conversion_method_template(device=torch.device("cpu"))
training submission /workspace/umps_born_d128.py ...
[umps_born] SEED=0
[umps_born] device=cuda
[umps_born] train bytes: 541,096,898
[umps_born] D=128 V=256 T=64 bs=32 n_steps=5000 lr=3.0e-03 budget=250s
[umps_born] core memory: 16.8 MB  train bytes: 541,096,898
[umps_born] step     0/5000  loss 5.5517  ||A|| 9.430  elapsed 0.0s
[umps_born] step   200/5000  loss 2.7642  ||A|| 38.431  elapsed 11.0s
[umps_born] step   400/5000  loss 2.5210  ||A|| 49.270  elapsed 20.1s
[umps_born] step   600/5000  loss 2.4448  ||A|| 58.589  elapsed 28.5s
[umps_born] step   800/5000  loss 2.3734  ||A|| 66.662  elapsed 37.0s
[umps_born] step  1000/5000  loss 2.3102  ||A|| 72.410  elapsed 45.4s
[umps_born] step  1200/5000  loss 2.3026  ||A|| 77.368  elapsed 53.8s
[umps_born] step  1400/5000  loss 2.2793  ||A|| 83.511  elapsed 62.1s
[umps_born] step  1600/5000  loss 2.1563  ||A|| 88.267  elapsed 70.5s
[umps_born] step  1800/5000  loss 2.2093  ||A|| 93.706  elapsed 79.0s
[umps_born] step  2000/5000  loss 2.1239  ||A|| 97.312  elapsed 87.5s
[umps_born] step  2200/5000  loss 2.2138  ||A|| 101.258  elapsed 95.9s
[umps_born] step  2400/5000  loss 2.1500  ||A|| 105.877  elapsed 104.2s
[umps_born] step  2600/5000  loss 2.0995  ||A|| 110.386  elapsed 112.6s
[umps_born] step  2800/5000  loss 2.1279  ||A|| 114.149  elapsed 121.1s
[umps_born] step  3000/5000  loss 2.1428  ||A|| 117.191  elapsed 129.4s
[umps_born] step  3200/5000  loss 2.1228  ||A|| 119.943  elapsed 137.8s
[umps_born] step  3400/5000  loss 2.0987  ||A|| 123.584  elapsed 146.1s
[umps_born] step  3600/5000  loss 2.1036  ||A|| 127.116  elapsed 154.5s
[umps_born] step  3800/5000  loss 2.0867  ||A|| 130.282  elapsed 163.0s
[umps_born] step  4000/5000  loss 2.1122  ||A|| 133.207  elapsed 171.4s
[umps_born] step  4200/5000  loss 2.0601  ||A|| 136.168  elapsed 179.8s
[umps_born] step  4400/5000  loss 2.0569  ||A|| 139.877  elapsed 188.1s
[umps_born] step  4600/5000  loss 2.0746  ||A|| 142.208  elapsed 196.6s
[umps_born] step  4800/5000  loss 2.0848  ||A|| 145.230  elapsed 204.9s
[umps_born] step  4999/5000  loss 2.0883  ||A|| 147.811  elapsed 213.3s
[umps_born] computing Phi via power iteration...
[umps_born] power iter: lam=1.7853e+02  ||Phi||=1.0000
[umps_born] post-normalization power iter: lam=1.000000 (should be ~1.0)
training: 14,662.8 J   duration=217.4s
evaluating on val split ...
  eval      1,200/60,000 (  2.0%)  acc=0.2400     2355 char/s  eta=    25s
  eval      2,400/60,000 (  4.0%)  acc=0.2554     2383 char/s  eta=    24s
  eval      3,600/60,000 (  6.0%)  acc=0.2567     2391 char/s  eta=    24s
  eval      4,800/60,000 (  8.0%)  acc=0.2569     2398 char/s  eta=    23s
  eval      6,000/60,000 ( 10.0%)  acc=0.2537     2401 char/s  eta=    22s
  eval      7,200/60,000 ( 12.0%)  acc=0.2537     2402 char/s  eta=    22s
  eval      8,400/60,000 ( 14.0%)  acc=0.2487     2402 char/s  eta=    21s
  eval      9,600/60,000 ( 16.0%)  acc=0.2470     2402 char/s  eta=    21s
  eval     10,800/60,000 ( 18.0%)  acc=0.2461     2402 char/s  eta=    20s
  eval     12,000/60,000 ( 20.0%)  acc=0.2449     2403 char/s  eta=    20s
  eval     13,200/60,000 ( 22.0%)  acc=0.2471     2403 char/s  eta=    19s
  eval     14,400/60,000 ( 24.0%)  acc=0.2471     2404 char/s  eta=    19s
  eval     15,600/60,000 ( 26.0%)  acc=0.2475     2404 char/s  eta=    18s
  eval     16,800/60,000 ( 28.0%)  acc=0.2462     2405 char/s  eta=    18s
  eval     18,000/60,000 ( 30.0%)  acc=0.2455     2406 char/s  eta=    17s
  eval     19,200/60,000 ( 32.0%)  acc=0.2447     2406 char/s  eta=    17s
  eval     20,400/60,000 ( 34.0%)  acc=0.2442     2406 char/s  eta=    16s
  eval     21,600/60,000 ( 36.0%)  acc=0.2434     2406 char/s  eta=    16s
  eval     22,800/60,000 ( 38.0%)  acc=0.2427     2405 char/s  eta=    15s
  eval     24,000/60,000 ( 40.0%)  acc=0.2435     2406 char/s  eta=    15s
  eval     25,200/60,000 ( 42.0%)  acc=0.2438     2405 char/s  eta=    14s
  eval     26,400/60,000 ( 44.0%)  acc=0.2458     2405 char/s  eta=    14s
  eval     27,600/60,000 ( 46.0%)  acc=0.2467     2405 char/s  eta=    13s
  eval     28,800/60,000 ( 48.0%)  acc=0.2472     2405 char/s  eta=    13s
  eval     30,000/60,000 ( 50.0%)  acc=0.2477     2405 char/s  eta=    12s
  eval     31,200/60,000 ( 52.0%)  acc=0.2474     2405 char/s  eta=    12s
  eval     32,400/60,000 ( 54.0%)  acc=0.2472     2405 char/s  eta=    11s
  eval     33,600/60,000 ( 56.0%)  acc=0.2474     2406 char/s  eta=    11s
  eval     34,800/60,000 ( 58.0%)  acc=0.2468     2406 char/s  eta=    10s
  eval     36,000/60,000 ( 60.0%)  acc=0.2467     2406 char/s  eta=    10s
  eval     37,200/60,000 ( 62.0%)  acc=0.2466     2406 char/s  eta=     9s
  eval     38,400/60,000 ( 64.0%)  acc=0.2473     2406 char/s  eta=     9s
  eval     39,600/60,000 ( 66.0%)  acc=0.2475     2406 char/s  eta=     8s
  eval     40,800/60,000 ( 68.0%)  acc=0.2473     2407 char/s  eta=     8s
  eval     42,000/60,000 ( 70.0%)  acc=0.2472     2407 char/s  eta=     7s
  eval     43,200/60,000 ( 72.0%)  acc=0.2475     2407 char/s  eta=     7s
  eval     44,400/60,000 ( 74.0%)  acc=0.2479     2408 char/s  eta=     6s
  eval     45,600/60,000 ( 76.0%)  acc=0.2478     2407 char/s  eta=     6s
  eval     46,800/60,000 ( 78.0%)  acc=0.2478     2407 char/s  eta=     5s
  eval     48,000/60,000 ( 80.0%)  acc=0.2476     2407 char/s  eta=     5s
  eval     49,200/60,000 ( 82.0%)  acc=0.2476     2407 char/s  eta=     4s
  eval     50,400/60,000 ( 84.0%)  acc=0.2474     2407 char/s  eta=     4s
  eval     51,600/60,000 ( 86.0%)  acc=0.2474     2407 char/s  eta=     3s
  eval     52,800/60,000 ( 88.0%)  acc=0.2482     2407 char/s  eta=     3s
  eval     54,000/60,000 ( 90.0%)  acc=0.2481     2407 char/s  eta=     2s
  eval     55,200/60,000 ( 92.0%)  acc=0.2480     2408 char/s  eta=     2s
  eval     56,400/60,000 ( 94.0%)  acc=0.2479     2408 char/s  eta=     1s
  eval     57,600/60,000 ( 96.0%)  acc=0.2482     2408 char/s  eta=     1s
  eval     58,800/60,000 ( 98.0%)  acc=0.2487     2408 char/s  eta=     0s
  eval     60,000/60,000 (100.0%)  acc=0.2491     2408 char/s  eta=     0s
chars=60,000  acc=0.2491  eval_duration=24.9s
---
DISQUALIFIED: val accuracy 0.2491 below floor 0.7000
submission         : umps_born_d128
training energy (J): 14,662.8
training duration  : 217.4s
wrote /tmp/result.json
Stopping app - local entrypoint completed.
✓ App completed. View run at 
https://modal.com/apps/ab-10/main/ap-zff8MYW45xcBP4gZTYfpTu
[done] DISQUALIFIED — val_accuracy_below_floor
       floor    = 0.7000
       val_acc  = 0.2491
       train_s  = 217.4
       energy   = 14,663 J
       result   = /home/seneca/wikitext/submissions/umps_born_d128/result.json
