# wikitext submit.py log — method_es-tiny-transformer_pass_1  SEED=0 — 2026-05-17T13:31:56+00:00Z
[modal] launching A100-80GB  SEED=0 ...
✓ Initialized. View run at 
https://modal.com/apps/ab-10/main/ap-LQMp1mXEBD9n7v11fuRlqA
✓ Created objects.
├── 🔨 Created mount /home/seneca/wikitext/submit.py
├── 🔨 Created mount /home/seneca/wikitext/task.py
├── 🔨 Created mount /home/seneca/wikitext/verify_nvml.py
├── 🔨 Created mount /home/seneca/wikitext/run_eval.py
├── 🔨 Created mount /home/seneca/wikitext/wikitext.py
└── 🔨 Created function run_submission.
[modal] SEED=0 (calibration run)
[modal] verifying NVML energy counter ...
GPU: NVIDIA A100 80GB PCIe
sampling idle power for 3s ...
  idle: 54.0 W
running 30s stress workload ...
/usr/local/lib/python3.11/site-packages/torch/_subclasses/functional_tensor.py:295: UserWarning: Failed to initialize NumPy: No module named 'numpy' (Triggered internally at ../torch/csrc/utils/tensor_numpy.cpp:84.)
  cpu = _conversion_method_template(device=torch.device("cpu"))
  duration:       37.6 s
  energy delta:   8,660.7 J
  avg power:      230.6 W
  monotonic:      True
---
{"nvml_available": true, "energy_counter_supported": true, "monotonic": true, "idle_watts": 54.00489999999999, "stress_watts_avg": 230.5502201420964, "stress_energy_joules": 8660.715, "stress_duration_s": 37.56541631, "gpu_name": "NVIDIA A100 80GB PCIe", "notes": []}
[modal] running submission (TEST_CHARS=60000 MAX_TRAIN_SECONDS=300.0 ACC_MIN=0.7) ...
loading WikiText-103 from /data ...
  train chars: 540,095,682
  val   chars: 60,000  (scored, gated by --acc-min)
train wall-clock cap: 300 s
val accuracy floor : 0.7000
/usr/local/lib/python3.11/site-packages/torch/_subclasses/functional_tensor.py:295: UserWarning: Failed to initialize NumPy: No module named 'numpy' (Triggered internally at ../torch/csrc/utils/tensor_numpy.cpp:84.)
  cpu = _conversion_method_template(device=torch.device("cpu"))
training submission /workspace/method_es-tiny-transformer_pass_1.py ...
[es] SEED=0
[es] model: L=4 d=64 h=32 ctx=64 params=232,576  D=232,576
[es] population P=64 (antithetic half=32) sigma=0.02 alpha=0.05 batch=16 budget=270s iters_target=150
[es] iter    1  mean_NLL=5.5574  best=5.5145  worst=5.5862  ||theta||=140.02  ||update||_inf=0.1000  elapsed=1s
[es] iter   10  mean_NLL=5.0652  best=4.9675  worst=5.1574  ||theta||=194.36  ||update||_inf=0.1000  elapsed=5s
[es] iter   20  mean_NLL=5.0788  best=4.9544  worst=5.2031  ||theta||=240.69  ||update||_inf=0.1000  elapsed=9s
[es] iter   30  mean_NLL=5.0909  best=4.9882  worst=5.2100  ||theta||=279.97  ||update||_inf=0.1000  elapsed=13s
[es] iter   40  mean_NLL=4.6171  best=4.5412  worst=4.6973  ||theta||=314.40  ||update||_inf=0.1000  elapsed=17s
[es] iter   50  mean_NLL=4.6443  best=4.5615  worst=4.7451  ||theta||=345.11  ||update||_inf=0.1000  elapsed=21s
[es] iter   60  mean_NLL=3.9542  best=3.9020  worst=4.0070  ||theta||=373.89  ||update||_inf=0.1000  elapsed=25s
[es] iter   70  mean_NLL=3.9965  best=3.9569  worst=4.0478  ||theta||=400.04  ||update||_inf=0.1000  elapsed=29s
[es] iter   80  mean_NLL=4.3531  best=4.3311  worst=4.3772  ||theta||=425.17  ||update||_inf=0.1000  elapsed=34s
[es] iter   90  mean_NLL=3.8563  best=3.8228  worst=3.8965  ||theta||=448.67  ||update||_inf=0.1000  elapsed=37s
[es] iter  100  mean_NLL=3.5594  best=3.5408  worst=3.5808  ||theta||=471.24  ||update||_inf=0.1000  elapsed=41s
[es] iter  110  mean_NLL=4.0543  best=4.0301  worst=4.0794  ||theta||=491.94  ||update||_inf=0.1000  elapsed=45s
[es] iter  120  mean_NLL=3.4736  best=3.4576  worst=3.4905  ||theta||=512.13  ||update||_inf=0.1000  elapsed=49s
[es] iter  130  mean_NLL=3.9301  best=3.9035  worst=3.9543  ||theta||=531.48  ||update||_inf=0.1000  elapsed=53s
[es] iter  140  mean_NLL=3.4105  best=3.3951  worst=3.4255  ||theta||=549.94  ||update||_inf=0.1000  elapsed=57s
[es] iter  150  mean_NLL=3.6305  best=3.6114  worst=3.6466  ||theta||=567.84  ||update||_inf=0.1000  elapsed=61s
[es] training done — iters=150 elapsed=60.8s final_mean_NLL=3.6305
training: 1,938.4 J   duration=62.1s
evaluating on val split ...
  eval      1,200/60,000 (  2.0%)  acc=0.2158      176 char/s  eta=   333s
  eval      2,400/60,000 (  4.0%)  acc=0.2058      178 char/s  eta=   323s
  eval      3,600/60,000 (  6.0%)  acc=0.2058      178 char/s  eta=   317s
  eval      4,800/60,000 (  8.0%)  acc=0.2004      179 char/s  eta=   308s
  eval      6,000/60,000 ( 10.0%)  acc=0.1973      179 char/s  eta=   301s
  eval      7,200/60,000 ( 12.0%)  acc=0.1976      181 char/s  eta=   291s
  eval      8,400/60,000 ( 14.0%)  acc=0.1962      183 char/s  eta=   282s
  eval      9,600/60,000 ( 16.0%)  acc=0.1955      183 char/s  eta=   275s
  eval     10,800/60,000 ( 18.0%)  acc=0.1961      184 char/s  eta=   268s
  eval     12,000/60,000 ( 20.0%)  acc=0.1950      185 char/s  eta=   259s
  eval     13,200/60,000 ( 22.0%)  acc=0.1942      186 char/s  eta=   251s
  eval     14,400/60,000 ( 24.0%)  acc=0.1935      187 char/s  eta=   244s
  eval     15,600/60,000 ( 26.0%)  acc=0.1922      187 char/s  eta=   237s
  eval     16,800/60,000 ( 28.0%)  acc=0.1921      188 char/s  eta=   230s
  eval     18,000/60,000 ( 30.0%)  acc=0.1916      188 char/s  eta=   224s
  eval     19,200/60,000 ( 32.0%)  acc=0.1909      188 char/s  eta=   217s
  eval     20,400/60,000 ( 34.0%)  acc=0.1905      188 char/s  eta=   210s
  eval     21,600/60,000 ( 36.0%)  acc=0.1903      187 char/s  eta=   205s
  eval     22,800/60,000 ( 38.0%)  acc=0.1899      186 char/s  eta=   200s
  eval     24,000/60,000 ( 40.0%)  acc=0.1903      185 char/s  eta=   194s
  eval     25,200/60,000 ( 42.0%)  acc=0.1905      185 char/s  eta=   188s
  eval     26,400/60,000 ( 44.0%)  acc=0.1917      184 char/s  eta=   182s
  eval     27,600/60,000 ( 46.0%)  acc=0.1921      184 char/s  eta=   176s
  eval     28,800/60,000 ( 48.0%)  acc=0.1917      184 char/s  eta=   170s
  eval     30,000/60,000 ( 50.0%)  acc=0.1915      184 char/s  eta=   163s
  eval     31,200/60,000 ( 52.0%)  acc=0.1913      185 char/s  eta=   156s
  eval     32,400/60,000 ( 54.0%)  acc=0.1909      185 char/s  eta=   149s
  eval     33,600/60,000 ( 56.0%)  acc=0.1909      186 char/s  eta=   142s
  eval     34,800/60,000 ( 58.0%)  acc=0.1906      186 char/s  eta=   135s
  eval     36,000/60,000 ( 60.0%)  acc=0.1904      187 char/s  eta=   129s
  eval     37,200/60,000 ( 62.0%)  acc=0.1904      187 char/s  eta=   122s
  eval     38,400/60,000 ( 64.0%)  acc=0.1904      187 char/s  eta=   115s
  eval     39,600/60,000 ( 66.0%)  acc=0.1907      187 char/s  eta=   109s
  eval     40,800/60,000 ( 68.0%)  acc=0.1905      187 char/s  eta=   103s
  eval     42,000/60,000 ( 70.0%)  acc=0.1906      186 char/s  eta=    97s
  eval     43,200/60,000 ( 72.0%)  acc=0.1904      186 char/s  eta=    91s
  eval     44,400/60,000 ( 74.0%)  acc=0.1902      185 char/s  eta=    84s
  eval     45,600/60,000 ( 76.0%)  acc=0.1899      185 char/s  eta=    78s
  eval     46,800/60,000 ( 78.0%)  acc=0.1899      184 char/s  eta=    72s
  eval     48,000/60,000 ( 80.0%)  acc=0.1893      184 char/s  eta=    65s
  eval     49,200/60,000 ( 82.0%)  acc=0.1888      184 char/s  eta=    59s
  eval     50,400/60,000 ( 84.0%)  acc=0.1888      185 char/s  eta=    52s
  eval     51,600/60,000 ( 86.0%)  acc=0.1885      184 char/s  eta=    46s
  eval     52,800/60,000 ( 88.0%)  acc=0.1889      184 char/s  eta=    39s
  eval     54,000/60,000 ( 90.0%)  acc=0.1888      184 char/s  eta=    33s
  eval     55,200/60,000 ( 92.0%)  acc=0.1885      184 char/s  eta=    26s
  eval     56,400/60,000 ( 94.0%)  acc=0.1884      184 char/s  eta=    20s
  eval     57,600/60,000 ( 96.0%)  acc=0.1885      184 char/s  eta=    13s
  eval     58,800/60,000 ( 98.0%)  acc=0.1892      184 char/s  eta=     7s
  eval     60,000/60,000 (100.0%)  acc=0.1900      184 char/s  eta=     0s
chars=60,000  acc=0.1900  eval_duration=326.1s
---
DISQUALIFIED: val accuracy 0.1900 below floor 0.7000
submission         : method_es-tiny-transformer_pass_1
training energy (J): 1,938.4
training duration  : 62.1s
wrote /tmp/result.json
Stopping app - local entrypoint completed.
✓ App completed. View run at 
https://modal.com/apps/ab-10/main/ap-LQMp1mXEBD9n7v11fuRlqA

# final result
{
  "submission": "method_es-tiny-transformer_pass_1",
  "disqualified": true,
  "reason": "val_accuracy_below_floor",
  "acc_min": 0.7,
  "val_char_accuracy": 0.18996666666666667,
  "val_chars": 60000,
  "training_energy_J": 1938.4464541000007,
  "training_duration_s": 62.126290917999995,
  "gpu_name": "NVIDIA A100 80GB PCIe",
  "date_utc": "2026-05-17T13:39:17Z",
  "_nvml": {
    "nvml_available": true,
    "energy_counter_supported": true,
    "monotonic": true,
    "idle_watts": 54.00489999999999,
    "stress_watts_avg": 230.5502201420964,
    "stress_energy_joules": 8660.715,
    "stress_duration_s": 37.56541631,
    "gpu_name": "NVIDIA A100 80GB PCIe",
    "notes": []
  },
  "seed": 0,
  "contributor": "@survey-es"
}
