# wikitext submit.py log — P2-C_width_1024 — 2026-05-17T18:27:04+00:00Z
[modal] launching A100-80GB ...
✓ Initialized. View run at 
https://modal.com/apps/ab-10/main/ap-evAlfBVRCBAonkBKY1BIGO
✓ Created objects.
├── 🔨 Created mount /home/seneca/wikitext/submit.py
├── 🔨 Created mount /home/seneca/wikitext/task.py
├── 🔨 Created mount /home/seneca/wikitext/verify_nvml.py
├── 🔨 Created mount /home/seneca/wikitext/run_eval.py
├── 🔨 Created mount /home/seneca/wikitext/wikitext.py
└── 🔨 Created function run_submission.
[modal] verifying NVML energy counter ...
GPU: NVIDIA A100-SXM4-80GB
sampling idle power for 3s ...
  idle: 62.8 W
running 30s stress workload ...
/usr/local/lib/python3.11/site-packages/torch/_subclasses/functional_tensor.py:295: UserWarning: Failed to initialize NumPy: No module named 'numpy' (Triggered internally at ../torch/csrc/utils/tensor_numpy.cpp:84.)
  cpu = _conversion_method_template(device=torch.device("cpu"))
  duration:       37.6 s
  energy delta:   12,662.7 J
  avg power:      336.5 W
  monotonic:      True
---
{"nvml_available": true, "energy_counter_supported": true, "monotonic": true, "idle_watts": 62.83520000000005, "stress_watts_avg": 336.47929273065233, "stress_energy_joules": 12662.71, "stress_duration_s": 37.632954757, "gpu_name": "NVIDIA A100-SXM4-80GB", "notes": []}
[modal] running submission (TEST_CHARS=60000 MAX_TRAIN_SECONDS=300.0 ACC_MIN=0.7) ...
loading WikiText-103 from /data ...
  train chars: 540,095,682
  val   chars: 60,000  (scored, gated by --acc-min)
train wall-clock cap: 300 s
val accuracy floor : 0.7000
/usr/local/lib/python3.11/site-packages/torch/_subclasses/functional_tensor.py:295: UserWarning: Failed to initialize NumPy: No module named 'numpy' (Triggered internally at ../torch/csrc/utils/tensor_numpy.cpp:84.)
  cpu = _conversion_method_template(device=torch.device("cpu"))
training submission /workspace/P2-C_width_1024.py ...
[p2c] SEED=0
[p2c] 10.75M params  layers=5 width=1024 K=24 theta=2.0 bs=256 steps=5000
[p2c] step     0/5000  loss(sum) 8.5297  G_pos 0.171  G_neg 0.171  elapsed 1s
[p2c] step   250  hard-neg ridge refit (20000 samples, 0.51s)
[p2c] step   500  hard-neg ridge refit (20000 samples, 0.10s)
[p2c] step   500/5000  loss(sum) 5.5783  G_pos 1.998  G_neg 1.890  elapsed 5s
[p2c] step   750  hard-neg ridge refit (20000 samples, 0.10s)
[p2c] step  1000  hard-neg ridge refit (20000 samples, 0.10s)
[p2c] step  1000/5000  loss(sum) 5.3187  G_pos 2.214  G_neg 1.938  elapsed 10s
[p2c] step  1250  hard-neg ridge refit (20000 samples, 0.10s)
[p2c] step  1500  hard-neg ridge refit (20000 samples, 0.10s)
[p2c] step  1500/5000  loss(sum) 5.3234  G_pos 2.173  G_neg 1.891  elapsed 14s
[p2c] step  1750  hard-neg ridge refit (20000 samples, 0.10s)
[p2c] step  2000  hard-neg ridge refit (20000 samples, 0.10s)
[p2c] step  2000/5000  loss(sum) 5.2790  G_pos 2.163  G_neg 1.881  elapsed 17s
[p2c] step  2250  hard-neg ridge refit (20000 samples, 0.10s)
[p2c] step  2500  hard-neg ridge refit (20000 samples, 0.10s)
[p2c] step  2500/5000  loss(sum) 5.1166  G_pos 2.246  G_neg 1.836  elapsed 21s
[p2c] step  2750  hard-neg ridge refit (20000 samples, 0.10s)
[p2c] step  3000  hard-neg ridge refit (20000 samples, 0.10s)
[p2c] step  3000/5000  loss(sum) 4.9118  G_pos 2.547  G_neg 1.854  elapsed 25s
[p2c] step  3250  hard-neg ridge refit (20000 samples, 0.10s)
[p2c] step  3500  hard-neg ridge refit (20000 samples, 0.10s)
[p2c] step  3500/5000  loss(sum) 5.2885  G_pos 2.243  G_neg 1.902  elapsed 29s
[p2c] step  3750  hard-neg ridge refit (20000 samples, 0.10s)
[p2c] step  4000  hard-neg ridge refit (20000 samples, 0.10s)
[p2c] step  4000/5000  loss(sum) 4.9865  G_pos 2.400  G_neg 1.857  elapsed 32s
[p2c] step  4250  hard-neg ridge refit (20000 samples, 0.10s)
[p2c] step  4500  hard-neg ridge refit (20000 samples, 0.10s)
[p2c] step  4500/5000  loss(sum) 5.1342  G_pos 2.248  G_neg 1.860  elapsed 36s
[p2c] step  4750  hard-neg ridge refit (20000 samples, 0.10s)
[p2c] step  4999/5000  loss(sum) 4.9414  G_pos 2.317  G_neg 1.764  elapsed 40s
[ridge] N_fit=80000 D=4096 lam=1.0 fit_s=0.3
[ridge] train_subset_acc=0.3500  (n=20000)
training: 3,786.6 J   duration=43.9s
evaluating on val split ...
  eval      1,200/60,000 (  2.0%)  acc=0.3067      954 char/s  eta=    62s
  eval      2,400/60,000 (  4.0%)  acc=0.3287      981 char/s  eta=    59s
  eval      3,600/60,000 (  6.0%)  acc=0.3353      989 char/s  eta=    57s
  eval      4,800/60,000 (  8.0%)  acc=0.3423      995 char/s  eta=    55s
  eval      6,000/60,000 ( 10.0%)  acc=0.3377      993 char/s  eta=    54s
  eval      7,200/60,000 ( 12.0%)  acc=0.3390      995 char/s  eta=    53s
  eval      8,400/60,000 ( 14.0%)  acc=0.3373      995 char/s  eta=    52s
  eval      9,600/60,000 ( 16.0%)  acc=0.3373      996 char/s  eta=    51s
  eval     10,800/60,000 ( 18.0%)  acc=0.3362      997 char/s  eta=    49s
  eval     12,000/60,000 ( 20.0%)  acc=0.3342      997 char/s  eta=    48s
  eval     13,200/60,000 ( 22.0%)  acc=0.3330      995 char/s  eta=    47s
  eval     14,400/60,000 ( 24.0%)  acc=0.3318      997 char/s  eta=    46s
  eval     15,600/60,000 ( 26.0%)  acc=0.3303      998 char/s  eta=    44s
  eval     16,800/60,000 ( 28.0%)  acc=0.3289      999 char/s  eta=    43s
  eval     18,000/60,000 ( 30.0%)  acc=0.3268     1000 char/s  eta=    42s
  eval     19,200/60,000 ( 32.0%)  acc=0.3271     1001 char/s  eta=    41s
  eval     20,400/60,000 ( 34.0%)  acc=0.3276     1001 char/s  eta=    40s
  eval     21,600/60,000 ( 36.0%)  acc=0.3260     1002 char/s  eta=    38s
  eval     22,800/60,000 ( 38.0%)  acc=0.3258     1002 char/s  eta=    37s
  eval     24,000/60,000 ( 40.0%)  acc=0.3267     1003 char/s  eta=    36s
  eval     25,200/60,000 ( 42.0%)  acc=0.3270     1003 char/s  eta=    35s
  eval     26,400/60,000 ( 44.0%)  acc=0.3289     1004 char/s  eta=    33s
  eval     27,600/60,000 ( 46.0%)  acc=0.3295     1004 char/s  eta=    32s
  eval     28,800/60,000 ( 48.0%)  acc=0.3293     1004 char/s  eta=    31s
  eval     30,000/60,000 ( 50.0%)  acc=0.3290     1004 char/s  eta=    30s
  eval     31,200/60,000 ( 52.0%)  acc=0.3277     1002 char/s  eta=    29s
  eval     32,400/60,000 ( 54.0%)  acc=0.3273     1002 char/s  eta=    28s
  eval     33,600/60,000 ( 56.0%)  acc=0.3273     1002 char/s  eta=    26s
  eval     34,800/60,000 ( 58.0%)  acc=0.3266     1003 char/s  eta=    25s
  eval     36,000/60,000 ( 60.0%)  acc=0.3272     1003 char/s  eta=    24s
  eval     37,200/60,000 ( 62.0%)  acc=0.3280     1003 char/s  eta=    23s
  eval     38,400/60,000 ( 64.0%)  acc=0.3283     1004 char/s  eta=    22s
  eval     39,600/60,000 ( 66.0%)  acc=0.3286     1004 char/s  eta=    20s
  eval     40,800/60,000 ( 68.0%)  acc=0.3286     1004 char/s  eta=    19s
  eval     42,000/60,000 ( 70.0%)  acc=0.3298     1004 char/s  eta=    18s
  eval     43,200/60,000 ( 72.0%)  acc=0.3305     1004 char/s  eta=    17s
  eval     44,400/60,000 ( 74.0%)  acc=0.3316     1004 char/s  eta=    16s
  eval     45,600/60,000 ( 76.0%)  acc=0.3316     1004 char/s  eta=    14s
  eval     46,800/60,000 ( 78.0%)  acc=0.3321     1004 char/s  eta=    13s
  eval     48,000/60,000 ( 80.0%)  acc=0.3325     1004 char/s  eta=    12s
  eval     49,200/60,000 ( 82.0%)  acc=0.3323     1004 char/s  eta=    11s
  eval     50,400/60,000 ( 84.0%)  acc=0.3333     1004 char/s  eta=    10s
  eval     51,600/60,000 ( 86.0%)  acc=0.3331     1005 char/s  eta=     8s
  eval     52,800/60,000 ( 88.0%)  acc=0.3324     1005 char/s  eta=     7s
  eval     54,000/60,000 ( 90.0%)  acc=0.3324     1005 char/s  eta=     6s
  eval     55,200/60,000 ( 92.0%)  acc=0.3322     1005 char/s  eta=     5s
  eval     56,400/60,000 ( 94.0%)  acc=0.3323     1005 char/s  eta=     4s
  eval     57,600/60,000 ( 96.0%)  acc=0.3327     1006 char/s  eta=     2s
  eval     58,800/60,000 ( 98.0%)  acc=0.3336     1006 char/s  eta=     1s
  eval     60,000/60,000 (100.0%)  acc=0.3342     1005 char/s  eta=     0s
chars=60,000  acc=0.3342  eval_duration=59.7s
---
DISQUALIFIED: val accuracy 0.3342 below floor 0.7000
submission         : P2-C_width_1024
training energy (J): 3,786.6
training duration  : 43.9s
wrote /tmp/result.json
Stopping app - local entrypoint completed.
✓ App completed. View run at 
https://modal.com/apps/ab-10/main/ap-evAlfBVRCBAonkBKY1BIGO
